{"numTotalTestSuites":267,"numPassedTestSuites":267,"numFailedTestSuites":0,"numPendingTestSuites":0,"numTotalTests":958,"numPassedTests":958,"numFailedTests":0,"numPendingTests":0,"numTodoTests":0,"snapshot":{"added":0,"failure":false,"filesAdded":0,"filesRemoved":0,"filesRemovedList":[],"filesUnmatched":0,"filesUpdated":0,"matched":5,"total":5,"unchecked":0,"uncheckedKeysByFile":[],"unmatched":0,"updated":0,"didUpdate":false},"startTime":1784972064667,"success":true,"testResults":[{"assertionResults":[{"ancestorTitles":["credit lines route"],"fullName":"credit lines route renders the Credit Lines page and marks the nav link active","status":"passed","title":"renders the Credit Lines page and marks the nav link active","duration":4050.2615000000005,"failureMessages":[],"meta":{}},{"ancestorTitles":["credit lines route"],"fullName":"credit lines route still renders NotFound for unknown routes","status":"passed","title":"still renders NotFound for unknown routes","duration":305.28030000000035,"failureMessages":[],"meta":{}}],"startTime":1784972299063,"endTime":1784972303419.2803,"status":"passed","message":"","name":"C:/Users/HP-USER/Creditra-Frontend/src/App.credit-lines-route.test.tsx"},{"assertionResults":[{"ancestorTitles":["App Navigation Header"],"fullName":"App Navigation Header renders header with navigation links","status":"passed","title":"renders header with navigation links","duration":1184.3026000000027,"failureMessages":[],"meta":{}},{"ancestorTitles":["App Navigation Header"],"fullName":"App Navigation Header renders all four navigation links with correct text","status":"passed","title":"renders all four navigation links with correct text","duration":2395.936600000001,"failureMessages":[],"meta":{}},{"ancestorTitles":["App Navigation Header"],"fullName":"App Navigation Header applies header-nav-link class to all navigation links","status":"passed","title":"applies header-nav-link class to all navigation links","duration":1380.4894000000022,"failureMessages":[],"meta":{}},{"ancestorTitles":["App Navigation Header"],"fullName":"App Navigation Header renders navigation links with proper href attributes","status":"passed","title":"renders navigation links with proper href attributes","duration":1880.5156000000025,"failureMessages":[],"meta":{}},{"ancestorTitles":["App Navigation Header"],"fullName":"App Navigation Header renders logo link with correct href","status":"passed","title":"renders logo link with correct href","duration":309.97839999999997,"failureMessages":[],"meta":{}},{"ancestorTitles":["App Navigation Header"],"fullName":"App Navigation Header renders WalletButton in the header","status":"passed","title":"renders WalletButton in the header","duration":208.25600000000122,"failureMessages":[],"meta":{}},{"ancestorTitles":["App Navigation Header"],"fullName":"App Navigation Header renders network status indicator in the header","status":"passed","title":"renders network status indicator in the header","duration":263.32760000000053,"failureMessages":[],"meta":{}},{"ancestorTitles":["App Navigation Header"],"fullName":"App Navigation Header renders the Settings shortcut help trigger","status":"passed","title":"renders the Settings shortcut help trigger","duration":753.5326999999997,"failureMessages":[],"meta":{}},{"ancestorTitles":["App Navigation Header"],"fullName":"App Navigation Header has proper semantic structure with header and main elements","status":"passed","title":"has proper semantic structure with header and main elements","duration":262.52280000000246,"failureMessages":[],"meta":{}},{"ancestorTitles":["App Navigation Active State (requires integration test)"],"fullName":"App Navigation Active State (requires integration test) should have aria-current attribute support implemented","status":"passed","title":"should have aria-current attribute support implemented","duration":1247.700799999995,"failureMessages":[],"meta":{}},{"ancestorTitles":["App Styling and Accessibility"],"fullName":"App Styling and Accessibility renders with proper accessibility attributes","status":"passed","title":"renders with proper accessibility attributes","duration":327.3237000000008,"failureMessages":[],"meta":{}},{"ancestorTitles":["App Styling and Accessibility"],"fullName":"App Styling and Accessibility applies correct CSS classes for navigation styling","status":"passed","title":"applies correct CSS classes for navigation styling","duration":1257.2733999999982,"failureMessages":[],"meta":{}},{"ancestorTitles":["App Styling and Accessibility"],"fullName":"App Styling and Accessibility renders with error boundary wrapper","status":"passed","title":"renders with error boundary wrapper","duration":170.26410000000033,"failureMessages":[],"meta":{}},{"ancestorTitles":["App Styling and Accessibility"],"fullName":"App Styling and Accessibility renders with wallet provider context","status":"passed","title":"renders with wallet provider context","duration":194.73240000000078,"failureMessages":[],"meta":{}},{"ancestorTitles":["App Styling and Accessibility"],"fullName":"App Styling and Accessibility opens shortcut help when ? is pressed outside inputs","status":"passed","title":"opens shortcut help when ? is pressed outside inputs","duration":358.43990000000485,"failureMessages":[],"meta":{}},{"ancestorTitles":["App Styling and Accessibility"],"fullName":"App Styling and Accessibility ignores ? when focus is inside an input","status":"passed","title":"ignores ? when focus is inside an input","duration":110.10559999999532,"failureMessages":[],"meta":{}}],"startTime":1784972184243,"endTime":1784972196549.1057,"status":"passed","message":"","name":"C:/Users/HP-USER/Creditra-Frontend/src/App.test.tsx"},{"assertionResults":[{"ancestorTitles":["AccessibleTooltip"],"fullName":"AccessibleTooltip connects the focusable help trigger to tooltip content","status":"passed","title":"connects the focusable help trigger to tooltip content","duration":610.6887999999999,"failureMessages":[],"meta":{}},{"ancestorTitles":["AccessibleTooltip"],"fullName":"AccessibleTooltip supports inline child content and exposes the gloss via aria-describedby","status":"passed","title":"supports inline child content and exposes the gloss via aria-describedby","duration":261.6694000000007,"failureMessages":[],"meta":{}},{"ancestorTitles":["AccessibleTooltip"],"fullName":"AccessibleTooltip keeps the glossary copy aligned with docs/MICROCOPY.md","status":"passed","title":"keeps the glossary copy aligned with docs/MICROCOPY.md","duration":6.360199999999168,"failureMessages":[],"meta":{}}],"startTime":1784972599029,"endTime":1784972599908.36,"status":"passed","message":"","name":"C:/Users/HP-USER/Creditra-Frontend/src/components/AccessibleTooltip.test.tsx"},{"assertionResults":[{"ancestorTitles":["calcMaxAffordable"],"fullName":"calcMaxAffordable applies the 36 % debt ratio","status":"passed","title":"applies the 36 % debt ratio","duration":4.988599999998769,"failureMessages":[],"meta":{}},{"ancestorTitles":["calcMaxAffordable"],"fullName":"calcMaxAffordable subtracts existing obligations","status":"passed","title":"subtracts existing obligations","duration":0.921200000000681,"failureMessages":[],"meta":{}},{"ancestorTitles":["calcMaxAffordable"],"fullName":"calcMaxAffordable clamps to 0 when obligations exceed the cap","status":"passed","title":"clamps to 0 when obligations exceed the cap","duration":1.1554999999989377,"failureMessages":[],"meta":{}},{"ancestorTitles":["calcMaxAffordable"],"fullName":"calcMaxAffordable returns 0 for zero income","status":"passed","title":"returns 0 for zero income","duration":0.710399999999936,"failureMessages":[],"meta":{}},{"ancestorTitles":["AffordabilityCalc component"],"fullName":"AffordabilityCalc component renders income and obligations inputs","status":"passed","title":"renders income and obligations inputs","duration":228.41939999999886,"failureMessages":[],"meta":{}},{"ancestorTitles":["AffordabilityCalc component"],"fullName":"AffordabilityCalc component does not show a result before income is entered","status":"passed","title":"does not show a result before income is entered","duration":35.946500000000015,"failureMessages":[],"meta":{}},{"ancestorTitles":["AffordabilityCalc component"],"fullName":"AffordabilityCalc component shows the result after income is entered","status":"passed","title":"shows the result after income is entered","duration":675.7364999999991,"failureMessages":[],"meta":{}},{"ancestorTitles":["AffordabilityCalc component"],"fullName":"AffordabilityCalc component computes the correct max affordable amount","status":"passed","title":"computes the correct max affordable amount","duration":201.67839999999887,"failureMessages":[],"meta":{}},{"ancestorTitles":["AffordabilityCalc component"],"fullName":"AffordabilityCalc component shows 0 when obligations exceed the DTI cap","status":"passed","title":"shows 0 when obligations exceed the DTI cap","duration":172.64390000000094,"failureMessages":[],"meta":{}},{"ancestorTitles":["AffordabilityCalc component"],"fullName":"AffordabilityCalc component renders \"Use this amount\" button when onApply is provided","status":"passed","title":"renders \"Use this amount\" button when onApply is provided","duration":232.21810000000005,"failureMessages":[],"meta":{}},{"ancestorTitles":["AffordabilityCalc component"],"fullName":"AffordabilityCalc component does not render \"Use this amount\" button without onApply","status":"passed","title":"does not render \"Use this amount\" button without onApply","duration":83.96420000000035,"failureMessages":[],"meta":{}},{"ancestorTitles":["AffordabilityCalc component"],"fullName":"AffordabilityCalc component calls onApply with the computed max when the button is clicked","status":"passed","title":"calls onApply with the computed max when the button is clicked","duration":201.29349999999977,"failureMessages":[],"meta":{}},{"ancestorTitles":["AffordabilityCalc component"],"fullName":"AffordabilityCalc component has a visible focus ring class on inputs","status":"passed","title":"has a visible focus ring class on inputs","duration":33.50829999999951,"failureMessages":[],"meta":{}},{"ancestorTitles":["AffordabilityCalc component"],"fullName":"AffordabilityCalc component has the tooltip trigger in the document","status":"passed","title":"has the tooltip trigger in the document","duration":131.8666000000012,"failureMessages":[],"meta":{}}],"startTime":1784972461345,"endTime":1784972463351.8667,"status":"passed","message":"","name":"C:/Users/HP-USER/Creditra-Frontend/src/components/AffordabilityCalc.test.tsx"},{"assertionResults":[{"ancestorTitles":["AmountInput"],"fullName":"AmountInput connects inline validation messaging to the input with aria-describedby including helper text","status":"passed","title":"connects inline validation messaging to the input with aria-describedby including helper text","duration":414.8339999999989,"failureMessages":[],"meta":{}},{"ancestorTitles":["AmountInput"],"fullName":"AmountInput adds error message ID to aria-describedby when amount exceeds availability","status":"passed","title":"adds error message ID to aria-describedby when amount exceeds availability","duration":142.67669999999998,"failureMessages":[],"meta":{}},{"ancestorTitles":["AmountInput"],"fullName":"AmountInput shows an inline error and keeps continue disabled when the amount exceeds availability","status":"passed","title":"shows an inline error and keeps continue disabled when the amount exceeds availability","duration":1342.6357000000007,"failureMessages":[],"meta":{}},{"ancestorTitles":["AmountInput"],"fullName":"AmountInput displays validation error with danger type when amount is below minimum","status":"passed","title":"displays validation error with danger type when amount is below minimum","duration":644.3397999999979,"failureMessages":[],"meta":{}},{"ancestorTitles":["AmountInput"],"fullName":"AmountInput renders Max button with accessible label","status":"passed","title":"renders Max button with accessible label","duration":543.5627000000022,"failureMessages":[],"meta":{}},{"ancestorTitles":["AmountInput"],"fullName":"AmountInput sets amount to maximum available when Max button is clicked","status":"passed","title":"sets amount to maximum available when Max button is clicked","duration":702.7068999999974,"failureMessages":[],"meta":{}},{"ancestorTitles":["AmountInput"],"fullName":"AmountInput shows success message when valid amount is entered","status":"passed","title":"shows success message when valid amount is entered","duration":500.02920000000086,"failureMessages":[],"meta":{}},{"ancestorTitles":["AmountInput"],"fullName":"AmountInput enables continue button only when amount is valid","status":"passed","title":"enables continue button only when amount is valid","duration":418.3788999999997,"failureMessages":[],"meta":{}},{"ancestorTitles":["AmountInput"],"fullName":"AmountInput sanitizes pasted currency strings (strips $, commas, whitespace)","status":"passed","title":"sanitizes pasted currency strings (strips $, commas, whitespace)","duration":122.5606000000007,"failureMessages":[],"meta":{}},{"ancestorTitles":["AmountInput"],"fullName":"AmountInput rejects non-numeric pasted text and announces the error","status":"passed","title":"rejects non-numeric pasted text and announces the error","duration":131.91699999999764,"failureMessages":[],"meta":{}},{"ancestorTitles":["AmountInput"],"fullName":"AmountInput renders decrease stepper button with accessible label","status":"passed","title":"renders decrease stepper button with accessible label","duration":353.2563999999984,"failureMessages":[],"meta":{}},{"ancestorTitles":["AmountInput"],"fullName":"AmountInput renders increase stepper button with accessible label","status":"passed","title":"renders increase stepper button with accessible label","duration":341.0913999999975,"failureMessages":[],"meta":{}},{"ancestorTitles":["AmountInput"],"fullName":"AmountInput increments amount by step when increase button is clicked","status":"passed","title":"increments amount by step when increase button is clicked","duration":410.6554999999971,"failureMessages":[],"meta":{}},{"ancestorTitles":["AmountInput"],"fullName":"AmountInput decrements amount by step when decrease button is clicked","status":"passed","title":"decrements amount by step when decrease button is clicked","duration":365.16949999999997,"failureMessages":[],"meta":{}},{"ancestorTitles":["AmountInput"],"fullName":"AmountInput disables decrease button when amount is 0","status":"passed","title":"disables decrease button when amount is 0","duration":307.829099999999,"failureMessages":[],"meta":{}},{"ancestorTitles":["AmountInput"],"fullName":"AmountInput disables increase button when amount equals available credit","status":"passed","title":"disables increase button when amount equals available credit","duration":447.8150999999998,"failureMessages":[],"meta":{}},{"ancestorTitles":["AmountInput"],"fullName":"AmountInput does not increment amount beyond available credit","status":"passed","title":"does not increment amount beyond available credit","duration":465.39760000000024,"failureMessages":[],"meta":{}},{"ancestorTitles":["AmountInput"],"fullName":"AmountInput does not decrement amount below 0","status":"passed","title":"does not decrement amount below 0","duration":470.90999999999985,"failureMessages":[],"meta":{}},{"ancestorTitles":["AmountInput"],"fullName":"AmountInput responds to ArrowUp key to increment amount","status":"passed","title":"responds to ArrowUp key to increment amount","duration":64.94120000000112,"failureMessages":[],"meta":{}},{"ancestorTitles":["AmountInput"],"fullName":"AmountInput responds to ArrowDown key to decrement amount","status":"passed","title":"responds to ArrowDown key to decrement amount","duration":54.6849000000002,"failureMessages":[],"meta":{}},{"ancestorTitles":["AmountInput"],"fullName":"AmountInput sets input step attribute","status":"passed","title":"sets input step attribute","duration":44.8221999999987,"failureMessages":[],"meta":{}},{"ancestorTitles":["AmountInput"],"fullName":"AmountInput sets input to invalid state with proper styling when error occurs","status":"passed","title":"sets input to invalid state with proper styling when error occurs","duration":46.10540000000037,"failureMessages":[],"meta":{}}],"startTime":1784972166954,"endTime":1784972175291.1055,"status":"passed","message":"","name":"C:/Users/HP-USER/Creditra-Frontend/src/components/AmountInput.test.tsx"},{"assertionResults":[{"ancestorTitles":["AprBreakdown"],"fullName":"AprBreakdown renders the APR on the trigger button","status":"passed","title":"renders the APR on the trigger button","duration":1015.2927999999993,"failureMessages":[],"meta":{}},{"ancestorTitles":["AprBreakdown"],"fullName":"AprBreakdown trigger has aria-expanded=false when closed","status":"passed","title":"trigger has aria-expanded=false when closed","duration":296.7530999999999,"failureMessages":[],"meta":{}},{"ancestorTitles":["AprBreakdown"],"fullName":"AprBreakdown panel is not in the DOM when closed","status":"passed","title":"panel is not in the DOM when closed","duration":46.35280000000057,"failureMessages":[],"meta":{}},{"ancestorTitles":["AprBreakdown"],"fullName":"AprBreakdown opens panel on trigger click","status":"passed","title":"opens panel on trigger click","duration":764.8374999999996,"failureMessages":[],"meta":{}},{"ancestorTitles":["AprBreakdown"],"fullName":"AprBreakdown closes panel when close button is clicked","status":"passed","title":"closes panel when close button is clicked","duration":501.7568999999985,"failureMessages":[],"meta":{}},{"ancestorTitles":["AprBreakdown"],"fullName":"AprBreakdown closes panel on Escape key","status":"passed","title":"closes panel on Escape key","duration":162.70609999999942,"failureMessages":[],"meta":{}},{"ancestorTitles":["AprBreakdown"],"fullName":"AprBreakdown toggles closed when trigger is clicked again","status":"passed","title":"toggles closed when trigger is clicked again","duration":246.8770999999997,"failureMessages":[],"meta":{}},{"ancestorTitles":["AprBreakdown"],"fullName":"AprBreakdown shows all breakdown rows when panel is open","status":"passed","title":"shows all breakdown rows when panel is open","duration":202.58050000000003,"failureMessages":[],"meta":{}},{"ancestorTitles":["AprBreakdown"],"fullName":"AprBreakdown shows origination fee row when fee > 0","status":"passed","title":"shows origination fee row when fee > 0","duration":312.59790000000066,"failureMessages":[],"meta":{}},{"ancestorTitles":["AprBreakdown"],"fullName":"AprBreakdown omits origination fee row when fee is 0","status":"passed","title":"omits origination fee row when fee is 0","duration":165.4360000000015,"failureMessages":[],"meta":{}},{"ancestorTitles":["AprBreakdown"],"fullName":"AprBreakdown total APR row shows the passed apr value","status":"passed","title":"total APR row shows the passed apr value","duration":141.94920000000093,"failureMessages":[],"meta":{}},{"ancestorTitles":["AprBreakdown"],"fullName":"AprBreakdown derives risk premium from apr - baseRate when riskPremium is omitted","status":"passed","title":"derives risk premium from apr - baseRate when riskPremium is omitted","duration":342.1761000000006,"failureMessages":[],"meta":{}},{"ancestorTitles":["AprBreakdown"],"fullName":"AprBreakdown panel has role=\"dialog\" with accessible label","status":"passed","title":"panel has role=\"dialog\" with accessible label","duration":269.84919999999875,"failureMessages":[],"meta":{}},{"ancestorTitles":["AprBreakdown"],"fullName":"AprBreakdown close button has an accessible label","status":"passed","title":"close button has an accessible label","duration":347.554900000001,"failureMessages":[],"meta":{}},{"ancestorTitles":["AprBreakdown"],"fullName":"AprBreakdown footnote is present","status":"passed","title":"footnote is present","duration":154.97119999999995,"failureMessages":[],"meta":{}}],"startTime":1784972338136,"endTime":1784972343108.9712,"status":"passed","message":"","name":"C:/Users/HP-USER/Creditra-Frontend/src/components/AprBreakdown.test.tsx"},{"assertionResults":[{"ancestorTitles":["ConfirmationStep"],"fullName":"ConfirmationStep toggles the Why this APR drawer with aria-expanded and shows current pricing drivers","status":"passed","title":"toggles the Why this APR drawer with aria-expanded and shows current pricing drivers","duration":1755.3132999999998,"failureMessages":[],"meta":{}}],"startTime":1784972482064,"endTime":1784972483819.3132,"status":"passed","message":"","name":"C:/Users/HP-USER/Creditra-Frontend/src/components/ConfirmationStep.test.tsx"},{"assertionResults":[{"ancestorTitles":["CopyToClipboard"],"fullName":"CopyToClipboard copies the supplied value and shows temporary feedback","status":"passed","title":"copies the supplied value and shows temporary feedback","duration":774.1854999999996,"failureMessages":[],"meta":{}}],"startTime":1784972617271,"endTime":1784972618045.1855,"status":"passed","message":"","name":"C:/Users/HP-USER/Creditra-Frontend/src/components/CopyToClipboard.test.tsx"},{"assertionResults":[{"ancestorTitles":["DrawSummaryBar","visibility"],"fullName":"DrawSummaryBar visibility renders nothing when no credit line is selected","status":"passed","title":"renders nothing when no credit line is selected","duration":56.43499999999949,"failureMessages":[],"meta":{}},{"ancestorTitles":["DrawSummaryBar","visibility"],"fullName":"DrawSummaryBar visibility renders nothing on the `select` step even with a line","status":"passed","title":"renders nothing on the `select` step even with a line","duration":5.483899999999267,"failureMessages":[],"meta":{}},{"ancestorTitles":["DrawSummaryBar","visibility"],"fullName":"DrawSummaryBar visibility renders nothing on the `confirm` step (avoids double sticky bars over ConfirmationStep)","status":"passed","title":"renders nothing on the `confirm` step (avoids double sticky bars over ConfirmationStep)","duration":14.800000000001091,"failureMessages":[],"meta":{}},{"ancestorTitles":["DrawSummaryBar","visibility"],"fullName":"DrawSummaryBar visibility renders nothing on the terminal `status` step","status":"passed","title":"renders nothing on the terminal `status` step","duration":9.17200000000048,"failureMessages":[],"meta":{}},{"ancestorTitles":["DrawSummaryBar","visibility"],"fullName":"DrawSummaryBar visibility shows the bar on the `amount` step once a line is selected","status":"passed","title":"shows the bar on the `amount` step once a line is selected","duration":144.09469999999965,"failureMessages":[],"meta":{}},{"ancestorTitles":["DrawSummaryBar","visibility"],"fullName":"DrawSummaryBar visibility does not crash when visibility toggles across renders (rules of hooks)","status":"passed","title":"does not crash when visibility toggles across renders (rules of hooks)","duration":32.357600000001185,"failureMessages":[],"meta":{}},{"ancestorTitles":["DrawSummaryBar","rendered figures"],"fullName":"DrawSummaryBar rendered figures shows formatted amount, APR (rounded), and total cost (amount + fee)","status":"passed","title":"shows formatted amount, APR (rounded), and total cost (amount + fee)","duration":74.86759999999958,"failureMessages":[],"meta":{}},{"ancestorTitles":["DrawSummaryBar","rendered figures"],"fullName":"DrawSummaryBar rendered figures renders $0.00 totals and 0% APR gracefully when amount is zero","status":"passed","title":"renders $0.00 totals and 0% APR gracefully when amount is zero","duration":22.03610000000117,"failureMessages":[],"meta":{}},{"ancestorTitles":["DrawSummaryBar","rendered figures"],"fullName":"DrawSummaryBar rendered figures clamps a negative amount prop to $0 instead of producing negative numbers","status":"passed","title":"clamps a negative amount prop to $0 instead of producing negative numbers","duration":30.044400000000678,"failureMessages":[],"meta":{}},{"ancestorTitles":["DrawSummaryBar","accessibility (WCAG 2.1 AA)"],"fullName":"DrawSummaryBar accessibility (WCAG 2.1 AA) exposes a labelled region landmark","status":"passed","title":"exposes a labelled region landmark","duration":472.6774000000005,"failureMessages":[],"meta":{}},{"ancestorTitles":["DrawSummaryBar","accessibility (WCAG 2.1 AA)"],"fullName":"DrawSummaryBar accessibility (WCAG 2.1 AA) uses definition-list semantics with labelled terms for SR navigation","status":"passed","title":"uses definition-list semantics with labelled terms for SR navigation","duration":491.52299999999923,"failureMessages":[],"meta":{}},{"ancestorTitles":["DrawSummaryBar","accessibility (WCAG 2.1 AA)"],"fullName":"DrawSummaryBar accessibility (WCAG 2.1 AA) renders the live region with role=status, aria-live=polite, and atomic updates","status":"passed","title":"renders the live region with role=status, aria-live=polite, and atomic updates","duration":17.850400000001173,"failureMessages":[],"meta":{}},{"ancestorTitles":["DrawSummaryBar","debounced live-region announcement"],"fullName":"DrawSummaryBar debounced live-region announcement does not update the live region text until 400 ms after a settled amount","status":"passed","title":"does not update the live region text until 400 ms after a settled amount","duration":23.555200000000696,"failureMessages":[],"meta":{}},{"ancestorTitles":["DrawSummaryBar","debounced live-region announcement"],"fullName":"DrawSummaryBar debounced live-region announcement coalesces rapid amount edits into one final announcement","status":"passed","title":"coalesces rapid amount edits into one final announcement","duration":53.28180000000066,"failureMessages":[],"meta":{}},{"ancestorTitles":["DrawSummaryBar","responsive / structural"],"fullName":"DrawSummaryBar responsive / structural sets a fixed-position region anchored to the viewport","status":"passed","title":"sets a fixed-position region anchored to the viewport","duration":99.07360000000153,"failureMessages":[],"meta":{}},{"ancestorTitles":["DrawSummaryBar","responsive / structural"],"fullName":"DrawSummaryBar responsive / structural tags the bar with the visible wizard step for styling hooks","status":"passed","title":"tags the bar with the visible wizard step for styling hooks","duration":13.329400000000533,"failureMessages":[],"meta":{}}],"startTime":1784972495387,"endTime":1784972496951.3293,"status":"passed","message":"","name":"C:/Users/HP-USER/Creditra-Frontend/src/components/DrawSummaryBar.test.tsx"},{"assertionResults":[{"ancestorTitles":["ErrorBoundary"],"fullName":"ErrorBoundary renders children when no error","status":"passed","title":"renders children when no error","duration":121.7492000000002,"failureMessages":[],"meta":{}},{"ancestorTitles":["ErrorBoundary"],"fullName":"ErrorBoundary renders error page when error occurs","status":"passed","title":"renders error page when error occurs","duration":224.15810000000056,"failureMessages":[],"meta":{}},{"ancestorTitles":["ErrorBoundary"],"fullName":"ErrorBoundary has recovery actions","status":"passed","title":"has recovery actions","duration":953.9582999999984,"failureMessages":[],"meta":{}}],"startTime":1784972547481,"endTime":1784972548781.9583,"status":"passed","message":"","name":"C:/Users/HP-USER/Creditra-Frontend/src/components/ErrorBoundary.test.tsx"},{"assertionResults":[{"ancestorTitles":["HighContrastToggle"],"fullName":"HighContrastToggle renders a switch button","status":"passed","title":"renders a switch button","duration":994.4722999999994,"failureMessages":[],"meta":{}},{"ancestorTitles":["HighContrastToggle"],"fullName":"HighContrastToggle aria-checked is false when mode is normal","status":"passed","title":"aria-checked is false when mode is normal","duration":244.97699999999895,"failureMessages":[],"meta":{}},{"ancestorTitles":["HighContrastToggle"],"fullName":"HighContrastToggle aria-checked is true when mode is high","status":"passed","title":"aria-checked is true when mode is high","duration":222.51879999999983,"failureMessages":[],"meta":{}},{"ancestorTitles":["HighContrastToggle"],"fullName":"HighContrastToggle clicking the switch toggles the mode from normal to high","status":"passed","title":"clicking the switch toggles the mode from normal to high","duration":449.0683000000008,"failureMessages":[],"meta":{}},{"ancestorTitles":["HighContrastToggle"],"fullName":"HighContrastToggle passes axe audit in normal-contrast mode","status":"passed","title":"passes axe audit in normal-contrast mode","duration":529.5505000000012,"failureMessages":[],"meta":{}},{"ancestorTitles":["HighContrastToggle"],"fullName":"HighContrastToggle passes axe audit in high-contrast mode","status":"passed","title":"passes axe audit in high-contrast mode","duration":311.0637000000006,"failureMessages":[],"meta":{}},{"ancestorTitles":["HighContrastToggle"],"fullName":"HighContrastToggle renders compact variant without label group","status":"passed","title":"renders compact variant without label group","duration":126.15420000000086,"failureMessages":[],"meta":{}}],"startTime":1784972373948,"endTime":1784972376826.1543,"status":"passed","message":"","name":"C:/Users/HP-USER/Creditra-Frontend/src/components/HighContrastToggle.test.tsx"},{"assertionResults":[{"ancestorTitles":["InlineTermTooltip"],"fullName":"InlineTermTooltip renders the term and associates it with the definition via aria-describedby","status":"passed","title":"renders the term and associates it with the definition via aria-describedby","duration":622.0082000000002,"failureMessages":[],"meta":{}},{"ancestorTitles":["InlineTermTooltip"],"fullName":"InlineTermTooltip can receive keyboard focus","status":"passed","title":"can receive keyboard focus","duration":250.1807000000008,"failureMessages":[],"meta":{}}],"startTime":1784972591776,"endTime":1784972592648.1807,"status":"passed","message":"","name":"C:/Users/HP-USER/Creditra-Frontend/src/components/InlineTermTooltip.test.tsx"},{"assertionResults":[{"ancestorTitles":["NetworkMismatchBanner"],"fullName":"NetworkMismatchBanner announces the mismatch and triggers a switch request","status":"passed","title":"announces the mismatch and triggers a switch request","duration":804.665500000001,"failureMessages":[],"meta":{}},{"ancestorTitles":["NetworkMismatchBanner"],"fullName":"NetworkMismatchBanner renders nothing when the network already matches","status":"passed","title":"renders nothing when the network already matches","duration":6.251599999999598,"failureMessages":[],"meta":{}},{"ancestorTitles":["NetworkMismatchBanner"],"fullName":"NetworkMismatchBanner renders nothing when currentNetwork is null","status":"passed","title":"renders nothing when currentNetwork is null","duration":14.490200000000186,"failureMessages":[],"meta":{}},{"ancestorTitles":["NetworkMismatchBanner"],"fullName":"NetworkMismatchBanner disables the button and shows switching label while the request is in-flight","status":"passed","title":"disables the button and shows switching label while the request is in-flight","duration":306.28379999999925,"failureMessages":[],"meta":{}},{"ancestorTitles":["NetworkMismatchBanner"],"fullName":"NetworkMismatchBanner announces success after a successful switch","status":"passed","title":"announces success after a successful switch","duration":238.58960000000116,"failureMessages":[],"meta":{}},{"ancestorTitles":["NetworkMismatchBanner"],"fullName":"NetworkMismatchBanner announces failure after a failed switch","status":"passed","title":"announces failure after a failed switch","duration":153.10449999999946,"failureMessages":[],"meta":{}},{"ancestorTitles":["NetworkMismatchBanner"],"fullName":"NetworkMismatchBanner shows provider-specific copy for freighter","status":"passed","title":"shows provider-specific copy for freighter","duration":115.36160000000018,"failureMessages":[],"meta":{}},{"ancestorTitles":["NetworkMismatchBanner"],"fullName":"NetworkMismatchBanner shows provider-specific copy for albedo","status":"passed","title":"shows provider-specific copy for albedo","duration":114.00410000000011,"failureMessages":[],"meta":{}},{"ancestorTitles":["NetworkMismatchBanner"],"fullName":"NetworkMismatchBanner shows provider-specific copy for xbull","status":"passed","title":"shows provider-specific copy for xbull","duration":107.3112000000001,"failureMessages":[],"meta":{}},{"ancestorTitles":["NetworkMismatchBanner"],"fullName":"NetworkMismatchBanner shows provider-specific copy for rabet","status":"passed","title":"shows provider-specific copy for rabet","duration":90.99750000000131,"failureMessages":[],"meta":{}},{"ancestorTitles":["NetworkMismatchBanner"],"fullName":"NetworkMismatchBanner links the button to the description via aria-describedby","status":"passed","title":"links the button to the description via aria-describedby","duration":98.91759999999886,"failureMessages":[],"meta":{}}],"startTime":1784972450741,"endTime":1784972452791.9175,"status":"passed","message":"","name":"C:/Users/HP-USER/Creditra-Frontend/src/components/NetworkMismatchBanner.test.tsx"},{"assertionResults":[{"ancestorTitles":["NetworkStatus"],"fullName":"NetworkStatus renders online indicator with accessible label","status":"passed","title":"renders online indicator with accessible label","duration":185.83920000000035,"failureMessages":[],"meta":{}},{"ancestorTitles":["NetworkStatus"],"fullName":"NetworkStatus renders offline indicator with accessible label","status":"passed","title":"renders offline indicator with accessible label","duration":35.53609999999935,"failureMessages":[],"meta":{}},{"ancestorTitles":["NetworkStatus"],"fullName":"NetworkStatus does not announce on initial mount","status":"passed","title":"does not announce on initial mount","duration":20.795900000000984,"failureMessages":[],"meta":{}},{"ancestorTitles":["NetworkStatus"],"fullName":"NetworkStatus announces assertively when going offline","status":"passed","title":"announces assertively when going offline","duration":481.85119999999915,"failureMessages":[],"meta":{}},{"ancestorTitles":["NetworkStatus"],"fullName":"NetworkStatus announces politely when connection is restored","status":"passed","title":"announces politely when connection is restored","duration":134.26529999999912,"failureMessages":[],"meta":{}},{"ancestorTitles":["NetworkStatus"],"fullName":"NetworkStatus applies theme-aware online/offline modifier classes","status":"passed","title":"applies theme-aware online/offline modifier classes","duration":51.95679999999993,"failureMessages":[],"meta":{}}],"startTime":1784972604479,"endTime":1784972605389.9568,"status":"passed","message":"","name":"C:/Users/HP-USER/Creditra-Frontend/src/components/NetworkStatus.test.tsx"},{"assertionResults":[{"ancestorTitles":["NextSteps Component"],"fullName":"NextSteps Component renders the loading skeleton initially","status":"passed","title":"renders the loading skeleton initially","duration":140.09409999999843,"failureMessages":[],"meta":{}},{"ancestorTitles":["NextSteps Component"],"fullName":"NextSteps Component surfaces KYC todo and other steps as locked when KYC is not started and no accounts are linked","status":"passed","title":"surfaces KYC todo and other steps as locked when KYC is not started and no accounts are linked","duration":784.5221999999994,"failureMessages":[],"meta":{}},{"ancestorTitles":["NextSteps Component"],"fullName":"NextSteps Component shows KYC under review status","status":"passed","title":"shows KYC under review status","duration":94.30199999999968,"failureMessages":[],"meta":{}},{"ancestorTitles":["NextSteps Component"],"fullName":"NextSteps Component shows KYC rejected status as a retry action","status":"passed","title":"shows KYC rejected status as a retry action","duration":204.1926999999996,"failureMessages":[],"meta":{}},{"ancestorTitles":["NextSteps Component"],"fullName":"NextSteps Component unlocks Link Account step when KYC is approved, and shows it as todo","status":"passed","title":"unlocks Link Account step when KYC is approved, and shows it as todo","duration":469.66399999999885,"failureMessages":[],"meta":{}},{"ancestorTitles":["NextSteps Component"],"fullName":"NextSteps Component unlocks Draw Credit step when KYC is approved and account is linked","status":"passed","title":"unlocks Draw Credit step when KYC is approved and account is linked","duration":380.6749,"failureMessages":[],"meta":{}},{"ancestorTitles":["NextSteps Component"],"fullName":"NextSteps Component shows all completed state when credit is drawn","status":"passed","title":"shows all completed state when credit is drawn","duration":250.26419999999962,"failureMessages":[],"meta":{}},{"ancestorTitles":["NextSteps Component"],"fullName":"NextSteps Component simulates clicking the KYC trigger button in the DOM when starting verification","status":"passed","title":"simulates clicking the KYC trigger button in the DOM when starting verification","duration":319.9243999999999,"failureMessages":[],"meta":{}}],"startTime":1784972404691,"endTime":1784972407335.9243,"status":"passed","message":"","name":"C:/Users/HP-USER/Creditra-Frontend/src/components/NextSteps.test.tsx"},{"assertionResults":[{"ancestorTitles":["OnboardingFlow"],"fullName":"OnboardingFlow returns null when isOpen is false","status":"passed","title":"returns null when isOpen is false","duration":60.96380000000045,"failureMessages":[],"meta":{}},{"ancestorTitles":["OnboardingFlow"],"fullName":"OnboardingFlow renders the first step by default","status":"passed","title":"renders the first step by default","duration":174.89570000000003,"failureMessages":[],"meta":{}},{"ancestorTitles":["OnboardingFlow"],"fullName":"OnboardingFlow navigates to the next step on Next click","status":"passed","title":"navigates to the next step on Next click","duration":850.6682000000001,"failureMessages":[],"meta":{}},{"ancestorTitles":["OnboardingFlow"],"fullName":"OnboardingFlow navigates back on Back click","status":"passed","title":"navigates back on Back click","duration":420.8248000000003,"failureMessages":[],"meta":{}},{"ancestorTitles":["OnboardingFlow"],"fullName":"OnboardingFlow back button is disabled on the first step","status":"passed","title":"back button is disabled on the first step","duration":166.64660000000003,"failureMessages":[],"meta":{}},{"ancestorTitles":["OnboardingFlow"],"fullName":"OnboardingFlow calls onComplete and persists localStorage on the last step","status":"passed","title":"calls onComplete and persists localStorage on the last step","duration":534.8122999999996,"failureMessages":[],"meta":{}},{"ancestorTitles":["OnboardingFlow"],"fullName":"OnboardingFlow calls onSkip and persists localStorage when skip is clicked","status":"passed","title":"calls onSkip and persists localStorage when skip is clicked","duration":115.19470000000001,"failureMessages":[],"meta":{}},{"ancestorTitles":["OnboardingFlow"],"fullName":"OnboardingFlow renders step indicators for each step","status":"passed","title":"renders step indicators for each step","duration":152.35699999999997,"failureMessages":[],"meta":{}},{"ancestorTitles":["OnboardingFlow"],"fullName":"OnboardingFlow shows Get Started label on the last step","status":"passed","title":"shows Get Started label on the last step","duration":407.38510000000133,"failureMessages":[],"meta":{}},{"ancestorTitles":["OnboardingFlow","reduced-motion"],"fullName":"OnboardingFlow reduced-motion renders all steps and supports navigation when reduced motion is active","status":"passed","title":"renders all steps and supports navigation when reduced motion is active","duration":543.7630000000008,"failureMessages":[],"meta":{}},{"ancestorTitles":["OnboardingFlow","reduced-motion"],"fullName":"OnboardingFlow reduced-motion supports skip when reduced motion is active","status":"passed","title":"supports skip when reduced motion is active","duration":97.48530000000028,"failureMessages":[],"meta":{}}],"startTime":1784972246204,"endTime":1784972249730.4854,"status":"passed","message":"","name":"C:/Users/HP-USER/Creditra-Frontend/src/components/OnboardingFlow.test.tsx"},{"assertionResults":[{"ancestorTitles":["glossed credit terms"],"fullName":"glossed credit terms exposes the first utilization gloss in PreviewSection via keyboard and aria-describedby","status":"passed","title":"exposes the first utilization gloss in PreviewSection via keyboard and aria-describedby","duration":618.8469000000005,"failureMessages":[],"meta":{}},{"ancestorTitles":["glossed credit terms"],"fullName":"glossed credit terms wraps the first utilization and term occurrences in ConfirmationStep without repeating them","status":"passed","title":"wraps the first utilization and term occurrences in ConfirmationStep without repeating them","duration":159.13730000000032,"failureMessages":[],"meta":{}},{"ancestorTitles":["glossed credit terms"],"fullName":"glossed credit terms keeps glossary copy aligned with docs/MICROCOPY.md","status":"passed","title":"keeps glossary copy aligned with docs/MICROCOPY.md","duration":1.7617000000009284,"failureMessages":[],"meta":{}}],"startTime":1784972316299,"endTime":1784972317078.7617,"status":"passed","message":"","name":"C:/Users/HP-USER/Creditra-Frontend/src/components/PreviewSection.test.tsx"},{"assertionResults":[{"ancestorTitles":["RecentTransactionsRail"],"fullName":"RecentTransactionsRail renders with correct ARIA landmark and label","status":"passed","title":"renders with correct ARIA landmark and label","duration":615.7186000000002,"failureMessages":[],"meta":{}},{"ancestorTitles":["RecentTransactionsRail"],"fullName":"RecentTransactionsRail renders skeleton placeholders when loading","status":"passed","title":"renders skeleton placeholders when loading","duration":55.529200000000856,"failureMessages":[],"meta":{}},{"ancestorTitles":["RecentTransactionsRail"],"fullName":"RecentTransactionsRail applies the recent-transactions-rail class to the root","status":"passed","title":"applies the recent-transactions-rail class to the root","duration":23.451499999999214,"failureMessages":[],"meta":{}},{"ancestorTitles":["RecentTransactionsRail"],"fullName":"RecentTransactionsRail shows empty state when there are no transactions","status":"passed","title":"shows empty state when there are no transactions","duration":37.10529999999926,"failureMessages":[],"meta":{}},{"ancestorTitles":["RecentTransactionsRail"],"fullName":"RecentTransactionsRail renders transaction items","status":"passed","title":"renders transaction items","duration":249.3197,"failureMessages":[],"meta":{}},{"ancestorTitles":["RecentTransactionsRail"],"fullName":"RecentTransactionsRail shows line name and relative time for each transaction","status":"passed","title":"shows line name and relative time for each transaction","duration":109.27629999999954,"failureMessages":[],"meta":{}},{"ancestorTitles":["RecentTransactionsRail"],"fullName":"RecentTransactionsRail prefixes draw amounts with a minus sign","status":"passed","title":"prefixes draw amounts with a minus sign","duration":64.61399999999958,"failureMessages":[],"meta":{}},{"ancestorTitles":["RecentTransactionsRail"],"fullName":"RecentTransactionsRail prefixes repay amounts with a plus sign","status":"passed","title":"prefixes repay amounts with a plus sign","duration":24.909700000000157,"failureMessages":[],"meta":{}},{"ancestorTitles":["RecentTransactionsRail"],"fullName":"RecentTransactionsRail renders a link to the full transaction history when transactions exist","status":"passed","title":"renders a link to the full transaction history when transactions exist","duration":281.2346000000016,"failureMessages":[],"meta":{}},{"ancestorTitles":["RecentTransactionsRail"],"fullName":"RecentTransactionsRail has aria-hidden on the activity icon","status":"passed","title":"has aria-hidden on the activity icon","duration":16.15859999999884,"failureMessages":[],"meta":{}}],"startTime":1784972510808,"endTime":1784972512286.1587,"status":"passed","message":"","name":"C:/Users/HP-USER/Creditra-Frontend/src/components/RecentTransactionsRail.test.tsx"},{"assertionResults":[{"ancestorTitles":["RiskGauge"],"fullName":"RiskGauge renders an SVG element with role=\"img\"","status":"passed","title":"renders an SVG element with role=\"img\"","duration":846.6848000000009,"failureMessages":[],"meta":{}},{"ancestorTitles":["RiskGauge"],"fullName":"RiskGauge SVG has aria-labelledby pointing at a <title> with the score description","status":"passed","title":"SVG has aria-labelledby pointing at a <title> with the score description","duration":364.6985000000004,"failureMessages":[],"meta":{}},{"ancestorTitles":["RiskGauge"],"fullName":"RiskGauge renders a polite sr-only paragraph with the same description","status":"passed","title":"renders a polite sr-only paragraph with the same description","duration":76.03629999999976,"failureMessages":[],"meta":{}},{"ancestorTitles":["RiskGauge"],"fullName":"RiskGauge clamps score below 0 to 0","status":"passed","title":"clamps score below 0 to 0","duration":180.9326999999994,"failureMessages":[],"meta":{}},{"ancestorTitles":["RiskGauge"],"fullName":"RiskGauge clamps score above 100 to 100","status":"passed","title":"clamps score above 100 to 100","duration":52.69880000000012,"failureMessages":[],"meta":{}},{"ancestorTitles":["RiskGauge"],"fullName":"RiskGauge fill arc carries data-score equal to the normalised score","status":"passed","title":"fill arc carries data-score equal to the normalised score","duration":29.342499999998836,"failureMessages":[],"meta":{}},{"ancestorTitles":["RiskGauge"],"fullName":"RiskGauge animation key changes when score prop changes (re-mounts fill arc)","status":"passed","title":"animation key changes when score prop changes (re-mounts fill arc)","duration":77.38589999999931,"failureMessages":[],"meta":{}},{"ancestorTitles":["RiskGauge","reduced-motion: false (default / animation on)"],"fullName":"RiskGauge reduced-motion: false (default / animation on) fill starts at circumference dashoffset so animation sweeps from empty","status":"passed","title":"fill starts at circumference dashoffset so animation sweeps from empty","duration":35.82049999999981,"failureMessages":[],"meta":{}},{"ancestorTitles":["RiskGauge","reduced-motion: false (default / animation on)"],"fullName":"RiskGauge reduced-motion: false (default / animation on) data-reduced-motion attribute is \"false\"","status":"passed","title":"data-reduced-motion attribute is \"false\"","duration":39.650400000000445,"failureMessages":[],"meta":{}},{"ancestorTitles":["RiskGauge","reduced-motion: true (no animation)"],"fullName":"RiskGauge reduced-motion: true (no animation) fill starts at final dashoffset — no flash-of-empty-arc","status":"passed","title":"fill starts at final dashoffset — no flash-of-empty-arc","duration":31.271099999999933,"failureMessages":[],"meta":{}},{"ancestorTitles":["RiskGauge","reduced-motion: true (no animation)"],"fullName":"RiskGauge reduced-motion: true (no animation) data-reduced-motion attribute is \"true\"","status":"passed","title":"data-reduced-motion attribute is \"true\"","duration":25.785600000001068,"failureMessages":[],"meta":{}},{"ancestorTitles":["RiskGauge"],"fullName":"RiskGauge renders the trend label and arrow in the meta row","status":"passed","title":"renders the trend label and arrow in the meta row","duration":28.307700000001205,"failureMessages":[],"meta":{}},{"ancestorTitles":["RiskGauge"],"fullName":"RiskGauge renders the formatted lastUpdated date in the meta row","status":"passed","title":"renders the formatted lastUpdated date in the meta row","duration":24.399600000000646,"failureMessages":[],"meta":{}},{"ancestorTitles":["RiskGauge"],"fullName":"RiskGauge uses semantic token colour vars, not hardcoded hex","status":"passed","title":"uses semantic token colour vars, not hardcoded hex","duration":55.07790000000023,"failureMessages":[],"meta":{}},{"ancestorTitles":["RiskGauge","focus ring — SVG root"],"fullName":"RiskGauge focus ring — SVG root SVG has tabIndex=0, making it keyboard-reachable","status":"passed","title":"SVG has tabIndex=0, making it keyboard-reachable","duration":136.61819999999898,"failureMessages":[],"meta":{}},{"ancestorTitles":["RiskGauge","focus ring — SVG root"],"fullName":"RiskGauge focus ring — SVG root SVG carries the .risk-gauge-svg class (focus ring applied via CSS)","status":"passed","title":"SVG carries the .risk-gauge-svg class (focus ring applied via CSS)","duration":124.26029999999992,"failureMessages":[],"meta":{}},{"ancestorTitles":["RiskGauge","focus ring — SVG root"],"fullName":"RiskGauge focus ring — SVG root pressing Enter on the focused SVG fires onSectorActivate with the active sector","status":"passed","title":"pressing Enter on the focused SVG fires onSectorActivate with the active sector","duration":166.21699999999873,"failureMessages":[],"meta":{}},{"ancestorTitles":["RiskGauge","focus ring — SVG root"],"fullName":"RiskGauge focus ring — SVG root pressing Space on the focused SVG fires onSectorActivate with the active sector","status":"passed","title":"pressing Space on the focused SVG fires onSectorActivate with the active sector","duration":170.8148000000001,"failureMessages":[],"meta":{}},{"ancestorTitles":["RiskGauge","focus ring — SVG root"],"fullName":"RiskGauge focus ring — SVG root pressing an unrelated key on the SVG does NOT fire onSectorActivate","status":"passed","title":"pressing an unrelated key on the SVG does NOT fire onSectorActivate","duration":136.4828000000016,"failureMessages":[],"meta":{}},{"ancestorTitles":["RiskGauge","focus ring — SVG root"],"fullName":"RiskGauge focus ring — SVG root active sector is reflected in data-active-sector attribute on SVG","status":"passed","title":"active sector is reflected in data-active-sector attribute on SVG","duration":406.15509999999995,"failureMessages":[],"meta":{}},{"ancestorTitles":["RiskGauge","focus ring — SVG root"],"fullName":"RiskGauge focus ring — SVG root onSectorActivate is not required — keyboard event does not throw","status":"passed","title":"onSectorActivate is not required — keyboard event does not throw","duration":128.48190000000068,"failureMessages":[],"meta":{}},{"ancestorTitles":["RiskGauge","focus ring — interactive sectors"],"fullName":"RiskGauge focus ring — interactive sectors renders three sector <g> elements with role=\"button\" by default","status":"passed","title":"renders three sector <g> elements with role=\"button\" by default","duration":153.71920000000136,"failureMessages":[],"meta":{}},{"ancestorTitles":["RiskGauge","focus ring — interactive sectors"],"fullName":"RiskGauge focus ring — interactive sectors each sector <g> has tabIndex=0 (keyboard reachable)","status":"passed","title":"each sector <g> has tabIndex=0 (keyboard reachable)","duration":138.21830000000045,"failureMessages":[],"meta":{}},{"ancestorTitles":["RiskGauge","focus ring — interactive sectors"],"fullName":"RiskGauge focus ring — interactive sectors each sector has a data-sector attribute identifying the band","status":"passed","title":"each sector has a data-sector attribute identifying the band","duration":20.711899999998423,"failureMessages":[],"meta":{}},{"ancestorTitles":["RiskGauge","focus ring — interactive sectors"],"fullName":"RiskGauge focus ring — interactive sectors each sector <g> has aria-labelledby pointing at a <title> with the range","status":"passed","title":"each sector <g> has aria-labelledby pointing at a <title> with the range","duration":58.73739999999816,"failureMessages":[],"meta":{}},{"ancestorTitles":["RiskGauge","focus ring — interactive sectors"],"fullName":"RiskGauge focus ring — interactive sectors active sector has aria-pressed=\"true\"; inactive sectors have \"false\"","status":"passed","title":"active sector has aria-pressed=\"true\"; inactive sectors have \"false\"","duration":25.83220000000074,"failureMessages":[],"meta":{}},{"ancestorTitles":["RiskGauge","focus ring — interactive sectors"],"fullName":"RiskGauge focus ring — interactive sectors pressing Enter on a sector fires onSectorActivate with that sector id","status":"passed","title":"pressing Enter on a sector fires onSectorActivate with that sector id","duration":23.316399999999703,"failureMessages":[],"meta":{}},{"ancestorTitles":["RiskGauge","focus ring — interactive sectors"],"fullName":"RiskGauge focus ring — interactive sectors pressing Space on a sector fires onSectorActivate with that sector id","status":"passed","title":"pressing Space on a sector fires onSectorActivate with that sector id","duration":19.643400000000838,"failureMessages":[],"meta":{}},{"ancestorTitles":["RiskGauge","focus ring — interactive sectors"],"fullName":"RiskGauge focus ring — interactive sectors clicking a sector fires onSectorActivate with that sector id","status":"passed","title":"clicking a sector fires onSectorActivate with that sector id","duration":32.04690000000119,"failureMessages":[],"meta":{}},{"ancestorTitles":["RiskGauge","focus ring — interactive sectors"],"fullName":"RiskGauge focus ring — interactive sectors unrelated keydown on a sector does NOT fire onSectorActivate","status":"passed","title":"unrelated keydown on a sector does NOT fire onSectorActivate","duration":16.59179999999833,"failureMessages":[],"meta":{}},{"ancestorTitles":["RiskGauge","focus ring — interactive sectors"],"fullName":"RiskGauge focus ring — interactive sectors sectors are NOT rendered when showSectors=false","status":"passed","title":"sectors are NOT rendered when showSectors=false","duration":9.835800000000745,"failureMessages":[],"meta":{}},{"ancestorTitles":["RiskGauge","focus ring — interactive sectors"],"fullName":"RiskGauge focus ring — interactive sectors sectors are rendered by default (showSectors defaults to true)","status":"passed","title":"sectors are rendered by default (showSectors defaults to true)","duration":147.5584000000017,"failureMessages":[],"meta":{}},{"ancestorTitles":["RiskGauge","focus ring — interactive sectors"],"fullName":"RiskGauge focus ring — interactive sectors each sector contains a focus-rect element for the per-sector ring","status":"passed","title":"each sector contains a focus-rect element for the per-sector ring","duration":30.625,"failureMessages":[],"meta":{}},{"ancestorTitles":["RiskGauge","focus ring — interactive sectors"],"fullName":"RiskGauge focus ring — interactive sectors each sector arc has class risk-gauge-sector-arc","status":"passed","title":"each sector arc has class risk-gauge-sector-arc","duration":21.185700000001816,"failureMessages":[],"meta":{}},{"ancestorTitles":["RiskGauge","focus ring — interactive sectors"],"fullName":"RiskGauge focus ring — interactive sectors onSectorActivate is optional — sector click/keydown does not throw","status":"passed","title":"onSectorActivate is optional — sector click/keydown does not throw","duration":25.173899999997957,"failureMessages":[],"meta":{}},{"ancestorTitles":["RiskGauge","focus ring — boundary / edge cases"],"fullName":"RiskGauge focus ring — boundary / edge cases score=0 → active sector is \"low\"","status":"passed","title":"score=0 → active sector is \"low\"","duration":18.937799999999697,"failureMessages":[],"meta":{}},{"ancestorTitles":["RiskGauge","focus ring — boundary / edge cases"],"fullName":"RiskGauge focus ring — boundary / edge cases score=50 → active sector is \"medium\" (boundary inclusive)","status":"passed","title":"score=50 → active sector is \"medium\" (boundary inclusive)","duration":22.302700000000186,"failureMessages":[],"meta":{}},{"ancestorTitles":["RiskGauge","focus ring — boundary / edge cases"],"fullName":"RiskGauge focus ring — boundary / edge cases score=70 → active sector is \"high\" (boundary inclusive)","status":"passed","title":"score=70 → active sector is \"high\" (boundary inclusive)","duration":16.116399999998976,"failureMessages":[],"meta":{}},{"ancestorTitles":["RiskGauge","focus ring — boundary / edge cases"],"fullName":"RiskGauge focus ring — boundary / edge cases score=100 → active sector is \"high\"","status":"passed","title":"score=100 → active sector is \"high\"","duration":25.75879999999961,"failureMessages":[],"meta":{}},{"ancestorTitles":["RiskGauge","focus ring — boundary / edge cases"],"fullName":"RiskGauge focus ring — boundary / edge cases clamped-to-0 score maps to \"low\" sector","status":"passed","title":"clamped-to-0 score maps to \"low\" sector","duration":58.493500000000495,"failureMessages":[],"meta":{}},{"ancestorTitles":["RiskGauge","focus ring — boundary / edge cases"],"fullName":"RiskGauge focus ring — boundary / edge cases clamped-to-100 score maps to \"high\" sector","status":"passed","title":"clamped-to-100 score maps to \"high\" sector","duration":23.105899999998655,"failureMessages":[],"meta":{}},{"ancestorTitles":["RiskGauge","focus ring — boundary / edge cases"],"fullName":"RiskGauge focus ring — boundary / edge cases active sector shows a dot element; inactive sectors do not","status":"passed","title":"active sector shows a dot element; inactive sectors do not","duration":21.102600000001985,"failureMessages":[],"meta":{}},{"ancestorTitles":["RiskGauge","focus ring — boundary / edge cases"],"fullName":"RiskGauge focus ring — boundary / edge cases sector title IDs are unique across all three sectors","status":"passed","title":"sector title IDs are unique across all three sectors","duration":15.9971000000005,"failureMessages":[],"meta":{}},{"ancestorTitles":["RiskGauge","focus ring — boundary / edge cases"],"fullName":"RiskGauge focus ring — boundary / edge cases re-render with new score updates data-active-sector and aria-pressed","status":"passed","title":"re-render with new score updates data-active-sector and aria-pressed","duration":32.18710000000283,"failureMessages":[],"meta":{}}],"startTime":1784972341072,"endTime":1784972345170.187,"status":"passed","message":"","name":"C:/Users/HP-USER/Creditra-Frontend/src/components/RiskGauge.test.tsx"},{"assertionResults":[{"ancestorTitles":["RouteAnnouncer"],"fullName":"RouteAnnouncer sets title, meta description, and polite announcement for '/landing'","status":"passed","title":"sets title, meta description, and polite announcement for '/landing'","duration":572.7988000000005,"failureMessages":[],"meta":{}},{"ancestorTitles":["RouteAnnouncer"],"fullName":"RouteAnnouncer sets title, meta description, and polite announcement for '/'","status":"passed","title":"sets title, meta description, and polite announcement for '/'","duration":207.14890000000014,"failureMessages":[],"meta":{}},{"ancestorTitles":["RouteAnnouncer"],"fullName":"RouteAnnouncer sets title, meta description, and polite announcement for '/credit-lines'","status":"passed","title":"sets title, meta description, and polite announcement for '/credit-lines'","duration":158.35319999999956,"failureMessages":[],"meta":{}},{"ancestorTitles":["RouteAnnouncer"],"fullName":"RouteAnnouncer sets title, meta description, and polite announcement for '/draw-credit'","status":"passed","title":"sets title, meta description, and polite announcement for '/draw-credit'","duration":149.60159999999996,"failureMessages":[],"meta":{}},{"ancestorTitles":["RouteAnnouncer"],"fullName":"RouteAnnouncer sets title, meta description, and polite announcement for '/draw-credit/success'","status":"passed","title":"sets title, meta description, and polite announcement for '/draw-credit/success'","duration":102.02520000000004,"failureMessages":[],"meta":{}},{"ancestorTitles":["RouteAnnouncer"],"fullName":"RouteAnnouncer sets title, meta description, and polite announcement for '/open-credit'","status":"passed","title":"sets title, meta description, and polite announcement for '/open-credit'","duration":86.38839999999982,"failureMessages":[],"meta":{}},{"ancestorTitles":["RouteAnnouncer"],"fullName":"RouteAnnouncer sets title, meta description, and polite announcement for '/transactions'","status":"passed","title":"sets title, meta description, and polite announcement for '/transactions'","duration":113.84799999999996,"failureMessages":[],"meta":{}},{"ancestorTitles":["RouteAnnouncer"],"fullName":"RouteAnnouncer sets title, meta description, and polite announcement for '/help'","status":"passed","title":"sets title, meta description, and polite announcement for '/help'","duration":96.55179999999928,"failureMessages":[],"meta":{}},{"ancestorTitles":["RouteAnnouncer"],"fullName":"RouteAnnouncer sets title, meta description, and polite announcement for '/dutch-auctions'","status":"passed","title":"sets title, meta description, and polite announcement for '/dutch-auctions'","duration":93.6263999999992,"failureMessages":[],"meta":{}},{"ancestorTitles":["RouteAnnouncer"],"fullName":"RouteAnnouncer uses Not Found metadata for unknown routes","status":"passed","title":"uses Not Found metadata for unknown routes","duration":59.21569999999883,"failureMessages":[],"meta":{}},{"ancestorTitles":["RouteAnnouncer"],"fullName":"RouteAnnouncer announces client-side route changes politely","status":"passed","title":"announces client-side route changes politely","duration":309.60019999999895,"failureMessages":[],"meta":{}},{"ancestorTitles":["RouteAnnouncer"],"fullName":"RouteAnnouncer keeps configured route titles and descriptions unique","status":"passed","title":"keeps configured route titles and descriptions unique","duration":1.9476999999988038,"failureMessages":[],"meta":{}}],"startTime":1784972446459,"endTime":1784972448410.9478,"status":"passed","message":"","name":"C:/Users/HP-USER/Creditra-Frontend/src/components/RouteAnnouncer.test.tsx"},{"assertionResults":[{"ancestorTitles":["SessionTimeoutBanner — visibility"],"fullName":"SessionTimeoutBanner — visibility is hidden when sessionTimeoutWarning is false","status":"passed","title":"is hidden when sessionTimeoutWarning is false","duration":126.30659999999989,"failureMessages":[],"meta":{}},{"ancestorTitles":["SessionTimeoutBanner — visibility"],"fullName":"SessionTimeoutBanner — visibility appears when sessionTimeoutWarning becomes true","status":"passed","title":"appears when sessionTimeoutWarning becomes true","duration":71.82719999999972,"failureMessages":[],"meta":{}},{"ancestorTitles":["SessionTimeoutBanner — visibility"],"fullName":"SessionTimeoutBanner — visibility hides when status becomes disconnected","status":"passed","title":"hides when status becomes disconnected","duration":50.11150000000089,"failureMessages":[],"meta":{}},{"ancestorTitles":["SessionTimeoutBanner — countdown"],"fullName":"SessionTimeoutBanner — countdown starts countdown at SESSION_WARN_BEFORE_MS / 1000 seconds","status":"passed","title":"starts countdown at SESSION_WARN_BEFORE_MS / 1000 seconds","duration":31.900299999999334,"failureMessages":[],"meta":{}},{"ancestorTitles":["SessionTimeoutBanner — countdown"],"fullName":"SessionTimeoutBanner — countdown decrements the countdown each second","status":"passed","title":"decrements the countdown each second","duration":28.057600000000093,"failureMessages":[],"meta":{}},{"ancestorTitles":["SessionTimeoutBanner — polite live region"],"fullName":"SessionTimeoutBanner — polite live region live region announces remaining time at ~10 s intervals","status":"passed","title":"live region announces remaining time at ~10 s intervals","duration":45.96019999999953,"failureMessages":[],"meta":{}},{"ancestorTitles":["SessionTimeoutBanner — interactions"],"fullName":"SessionTimeoutBanner — interactions \"Stay connected\" calls stayConnected()","status":"passed","title":"\"Stay connected\" calls stayConnected()","duration":41.98350000000028,"failureMessages":[],"meta":{}},{"ancestorTitles":["SessionTimeoutBanner — interactions"],"fullName":"SessionTimeoutBanner — interactions dismiss button hides the banner without calling stayConnected()","status":"passed","title":"dismiss button hides the banner without calling stayConnected()","duration":25.992400000001,"failureMessages":[],"meta":{}},{"ancestorTitles":["SessionTimeoutBanner — interactions"],"fullName":"SessionTimeoutBanner — interactions dismissed state resets when a new sessionTimeoutWarning window opens","status":"passed","title":"dismissed state resets when a new sessionTimeoutWarning window opens","duration":23.778700000000754,"failureMessages":[],"meta":{}},{"ancestorTitles":["WalletContext — session timeout timers"],"fullName":"WalletContext — session timeout timers sets sessionTimeoutWarning at (sessionTimeoutMs - 60 000) ms","status":"passed","title":"sets sessionTimeoutWarning at (sessionTimeoutMs - 60 000) ms","duration":37.735500000000684,"failureMessages":[],"meta":{}},{"ancestorTitles":["WalletContext — session timeout timers"],"fullName":"WalletContext — session timeout timers auto-disconnects at sessionTimeoutMs","status":"passed","title":"auto-disconnects at sessionTimeoutMs","duration":10.5625,"failureMessages":[],"meta":{}},{"ancestorTitles":["WalletContext — session timeout timers"],"fullName":"WalletContext — session timeout timers stayConnected resets warning and restarts the full session timer","status":"passed","title":"stayConnected resets warning and restarts the full session timer","duration":32.53230000000076,"failureMessages":[],"meta":{}},{"ancestorTitles":["WalletContext — session timeout timers"],"fullName":"WalletContext — session timeout timers stayConnected transitions to error when connectWallet rejects","status":"passed","title":"stayConnected transitions to error when connectWallet rejects","duration":32.41810000000078,"failureMessages":[],"meta":{}},{"ancestorTitles":["WalletContext — session timeout timers"],"fullName":"WalletContext — session timeout timers disconnect clears sessionTimeoutWarning","status":"passed","title":"disconnect clears sessionTimeoutWarning","duration":24.384400000000824,"failureMessages":[],"meta":{}}],"startTime":1784972522113,"endTime":1784972522700.3845,"status":"passed","message":"","name":"C:/Users/HP-USER/Creditra-Frontend/src/components/SessionTimeoutBanner.test.tsx"},{"assertionResults":[{"ancestorTitles":["ShortcutHelpOverlay"],"fullName":"ShortcutHelpOverlay renders nothing when isOpen is false","status":"passed","title":"renders nothing when isOpen is false","duration":73.69419999999991,"failureMessages":[],"meta":{}},{"ancestorTitles":["ShortcutHelpOverlay"],"fullName":"ShortcutHelpOverlay renders all shortcut groups","status":"passed","title":"renders all shortcut groups","duration":1321.7987000000012,"failureMessages":[],"meta":{}},{"ancestorTitles":["ShortcutHelpOverlay"],"fullName":"ShortcutHelpOverlay renders the settings link pointing to /help#shortcuts","status":"passed","title":"renders the settings link pointing to /help#shortcuts","duration":360.64840000000004,"failureMessages":[],"meta":{}},{"ancestorTitles":["ShortcutHelpOverlay"],"fullName":"ShortcutHelpOverlay has role=\"dialog\" with aria-modal and accessible name","status":"passed","title":"has role=\"dialog\" with aria-modal and accessible name","duration":204.57799999999952,"failureMessages":[],"meta":{}},{"ancestorTitles":["ShortcutHelpOverlay"],"fullName":"ShortcutHelpOverlay close button has a descriptive aria-label","status":"passed","title":"close button has a descriptive aria-label","duration":283.8585000000003,"failureMessages":[],"meta":{}},{"ancestorTitles":["ShortcutHelpOverlay"],"fullName":"ShortcutHelpOverlay moves focus to the close button on open","status":"passed","title":"moves focus to the close button on open","duration":249.45719999999892,"failureMessages":[],"meta":{}},{"ancestorTitles":["ShortcutHelpOverlay"],"fullName":"ShortcutHelpOverlay calls onClose when Escape is pressed","status":"passed","title":"calls onClose when Escape is pressed","duration":57.53260000000046,"failureMessages":[],"meta":{}},{"ancestorTitles":["ShortcutHelpOverlay"],"fullName":"ShortcutHelpOverlay calls onClose when the close button is clicked","status":"passed","title":"calls onClose when the close button is clicked","duration":225.51640000000043,"failureMessages":[],"meta":{}},{"ancestorTitles":["ShortcutHelpOverlay"],"fullName":"ShortcutHelpOverlay calls onClose when the backdrop is clicked","status":"passed","title":"calls onClose when the backdrop is clicked","duration":80.34870000000046,"failureMessages":[],"meta":{}},{"ancestorTitles":["ShortcutHelpOverlay"],"fullName":"ShortcutHelpOverlay calls onClose when the settings link is clicked","status":"passed","title":"calls onClose when the settings link is clicked","duration":383.34410000000025,"failureMessages":[],"meta":{}}],"startTime":1784972389035,"endTime":1784972392277.344,"status":"passed","message":"","name":"C:/Users/HP-USER/Creditra-Frontend/src/components/ShortcutHelpOverlay.test.tsx"},{"assertionResults":[{"ancestorTitles":["Skeleton"],"fullName":"Skeleton renders correctly with given custom styles","status":"passed","title":"renders correctly with given custom styles","duration":46.36059999999998,"failureMessages":[],"meta":{}},{"ancestorTitles":["Skeleton"],"fullName":"Skeleton spreads addition HTML attributes properly","status":"passed","title":"spreads addition HTML attributes properly","duration":21.788000000000466,"failureMessages":[],"meta":{}}],"startTime":1784972675470,"endTime":1784972675538.788,"status":"passed","message":"","name":"C:/Users/HP-USER/Creditra-Frontend/src/components/Skeleton.test.tsx"},{"assertionResults":[{"ancestorTitles":["Sparkline"],"fullName":"Sparkline renders SVG and a screen-reader table","status":"passed","title":"renders SVG and a screen-reader table","duration":198.52310000000034,"failureMessages":[],"meta":{}},{"ancestorTitles":["Sparkline"],"fullName":"Sparkline renders nothing when data is empty","status":"passed","title":"renders nothing when data is empty","duration":3.1141999999999825,"failureMessages":[],"meta":{}}],"startTime":1784972655831,"endTime":1784972656033.1143,"status":"passed","message":"","name":"C:/Users/HP-USER/Creditra-Frontend/src/components/Sparkline.test.tsx"},{"assertionResults":[{"ancestorTitles":["StatusBadge"],"fullName":"StatusBadge announces the credit line status and renders a non-color cue","status":"passed","title":"announces the credit line status and renders a non-color cue","duration":131.94949999999972,"failureMessages":[],"meta":{}},{"ancestorTitles":["StatusBadge"],"fullName":"StatusBadge keeps each status foreground at WCAG AA contrast against its tint","status":"passed","title":"keeps each status foreground at WCAG AA contrast against its tint","duration":3.6413000000002285,"failureMessages":[],"meta":{}}],"startTime":1784972665783,"endTime":1784972665919.6414,"status":"passed","message":"","name":"C:/Users/HP-USER/Creditra-Frontend/src/components/StatusBadge.test.tsx"},{"assertionResults":[{"ancestorTitles":["SupportWidget"],"fullName":"SupportWidget opens from the floating button and exposes FAQ search plus email handoff","status":"passed","title":"opens from the floating button and exposes FAQ search plus email handoff","duration":2344.9905,"failureMessages":[],"meta":{}},{"ancestorTitles":["SupportWidget"],"fullName":"SupportWidget closes with Escape","status":"passed","title":"closes with Escape","duration":501.6687000000002,"failureMessages":[],"meta":{}}],"startTime":1784972390927,"endTime":1784972393773.6687,"status":"passed","message":"","name":"C:/Users/HP-USER/Creditra-Frontend/src/components/SupportWidget.test.tsx"},{"assertionResults":[{"ancestorTitles":["TipJar Component"],"fullName":"TipJar Component renders the Tip Jar with the highest APR active/suspended line","status":"passed","title":"renders the Tip Jar with the highest APR active/suspended line","duration":454.2600000000002,"failureMessages":[],"meta":{}},{"ancestorTitles":["TipJar Component"],"fullName":"TipJar Component handles a one-tap repayment successfully","status":"passed","title":"handles a one-tap repayment successfully","duration":799.2283000000007,"failureMessages":[],"meta":{}},{"ancestorTitles":["TipJar Component"],"fullName":"TipJar Component shows all caught up state when no active lines have a balance","status":"passed","title":"shows all caught up state when no active lines have a balance","duration":42.356299999999464,"failureMessages":[],"meta":{}}],"startTime":1784972556930,"endTime":1784972558226.3562,"status":"passed","message":"","name":"C:/Users/HP-USER/Creditra-Frontend/src/components/TipJar.test.tsx"},{"assertionResults":[{"ancestorTitles":["typed amount helpers"],"fullName":"typed amount helpers parseTypedAmount returns 0 for empty or invalid input","status":"passed","title":"parseTypedAmount returns 0 for empty or invalid input","duration":5.139999999999418,"failureMessages":[],"meta":{}},{"ancestorTitles":["typed amount helpers"],"fullName":"typed amount helpers isTypedAmountMatch requires exact numeric equality","status":"passed","title":"isTypedAmountMatch requires exact numeric equality","duration":1.1351999999988038,"failureMessages":[],"meta":{}},{"ancestorTitles":["typed amount helpers"],"fullName":"typed amount helpers shouldRequireTypedAmountConfirm delegates to threshold helper","status":"passed","title":"shouldRequireTypedAmountConfirm delegates to threshold helper","duration":0.8245000000006257,"failureMessages":[],"meta":{}},{"ancestorTitles":["TypedAmountConfirmField"],"fullName":"TypedAmountConfirmField renders labelled input with hint text","status":"passed","title":"renders labelled input with hint text","duration":305.2690999999995,"failureMessages":[],"meta":{}},{"ancestorTitles":["TypedAmountConfirmField"],"fullName":"TypedAmountConfirmField marks input invalid when value does not match","status":"passed","title":"marks input invalid when value does not match","duration":409.3256000000001,"failureMessages":[],"meta":{}},{"ancestorTitles":["TypedAmountConfirmField"],"fullName":"TypedAmountConfirmField marks input valid when value matches","status":"passed","title":"marks input valid when value matches","duration":50.84510000000046,"failureMessages":[],"meta":{}},{"ancestorTitles":["TypedAmountConfirmField"],"fullName":"TypedAmountConfirmField calls onChange when user types","status":"passed","title":"calls onChange when user types","duration":299.92319999999927,"failureMessages":[],"meta":{}},{"ancestorTitles":["TypedAmountConfirm modal"],"fullName":"TypedAmountConfirm modal renders nothing when closed","status":"passed","title":"renders nothing when closed","duration":25.710399999999936,"failureMessages":[],"meta":{}},{"ancestorTitles":["TypedAmountConfirm modal"],"fullName":"TypedAmountConfirm modal renders dialog with amount summary when open","status":"passed","title":"renders dialog with amount summary when open","duration":240.54839999999967,"failureMessages":[],"meta":{}},{"ancestorTitles":["TypedAmountConfirm modal"],"fullName":"TypedAmountConfirm modal disables confirm until amount matches","status":"passed","title":"disables confirm until amount matches","duration":359.6754000000001,"failureMessages":[],"meta":{}},{"ancestorTitles":["TypedAmountConfirm modal"],"fullName":"TypedAmountConfirm modal calls onConfirm when amount matches and confirm is clicked","status":"passed","title":"calls onConfirm when amount matches and confirm is clicked","duration":892.8914999999997,"failureMessages":[],"meta":{}},{"ancestorTitles":["TypedAmountConfirm modal"],"fullName":"TypedAmountConfirm modal calls onCancel when cancel is clicked","status":"passed","title":"calls onCancel when cancel is clicked","duration":296.79060000000027,"failureMessages":[],"meta":{}},{"ancestorTitles":["TypedAmountConfirm modal"],"fullName":"TypedAmountConfirm modal calls onCancel when Escape is pressed","status":"passed","title":"calls onCancel when Escape is pressed","duration":33.65400000000045,"failureMessages":[],"meta":{}},{"ancestorTitles":["TypedAmountConfirm modal"],"fullName":"TypedAmountConfirm modal resets typed value when reopened","status":"passed","title":"resets typed value when reopened","duration":430.78800000000047,"failureMessages":[],"meta":{}}],"startTime":1784972358518,"endTime":1784972361872.788,"status":"passed","message":"","name":"C:/Users/HP-USER/Creditra-Frontend/src/components/TypedAmountConfirm.test.tsx"},{"assertionResults":[{"ancestorTitles":["VideoThumbnail"],"fullName":"VideoThumbnail does not render a third-party iframe until the user clicks play","status":"passed","title":"does not render a third-party iframe until the user clicks play","duration":1382.7261999999992,"failureMessages":[],"meta":{}},{"ancestorTitles":["VideoThumbnail"],"fullName":"VideoThumbnail renders the transcript link when one is provided","status":"passed","title":"renders the transcript link when one is provided","duration":353.9881999999998,"failureMessages":[],"meta":{}}],"startTime":1784972577364,"endTime":1784972579100.9883,"status":"passed","message":"","name":"C:/Users/HP-USER/Creditra-Frontend/src/components/VideoThumbnail.test.tsx"},{"assertionResults":[{"ancestorTitles":["WalletButton Component"],"fullName":"WalletButton Component renders Connect Wallet button when disconnected","status":"passed","title":"renders Connect Wallet button when disconnected","duration":443.2534000000014,"failureMessages":[],"meta":{}},{"ancestorTitles":["WalletButton Component"],"fullName":"WalletButton Component renders wallet address chip when connected","status":"passed","title":"renders wallet address chip when connected","duration":174.88280000000123,"failureMessages":[],"meta":{}},{"ancestorTitles":["WalletButton Component"],"fullName":"WalletButton Component toggles dropdown and resets QR state on close","status":"passed","title":"toggles dropdown and resets QR state on close","duration":895.3124000000007,"failureMessages":[],"meta":{}},{"ancestorTitles":["WalletButton Component"],"fullName":"WalletButton Component performs disconnect action and resets state","status":"passed","title":"performs disconnect action and resets state","duration":648.9139999999989,"failureMessages":[],"meta":{}},{"ancestorTitles":["WalletButton Component"],"fullName":"WalletButton Component shows Forget remembered choice in dropdown when isRemembered=true","status":"passed","title":"shows Forget remembered choice in dropdown when isRemembered=true","duration":218.97110000000066,"failureMessages":[],"meta":{}},{"ancestorTitles":["WalletButton Component"],"fullName":"WalletButton Component hides Forget remembered choice when isRemembered=false","status":"passed","title":"hides Forget remembered choice when isRemembered=false","duration":225.01629999999932,"failureMessages":[],"meta":{}}],"startTime":1784972235431,"endTime":1784972238038.0164,"status":"passed","message":"","name":"C:/Users/HP-USER/Creditra-Frontend/src/components/WalletButton.test.tsx"},{"assertionResults":[{"ancestorTitles":["WalletQrCode Component"],"fullName":"WalletQrCode Component renders a QR code SVG when a valid address is provided","status":"passed","title":"renders a QR code SVG when a valid address is provided","duration":238.6972999999998,"failureMessages":[],"meta":{}},{"ancestorTitles":["WalletQrCode Component"],"fullName":"WalletQrCode Component renders null when address is empty or not provided","status":"passed","title":"renders null when address is empty or not provided","duration":7.33810000000085,"failureMessages":[],"meta":{}},{"ancestorTitles":["WalletQrCode Component"],"fullName":"WalletQrCode Component renders error message when QR code generation throws an error","status":"passed","title":"renders error message when QR code generation throws an error","duration":511.4564999999984,"failureMessages":[],"meta":{}}],"startTime":1784972630321,"endTime":1784972631079.4565,"status":"passed","message":"","name":"C:/Users/HP-USER/Creditra-Frontend/src/components/WalletQrCode.test.tsx"},{"assertionResults":[{"ancestorTitles":["WalletReconnectBanner"],"fullName":"WalletReconnectBanner is not rendered when status is \"disconnected\"","status":"passed","title":"is not rendered when status is \"disconnected\"","duration":88.1856000000007,"failureMessages":[],"meta":{}},{"ancestorTitles"
[...]
nt with \"Last updated:\" prefix","status":"passed","title":"renders tooltip content with \"Last updated:\" prefix","duration":105.58249999999862,"failureMessages":[],"meta":{}},{"ancestorTitles":["CreditLines page"],"fullName":"CreditLines page displays APR, Risk Score, and Opened date for each card","status":"passed","title":"displays APR, Risk Score, and Opened date for each card","duration":263.85139999999956,"failureMessages":[],"meta":{}}],"startTime":1784972324864,"endTime":1784972327842.8513,"status":"passed","message":"","name":"C:/Users/HP-USER/Creditra-Frontend/src/pages/__tests__/CreditLines.test.tsx"},{"assertionResults":[{"ancestorTitles":["RepayPage"],"fullName":"RepayPage renders credit line selection when no line is preselected","status":"passed","title":"renders credit line selection when no line is preselected","duration":320.53989999999976,"failureMessages":[],"meta":{}},{"ancestorTitles":["RepayPage"],"fullName":"RepayPage shows available credit lines in selection view","status":"passed","title":"shows available credit lines in selection view","duration":61.8663000000015,"failureMessages":[],"meta":{}},{"ancestorTitles":["RepayPage"],"fullName":"RepayPage navigates to input view when a credit line is selected","status":"passed","title":"navigates to input view when a credit line is selected","duration":1452.928899999999,"failureMessages":[],"meta":{}},{"ancestorTitles":["RepayPage"],"fullName":"RepayPage preselects a credit line when line param is provided","status":"passed","title":"preselects a credit line when line param is provided","duration":1085.6502,"failureMessages":[],"meta":{}},{"ancestorTitles":["RepayPage"],"fullName":"RepayPage shows the PayoffProjection component in input view","status":"passed","title":"shows the PayoffProjection component in input view","duration":664.8973000000005,"failureMessages":[],"meta":{}},{"ancestorTitles":["RepayPage"],"fullName":"RepayPage shows current debt amount","status":"passed","title":"shows current debt amount","duration":577.564699999999,"failureMessages":[],"meta":{}},{"ancestorTitles":["RepayPage"],"fullName":"RepayPage has quick percentage buttons","status":"passed","title":"has quick percentage buttons","duration":1570.0367000000006,"failureMessages":[],"meta":{}},{"ancestorTitles":["RepayPage"],"fullName":"RepayPage Review Repayment button is disabled with no amount","status":"passed","title":"Review Repayment button is disabled with no amount","duration":827.6034,"failureMessages":[],"meta":{}},{"ancestorTitles":["RepayPage"],"fullName":"RepayPage has I need help button","status":"passed","title":"has I need help button","duration":680.8040000000001,"failureMessages":[],"meta":{}},{"ancestorTitles":["RepayPage"],"fullName":"RepayPage has Cancel button","status":"passed","title":"has Cancel button","duration":652.3216999999968,"failureMessages":[],"meta":{}},{"ancestorTitles":["RepayPage"],"fullName":"RepayPage renders Smart Pay button when a credit line is selected","status":"passed","title":"renders Smart Pay button when a credit line is selected","duration":1785.3628999999964,"failureMessages":[],"meta":{}},{"ancestorTitles":["RepayPage"],"fullName":"RepayPage Smart Pay button has correct aria-label with suggested amount","status":"passed","title":"Smart Pay button has correct aria-label with suggested amount","duration":1158.9035000000003,"failureMessages":[],"meta":{}},{"ancestorTitles":["RepayPage"],"fullName":"RepayPage clicking Smart Pay fills the amount input with the suggested value","status":"passed","title":"clicking Smart Pay fills the amount input with the suggested value","duration":1649.5187000000005,"failureMessages":[],"meta":{}},{"ancestorTitles":["RepayPage"],"fullName":"RepayPage Smart Pay enables Review Repayment when clicked","status":"passed","title":"Smart Pay enables Review Repayment when clicked","duration":1379.4197000000022,"failureMessages":[],"meta":{}}],"startTime":1784972137873,"endTime":1784972151744.4197,"status":"passed","message":"","name":"C:/Users/HP-USER/Creditra-Frontend/src/pages/__tests__/RepayPage.test.tsx"},{"assertionResults":[{"ancestorTitles":["linkedAccounts service","fetchLinkedAccounts"],"fullName":"linkedAccounts service fetchLinkedAccounts should fetch and return linked accounts","status":"passed","title":"should fetch and return linked accounts","duration":12.924600000000282,"failureMessages":[],"meta":{}},{"ancestorTitles":["linkedAccounts service","fetchLinkedAccounts"],"fullName":"linkedAccounts service fetchLinkedAccounts should filter out disconnected accounts","status":"passed","title":"should filter out disconnected accounts","duration":4.078599999999824,"failureMessages":[],"meta":{}},{"ancestorTitles":["linkedAccounts service","fetchLinkedAccounts"],"fullName":"linkedAccounts service fetchLinkedAccounts should handle fetch errors","status":"passed","title":"should handle fetch errors","duration":3.8958999999995285,"failureMessages":[],"meta":{}},{"ancestorTitles":["linkedAccounts service","initiateLinkAccount"],"fullName":"linkedAccounts service initiateLinkAccount should initiate OAuth flow for new provider","status":"passed","title":"should initiate OAuth flow for new provider","duration":6.729200000000674,"failureMessages":[],"meta":{}},{"ancestorTitles":["linkedAccounts service","initiateLinkAccount"],"fullName":"linkedAccounts service initiateLinkAccount should reject if provider is already linked","status":"passed","title":"should reject if provider is already linked","duration":3.1730999999999767,"failureMessages":[],"meta":{}},{"ancestorTitles":["linkedAccounts service","initiateLinkAccount"],"fullName":"linkedAccounts service initiateLinkAccount should include redirect URL in OAuth URL","status":"passed","title":"should include redirect URL in OAuth URL","duration":2.108299999999872,"failureMessages":[],"meta":{}},{"ancestorTitles":["linkedAccounts service","completeOAuthLink"],"fullName":"linkedAccounts service completeOAuthLink should complete OAuth flow and create linked account","status":"passed","title":"should complete OAuth flow and create linked account","duration":4.3554000000003725,"failureMessages":[],"meta":{}},{"ancestorTitles":["linkedAccounts service","completeOAuthLink"],"fullName":"linkedAccounts service completeOAuthLink should reject with invalid state","status":"passed","title":"should reject with invalid state","duration":1.332499999999527,"failureMessages":[],"meta":{}},{"ancestorTitles":["linkedAccounts service","completeOAuthLink"],"fullName":"linkedAccounts service completeOAuthLink should reject with expired state","status":"passed","title":"should reject with expired state","duration":2.9997000000003027,"failureMessages":[],"meta":{}},{"ancestorTitles":["linkedAccounts service","completeOAuthLink"],"fullName":"linkedAccounts service completeOAuthLink should reject with mismatched provider","status":"passed","title":"should reject with mismatched provider","duration":1.686000000000604,"failureMessages":[],"meta":{}},{"ancestorTitles":["linkedAccounts service","disconnectAccount"],"fullName":"linkedAccounts service disconnectAccount should disconnect an existing account","status":"passed","title":"should disconnect an existing account","duration":1.8963999999996304,"failureMessages":[],"meta":{}},{"ancestorTitles":["linkedAccounts service","disconnectAccount"],"fullName":"linkedAccounts service disconnectAccount should throw error if account not found","status":"passed","title":"should throw error if account not found","duration":1.4997000000003027,"failureMessages":[],"meta":{}},{"ancestorTitles":["linkedAccounts service","reconnectAccount"],"fullName":"linkedAccounts service reconnectAccount should initiate reconnection for existing account","status":"passed","title":"should initiate reconnection for existing account","duration":5.442199999999502,"failureMessages":[],"meta":{}},{"ancestorTitles":["linkedAccounts service","reconnectAccount"],"fullName":"linkedAccounts service reconnectAccount should throw error if account not found","status":"passed","title":"should throw error if account not found","duration":1.347099999999955,"failureMessages":[],"meta":{}},{"ancestorTitles":["linkedAccounts service","verifyAccount"],"fullName":"linkedAccounts service verifyAccount should verify and update account timestamp","status":"passed","title":"should verify and update account timestamp","duration":2.699700000000121,"failureMessages":[],"meta":{}},{"ancestorTitles":["linkedAccounts service","verifyAccount"],"fullName":"linkedAccounts service verifyAccount should handle verification failure","status":"passed","title":"should handle verification failure","duration":2.081500000000233,"failureMessages":[],"meta":{}},{"ancestorTitles":["linkedAccounts service","verifyAccount"],"fullName":"linkedAccounts service verifyAccount should throw error if account not found","status":"passed","title":"should throw error if account not found","duration":1.7130999999999403,"failureMessages":[],"meta":{}},{"ancestorTitles":["linkedAccounts service","PROVIDER_INFO"],"fullName":"linkedAccounts service PROVIDER_INFO should have info for all supported providers","status":"passed","title":"should have info for all supported providers","duration":1.7566999999999098,"failureMessages":[],"meta":{}}],"startTime":1784972650933,"endTime":1784972650996.7566,"status":"passed","message":"","name":"C:/Users/HP-USER/Creditra-Frontend/src/services/__tests__/linkedAccounts.test.ts"},{"assertionResults":[{"ancestorTitles":["computePayoffProjection"],"fullName":"computePayoffProjection returns zero months saved when repayAmount is 0","status":"passed","title":"returns zero months saved when repayAmount is 0","duration":3.7439000000003944,"failureMessages":[],"meta":{}},{"ancestorTitles":["computePayoffProjection"],"fullName":"computePayoffProjection shows reduced months when a repayment is made","status":"passed","title":"shows reduced months when a repayment is made","duration":1.0875000000005457,"failureMessages":[],"meta":{}},{"ancestorTitles":["computePayoffProjection"],"fullName":"computePayoffProjection marks isFullPayoff when repayAmount >= debt","status":"passed","title":"marks isFullPayoff when repayAmount >= debt","duration":0.5849000000007436,"failureMessages":[],"meta":{}},{"ancestorTitles":["computePayoffProjection"],"fullName":"computePayoffProjection caps at zero for negative repayAmount","status":"passed","title":"caps at zero for negative repayAmount","duration":0.5506999999997788,"failureMessages":[],"meta":{}},{"ancestorTitles":["computePayoffProjection"],"fullName":"computePayoffProjection caps repayAmount at debt value (cannot overpay beyond debt)","status":"passed","title":"caps repayAmount at debt value (cannot overpay beyond debt)","duration":0.6337000000003172,"failureMessages":[],"meta":{}},{"ancestorTitles":["computePayoffProjection"],"fullName":"computePayoffProjection returns utilization percentages correctly","status":"passed","title":"returns utilization percentages correctly","duration":0.6345000000001164,"failureMessages":[],"meta":{}},{"ancestorTitles":["computePayoffProjection"],"fullName":"computePayoffProjection returns zero utilization when limit is 0","status":"passed","title":"returns zero utilization when limit is 0","duration":0.4246000000002823,"failureMessages":[],"meta":{}},{"ancestorTitles":["computePayoffProjection"],"fullName":"computePayoffProjection handles zero APR correctly","status":"passed","title":"handles zero APR correctly","duration":0.597700000000259,"failureMessages":[],"meta":{}},{"ancestorTitles":["computePayoffProjection"],"fullName":"computePayoffProjection handles very small debt","status":"passed","title":"handles very small debt","duration":0.5901999999996406,"failureMessages":[],"meta":{}},{"ancestorTitles":["computePayoffProjection"],"fullName":"computePayoffProjection handles zero debt","status":"passed","title":"handles zero debt","duration":0.6745999999993728,"failureMessages":[],"meta":{}},{"ancestorTitles":["computePayoffProjection"],"fullName":"computePayoffProjection does not return negative monthsSaved when debt cannot be paid","status":"passed","title":"does not return negative monthsSaved when debt cannot be paid","duration":0.6611999999995533,"failureMessages":[],"meta":{}},{"ancestorTitles":["computeDefaultMonthlyPayment"],"fullName":"computeDefaultMonthlyPayment uses nextPaymentAmount when provided","status":"passed","title":"uses nextPaymentAmount when provided","duration":0.43249999999989086,"failureMessages":[],"meta":{}},{"ancestorTitles":["computeDefaultMonthlyPayment"],"fullName":"computeDefaultMonthlyPayment falls back to fraction-based when no nextPaymentAmount","status":"passed","title":"falls back to fraction-based when no nextPaymentAmount","duration":0.29389999999966676,"failureMessages":[],"meta":{}},{"ancestorTitles":["computeDefaultMonthlyPayment"],"fullName":"computeDefaultMonthlyPayment returns 0 for zero debt","status":"passed","title":"returns 0 for zero debt","duration":0.3051999999997861,"failureMessages":[],"meta":{}},{"ancestorTitles":["computeDefaultMonthlyPayment"],"fullName":"computeDefaultMonthlyPayment returns 0 for zero debt with nextPaymentAmount","status":"passed","title":"returns 0 for zero debt with nextPaymentAmount","duration":0.2533999999996013,"failureMessages":[],"meta":{}},{"ancestorTitles":["formatMonths"],"fullName":"formatMonths formats 0 as \"Paid off\"","status":"passed","title":"formats 0 as \"Paid off\"","duration":0.38070000000061555,"failureMessages":[],"meta":{}},{"ancestorTitles":["formatMonths"],"fullName":"formatMonths formats months-only values","status":"passed","title":"formats months-only values","duration":0.29690000000027794,"failureMessages":[],"meta":{}},{"ancestorTitles":["formatMonths"],"fullName":"formatMonths formats exact years","status":"passed","title":"formats exact years","duration":0.2966999999998734,"failureMessages":[],"meta":{}},{"ancestorTitles":["formatMonths"],"fullName":"formatMonths formats years and months","status":"passed","title":"formats years and months","duration":0.262100000000828,"failureMessages":[],"meta":{}},{"ancestorTitles":["formatMonths"],"fullName":"formatMonths returns \"10+ years\" for 360+ months","status":"passed","title":"returns \"10+ years\" for 360+ months","duration":0.3180999999995038,"failureMessages":[],"meta":{}},{"ancestorTitles":["formatPayoffDate"],"fullName":"formatPayoffDate returns \"Now\" for full payoff or 0 months","status":"passed","title":"returns \"Now\" for full payoff or 0 months","duration":0.4103000000004613,"failureMessages":[],"meta":{}},{"ancestorTitles":["formatPayoffDate"],"fullName":"formatPayoffDate returns future date string","status":"passed","title":"returns future date string","duration":57.975499999999556,"failureMessages":[],"meta":{}},{"ancestorTitles":["formatPayoffDate"],"fullName":"formatPayoffDate returns \"10+ years\" for 360+ months","status":"passed","title":"returns \"10+ years\" for 360+ months","duration":0.2551999999996042,"failureMessages":[],"meta":{}}],"startTime":1784972671330,"endTime":1784972671403.2551,"status":"passed","message":"","name":"C:/Users/HP-USER/Creditra-Frontend/src/utils/__tests__/payoffProjection.test.ts"},{"assertionResults":[{"ancestorTitles":["suggestRepayAmount"],"fullName":"suggestRepayAmount returns 0 when totalDue is 0","status":"passed","title":"returns 0 when totalDue is 0","duration":3.7082999999993262,"failureMessages":[],"meta":{}},{"ancestorTitles":["suggestRepayAmount"],"fullName":"suggestRepayAmount returns 0 when walletBalance is 0","status":"passed","title":"returns 0 when walletBalance is 0","duration":0.5311999999994441,"failureMessages":[],"meta":{}},{"ancestorTitles":["suggestRepayAmount"],"fullName":"suggestRepayAmount returns 0 when totalDue is 0 and walletBalance is 0","status":"passed","title":"returns 0 when totalDue is 0 and walletBalance is 0","duration":0.4305000000003929,"failureMessages":[],"meta":{}},{"ancestorTitles":["suggestRepayAmount"],"fullName":"suggestRepayAmount suggests enough to bring utilization to 50% when above 50%","status":"passed","title":"suggests enough to bring utilization to 50% when above 50%","duration":0.6643999999996595,"failureMessages":[],"meta":{}},{"ancestorTitles":["suggestRepayAmount"],"fullName":"suggestRepayAmount does not exceed wallet balance minus reserve","status":"passed","title":"does not exceed wallet balance minus reserve","duration":0.649000000000342,"failureMessages":[],"meta":{}},{"ancestorTitles":["suggestRepayAmount"],"fullName":"suggestRepayAmount never exceeds totalDue","status":"passed","title":"never exceeds totalDue","duration":0.4680000000007567,"failureMessages":[],"meta":{}},{"ancestorTitles":["suggestRepayAmount"],"fullName":"suggestRepayAmount never exceeds walletBalance minus reserve","status":"passed","title":"never exceeds walletBalance minus reserve","duration":0.47730000000046857,"failureMessages":[],"meta":{}},{"ancestorTitles":["suggestRepayAmount"],"fullName":"suggestRepayAmount returns at least 1 when there is debt and wallet balance","status":"passed","title":"returns at least 1 when there is debt and wallet balance","duration":0.5263999999997395,"failureMessages":[],"meta":{}},{"ancestorTitles":["suggestRepayAmount"],"fullName":"suggestRepayAmount uses nextPaymentAmount when utilization is at or below 50%","status":"passed","title":"uses nextPaymentAmount when utilization is at or below 50%","duration":0.4338999999999942,"failureMessages":[],"meta":{}},{"ancestorTitles":["suggestRepayAmount"],"fullName":"suggestRepayAmount returns monthly interest as floor when no nextPaymentAmount and utilization <= 50%","status":"passed","title":"returns monthly interest as floor when no nextPaymentAmount and utilization <= 50%","duration":0.4717000000000553,"failureMessages":[],"meta":{}},{"ancestorTitles":["suggestRepayAmount"],"fullName":"suggestRepayAmount handles high APR correctly","status":"passed","title":"handles high APR correctly","duration":0.5694999999996071,"failureMessages":[],"meta":{}},{"ancestorTitles":["suggestRepayAmount"],"fullName":"suggestRepayAmount returns suggested amount as a number with max 2 decimal places","status":"passed","title":"returns suggested amount as a number with max 2 decimal places","duration":0.3352999999997337,"failureMessages":[],"meta":{}},{"ancestorTitles":["suggestRepayAmount"],"fullName":"suggestRepayAmount prefers target-util amount over nextPaymentAmount when utilization > 50%","status":"passed","title":"prefers target-util amount over nextPaymentAmount when utilization > 50%","duration":0.2857000000003609,"failureMessages":[],"meta":{}},{"ancestorTitles":["suggestRepayAmount"],"fullName":"suggestRepayAmount rounds the result to 2 decimal places","status":"passed","title":"rounds the result to 2 decimal places","duration":0.3743000000004031,"failureMessages":[],"meta":{}}],"startTime":1784972694434,"endTime":1784972694444.3743,"status":"passed","message":"","name":"C:/Users/HP-USER/Creditra-Frontend/src/utils/__tests__/suggestRepay.test.ts"},{"assertionResults":[{"ancestorTitles":["ExportAccountSettings Component Suite"],"fullName":"ExportAccountSettings Component Suite should render headers and download interaction buttons correctly","status":"passed","title":"should render headers and download interaction buttons correctly","duration":82.30509999999958,"failureMessages":[],"meta":{}},{"ancestorTitles":["ExportAccountSettings Component Suite"],"fullName":"ExportAccountSettings Component Suite should trigger JSON formatting flow download pipeline cleanly when clicked","status":"passed","title":"should trigger JSON formatting flow download pipeline cleanly when clicked","duration":68.02489999999943,"failureMessages":[],"meta":{}}],"startTime":1784972663262,"endTime":1784972663412.025,"status":"passed","message":"","name":"C:/Users/HP-USER/Creditra-Frontend/src/pages/settings/__tests__/Export.test.tsx"}]}