{"numTotalTestSuites":254,"numPassedTestSuites":227,"numFailedTestSuites":27,"numPendingTestSuites":0,"numTotalTests":897,"numPassedTests":865,"numFailedTests":32,"numPendingTests":0,"numTodoTests":0,"snapshot":{"added":0,"failure":false,"filesAdded":0,"filesRemoved":0,"filesRemovedList":[],"filesUnmatched":0,"filesUpdated":0,"matched":2,"total":2,"unchecked":0,"uncheckedKeysByFile":[],"unmatched":0,"updated":0,"didUpdate":false},"startTime":1784874257566,"success":false,"testResults":[{"assertionResults":[],"startTime":1784874257566,"endTime":1784874257566,"status":"failed","message":"Transform failed with 1 error:\nC:/Users/HP-USER/Creditra-Frontend/src/pages/Dashboard.tsx:1319:22: ERROR: Unexpected \">\"","name":"C:/Users/HP-USER/Creditra-Frontend/src/App.credit-lines-route.test.tsx"},{"assertionResults":[],"startTime":1784874257566,"endTime":1784874257566,"status":"failed","message":"Transform failed with 1 error:\nC:/Users/HP-USER/Creditra-Frontend/src/pages/Dashboard.tsx:1319:22: ERROR: Unexpected \">\"","name":"C:/Users/HP-USER/Creditra-Frontend/src/App.test.tsx"},{"assertionResults":[{"ancestorTitles":["ContrastContext"],"fullName":"ContrastContext defaults to normal mode with no stored value","status":"passed","title":"defaults to normal mode with no stored value","duration":81.56490000000122,"failureMessages":[],"meta":{}},{"ancestorTitles":["ContrastContext"],"fullName":"ContrastContext applies [data-contrast=\"high\"] after toggling on","status":"passed","title":"applies [data-contrast=\"high\"] after toggling on","duration":457.6014000000014,"failureMessages":[],"meta":{}},{"ancestorTitles":["ContrastContext"],"fullName":"ContrastContext removes [data-contrast] attribute when toggling back to normal","status":"passed","title":"removes [data-contrast] attribute when toggling back to normal","duration":290.6735000000008,"failureMessages":[],"meta":{}},{"ancestorTitles":["ContrastContext"],"fullName":"ContrastContext setContrastMode(\"high\") applies attribute and updates state","status":"passed","title":"setContrastMode(\"high\") applies attribute and updates state","duration":171.41490000000158,"failureMessages":[],"meta":{}},{"ancestorTitles":["ContrastContext"],"fullName":"ContrastContext setContrastMode(\"normal\") removes attribute","status":"passed","title":"setContrastMode(\"normal\") removes attribute","duration":134.86169999999947,"failureMessages":[],"meta":{}},{"ancestorTitles":["ContrastContext"],"fullName":"ContrastContext persists mode to localStorage when toggled","status":"passed","title":"persists mode to localStorage when toggled","duration":120.58429999999862,"failureMessages":[],"meta":{}},{"ancestorTitles":["ContrastContext"],"fullName":"ContrastContext reads persisted high mode from localStorage on mount","status":"passed","title":"reads persisted high mode from localStorage on mount","duration":5.27390000000014,"failureMessages":[],"meta":{}},{"ancestorTitles":["ContrastContext"],"fullName":"ContrastContext falls back to normal when stored value is invalid","status":"passed","title":"falls back to normal when stored value is invalid","duration":4.797200000000885,"failureMessages":[],"meta":{}},{"ancestorTitles":["ContrastContext"],"fullName":"ContrastContext throws when useContrast is used outside a provider","status":"passed","title":"throws when useContrast is used outside a provider","duration":40.0002999999997,"failureMessages":[],"meta":{}}],"startTime":1784874403798,"endTime":1784874405105.0002,"status":"passed","message":"","name":"C:/Users/HP-USER/Creditra-Frontend/src/context/ContrastContext.test.tsx"},{"assertionResults":[{"ancestorTitles":["WalletContext — auto-reconnect gating with remember flag"],"fullName":"WalletContext — auto-reconnect gating with remember flag does NOT auto-reconnect when remembered flag is false","status":"failed","title":"does NOT auto-reconnect when remembered flag is false","duration":97.90749999999935,"failureMessages":["AssertionError: expected 'connected' to be 'disconnected' // Object.is equality\n    at C:\\Users\\HP-USER\\Creditra-Frontend\\src\\context\\WalletContext.test.tsx:141:54\n    at file:///C:/Users/HP-USER/Creditra-Frontend/node_modules/@vitest/runner/dist/chunk-hooks.js:752:20"],"meta":{}},{"ancestorTitles":["WalletContext — auto-reconnect gating with remember flag"],"fullName":"WalletContext — auto-reconnect gating with remember flag auto-reconnects when both wallet_info AND remembered are present","status":"passed","title":"auto-reconnects when both wallet_info AND remembered are present","duration":14.733999999999469,"failureMessages":[],"meta":{}},{"ancestorTitles":["WalletContext — auto-reconnect gating with remember flag"],"fullName":"WalletContext — auto-reconnect gating with remember flag surfaces isRemembered=true after auto-reconnect","status":"passed","title":"surfaces isRemembered=true after auto-reconnect","duration":11.35609999999997,"failureMessages":[],"meta":{}},{"ancestorTitles":["WalletContext — opt-in connect"],"fullName":"WalletContext — opt-in connect defaults to NOT remembering when options.remember is omitted","status":"failed","title":"defaults to NOT remembering when options.remember is omitted","duration":5019.042300000001,"failureMessages":["Error: STACK_TRACE_ERROR\n    at task (file:///C:/Users/HP-USER/Creditra-Frontend/node_modules/@vitest/runner/dist/chunk-hooks.js:638:27)\n    at Object.<anonymous> (file:///C:/Users/HP-USER/Creditra-Frontend/node_modules/@vitest/runner/dist/chunk-hooks.js:662:16)\n    at Object.<anonymous> (file:///C:/Users/HP-USER/Creditra-Frontend/node_modules/@vitest/runner/dist/chunk-hooks.js:458:28)\n    at Module.chain (file:///C:/Users/HP-USER/Creditra-Frontend/node_modules/@vitest/runner/dist/chunk-hooks.js:369:14)\n    at C:\\Users\\HP-USER\\Creditra-Frontend\\src\\context\\WalletContext.test.tsx:173:3\n    at file:///C:/Users/HP-USER/Creditra-Frontend/node_modules/@vitest/runner/dist/chunk-hooks.js:734:40\n    at runWithSuite (file:///C:/Users/HP-USER/Creditra-Frontend/node_modules/@vitest/runner/dist/chunk-hooks.js:1849:8)\n    at Object.collect (file:///C:/Users/HP-USER/Creditra-Frontend/node_modules/@vitest/runner/dist/chunk-hooks.js:734:10)\n    at Object.collect (file:///C:/Users/HP-USER/Creditra-Frontend/node_modules/@vitest/runner/dist/chunk-hooks.js:738:54)\n    at processTicksAndRejections (node:internal/process/task_queues:104:5)\n    at collectTests (file:///C:/Users/HP-USER/Creditra-Frontend/node_modules/@vitest/runner/dist/chunk-hooks.js:1179:25)\n    at startTests (file:///C:/Users/HP-USER/Creditra-Frontend/node_modules/@vitest/runner/dist/chunk-hooks.js:1817:17)\n    at file:///C:/Users/HP-USER/Creditra-Frontend/node_modules/vitest/dist/chunks/runBaseTests.9Ij9_de-.js:117:26\n    at withEnv (file:///C:/Users/HP-USER/Creditra-Frontend/node_modules/vitest/dist/chunks/runBaseTests.9Ij9_de-.js:84:3)\n    at run (file:///C:/Users/HP-USER/Creditra-Frontend/node_modules/vitest/dist/chunks/runBaseTests.9Ij9_de-.js:109:2)"],"meta":{}},{"ancestorTitles":["WalletContext — opt-in connect"],"fullName":"WalletContext — opt-in connect passes remember=true through to setWalletRemembered","status":"failed","title":"passes remember=true through to setWalletRemembered","duration":5014.1147,"failureMessages":["Error: STACK_TRACE_ERROR\n    at task (file:///C:/Users/HP-USER/Creditra-Frontend/node_modules/@vitest/runner/dist/chunk-hooks.js:638:27)\n    at Object.<anonymous> (file:///C:/Users/HP-USER/Creditra-Frontend/node_modules/@vitest/runner/dist/chunk-hooks.js:662:16)\n    at Object.<anonymous> (file:///C:/Users/HP-USER/Creditra-Frontend/node_modules/@vitest/runner/dist/chunk-hooks.js:458:28)\n    at Module.chain (file:///C:/Users/HP-USER/Creditra-Frontend/node_modules/@vitest/runner/dist/chunk-hooks.js:369:14)\n    at C:\\Users\\HP-USER\\Creditra-Frontend\\src\\context\\WalletContext.test.tsx:189:3\n    at file:///C:/Users/HP-USER/Creditra-Frontend/node_modules/@vitest/runner/dist/chunk-hooks.js:734:40\n    at runWithSuite (file:///C:/Users/HP-USER/Creditra-Frontend/node_modules/@vitest/runner/dist/chunk-hooks.js:1849:8)\n    at Object.collect (file:///C:/Users/HP-USER/Creditra-Frontend/node_modules/@vitest/runner/dist/chunk-hooks.js:734:10)\n    at Object.collect (file:///C:/Users/HP-USER/Creditra-Frontend/node_modules/@vitest/runner/dist/chunk-hooks.js:738:54)\n    at processTicksAndRejections (node:internal/process/task_queues:104:5)\n    at collectTests (file:///C:/Users/HP-USER/Creditra-Frontend/node_modules/@vitest/runner/dist/chunk-hooks.js:1179:25)\n    at startTests (file:///C:/Users/HP-USER/Creditra-Frontend/node_modules/@vitest/runner/dist/chunk-hooks.js:1817:17)\n    at file:///C:/Users/HP-USER/Creditra-Frontend/node_modules/vitest/dist/chunks/runBaseTests.9Ij9_de-.js:117:26\n    at withEnv (file:///C:/Users/HP-USER/Creditra-Frontend/node_modules/vitest/dist/chunks/runBaseTests.9Ij9_de-.js:84:3)\n    at run (file:///C:/Users/HP-USER/Creditra-Frontend/node_modules/vitest/dist/chunks/runBaseTests.9Ij9_de-.js:109:2)"],"meta":{}},{"ancestorTitles":["WalletContext — opt-in connect"],"fullName":"WalletContext — opt-in connect treats remember=false explicitly as opting out","status":"failed","title":"treats remember=false explicitly as opting out","duration":5020.288500000001,"failureMessages":["Error: STACK_TRACE_ERROR\n    at task (file:///C:/Users/HP-USER/Creditra-Frontend/node_modules/@vitest/runner/dist/chunk-hooks.js:638:27)\n    at Object.<anonymous> (file:///C:/Users/HP-USER/Creditra-Frontend/node_modules/@vitest/runner/dist/chunk-hooks.js:662:16)\n    at Object.<anonymous> (file:///C:/Users/HP-USER/Creditra-Frontend/node_modules/@vitest/runner/dist/chunk-hooks.js:458:28)\n    at Module.chain (file:///C:/Users/HP-USER/Creditra-Frontend/node_modules/@vitest/runner/dist/chunk-hooks.js:369:14)\n    at C:\\Users\\HP-USER\\Creditra-Frontend\\src\\context\\WalletContext.test.tsx:205:3\n    at file:///C:/Users/HP-USER/Creditra-Frontend/node_modules/@vitest/runner/dist/chunk-hooks.js:734:40\n    at runWithSuite (file:///C:/Users/HP-USER/Creditra-Frontend/node_modules/@vitest/runner/dist/chunk-hooks.js:1849:8)\n    at Object.collect (file:///C:/Users/HP-USER/Creditra-Frontend/node_modules/@vitest/runner/dist/chunk-hooks.js:734:10)\n    at Object.collect (file:///C:/Users/HP-USER/Creditra-Frontend/node_modules/@vitest/runner/dist/chunk-hooks.js:738:54)\n    at processTicksAndRejections (node:internal/process/task_queues:104:5)\n    at collectTests (file:///C:/Users/HP-USER/Creditra-Frontend/node_modules/@vitest/runner/dist/chunk-hooks.js:1179:25)\n    at startTests (file:///C:/Users/HP-USER/Creditra-Frontend/node_modules/@vitest/runner/dist/chunk-hooks.js:1817:17)\n    at file:///C:/Users/HP-USER/Creditra-Frontend/node_modules/vitest/dist/chunks/runBaseTests.9Ij9_de-.js:117:26\n    at withEnv (file:///C:/Users/HP-USER/Creditra-Frontend/node_modules/vitest/dist/chunks/runBaseTests.9Ij9_de-.js:84:3)\n    at run (file:///C:/Users/HP-USER/Creditra-Frontend/node_modules/vitest/dist/chunks/runBaseTests.9Ij9_de-.js:109:2)"],"meta":{}},{"ancestorTitles":["WalletContext — opt-in connect"],"fullName":"WalletContext — opt-in connect does not write persisted remember state on connection failure","status":"failed","title":"does not write persisted remember state on connection failure","duration":5014.206099999999,"failureMessages":["Error: STACK_TRACE_ERROR\n    at task (file:///C:/Users/HP-USER/Creditra-Frontend/node_modules/@vitest/runner/dist/chunk-hooks.js:638:27)\n    at Object.<anonymous> (file:///C:/Users/HP-USER/Creditra-Frontend/node_modules/@vitest/runner/dist/chunk-hooks.js:662:16)\n    at Object.<anonymous> (file:///C:/Users/HP-USER/Creditra-Frontend/node_modules/@vitest/runner/dist/chunk-hooks.js:458:28)\n    at Module.chain (file:///C:/Users/HP-USER/Creditra-Frontend/node_modules/@vitest/runner/dist/chunk-hooks.js:369:14)\n    at C:\\Users\\HP-USER\\Creditra-Frontend\\src\\context\\WalletContext.test.tsx:224:3\n    at file:///C:/Users/HP-USER/Creditra-Frontend/node_modules/@vitest/runner/dist/chunk-hooks.js:734:40\n    at runWithSuite (file:///C:/Users/HP-USER/Creditra-Frontend/node_modules/@vitest/runner/dist/chunk-hooks.js:1849:8)\n    at Object.collect (file:///C:/Users/HP-USER/Creditra-Frontend/node_modules/@vitest/runner/dist/chunk-hooks.js:734:10)\n    at Object.collect (file:///C:/Users/HP-USER/Creditra-Frontend/node_modules/@vitest/runner/dist/chunk-hooks.js:738:54)\n    at processTicksAndRejections (node:internal/process/task_queues:104:5)\n    at collectTests (file:///C:/Users/HP-USER/Creditra-Frontend/node_modules/@vitest/runner/dist/chunk-hooks.js:1179:25)\n    at startTests (file:///C:/Users/HP-USER/Creditra-Frontend/node_modules/@vitest/runner/dist/chunk-hooks.js:1817:17)\n    at file:///C:/Users/HP-USER/Creditra-Frontend/node_modules/vitest/dist/chunks/runBaseTests.9Ij9_de-.js:117:26\n    at withEnv (file:///C:/Users/HP-USER/Creditra-Frontend/node_modules/vitest/dist/chunks/runBaseTests.9Ij9_de-.js:84:3)\n    at run (file:///C:/Users/HP-USER/Creditra-Frontend/node_modules/vitest/dist/chunks/runBaseTests.9Ij9_de-.js:109:2)"],"meta":{}},{"ancestorTitles":["WalletContext — forgetRememberedChoice"],"fullName":"WalletContext — forgetRememberedChoice clears the remember flag without changing connection status","status":"passed","title":"clears the remember flag without changing connection status","duration":22.194500000001426,"failureMessages":[],"meta":{}},{"ancestorTitles":["WalletContext — forgetRememberedChoice"],"fullName":"WalletContext — forgetRememberedChoice forgetRememberedChoice on a fresh provider is safe (no stored wallet)","status":"passed","title":"forgetRememberedChoice on a fresh provider is safe (no stored wallet)","duration":16.393699999996898,"failureMessages":[],"meta":{}},{"ancestorTitles":["WalletContext — disconnect clears remember state"],"fullName":"WalletContext — disconnect clears remember state clears the remember flag via disconnect","status":"passed","title":"clears the remember flag via disconnect","duration":30.071599999999307,"failureMessages":[],"meta":{}},{"ancestorTitles":["WalletContext — auto-reconnect"],"fullName":"WalletContext — auto-reconnect stays disconnected when no wallet is stored","status":"passed","title":"stays disconnected when no wallet is stored","duration":10.123100000000704,"failureMessages":[],"meta":{}},{"ancestorTitles":["WalletContext — auto-reconnect"],"fullName":"WalletContext — auto-reconnect transitions to \"reconnecting\" immediately when a stored wallet is found","status":"passed","title":"transitions to \"reconnecting\" immediately when a stored wallet is found","duration":8.909299999999348,"failureMessages":[],"meta":{}},{"ancestorTitles":["WalletContext — auto-reconnect"],"fullName":"WalletContext — auto-reconnect transitions to \"connected\" when reconnect succeeds within the timeout","status":"passed","title":"transitions to \"connected\" when reconnect succeeds within the timeout","duration":14.85819999999876,"failureMessages":[],"meta":{}},{"ancestorTitles":["WalletContext — auto-reconnect"],"fullName":"WalletContext — auto-reconnect sets reconnectTimedOut=true when timeout fires before reconnect resolves","status":"passed","title":"sets reconnectTimedOut=true when timeout fires before reconnect resolves","duration":12.681900000003225,"failureMessages":[],"meta":{}},{"ancestorTitles":["WalletContext — auto-reconnect"],"fullName":"WalletContext — auto-reconnect resets reconnectTimedOut to false when reconnect eventually succeeds","status":"failed","title":"resets reconnectTimedOut to false when reconnect eventually succeeds","duration":5006.328000000001,"failureMessages":["Error: STACK_TRACE_ERROR\n    at task (file:///C:/Users/HP-USER/Creditra-Frontend/node_modules/@vitest/runner/dist/chunk-hooks.js:638:27)\n    at Object.<anonymous> (file:///C:/Users/HP-USER/Creditra-Frontend/node_modules/@vitest/runner/dist/chunk-hooks.js:662:16)\n    at Object.<anonymous> (file:///C:/Users/HP-USER/Creditra-Frontend/node_modules/@vitest/runner/dist/chunk-hooks.js:458:28)\n    at Module.chain (file:///C:/Users/HP-USER/Creditra-Frontend/node_modules/@vitest/runner/dist/chunk-hooks.js:369:14)\n    at C:\\Users\\HP-USER\\Creditra-Frontend\\src\\context\\WalletContext.test.tsx:351:3\n    at file:///C:/Users/HP-USER/Creditra-Frontend/node_modules/@vitest/runner/dist/chunk-hooks.js:734:40\n    at runWithSuite (file:///C:/Users/HP-USER/Creditra-Frontend/node_modules/@vitest/runner/dist/chunk-hooks.js:1849:8)\n    at Object.collect (file:///C:/Users/HP-USER/Creditra-Frontend/node_modules/@vitest/runner/dist/chunk-hooks.js:734:10)\n    at Object.collect (file:///C:/Users/HP-USER/Creditra-Frontend/node_modules/@vitest/runner/dist/chunk-hooks.js:738:54)\n    at processTicksAndRejections (node:internal/process/task_queues:104:5)\n    at collectTests (file:///C:/Users/HP-USER/Creditra-Frontend/node_modules/@vitest/runner/dist/chunk-hooks.js:1179:25)\n    at startTests (file:///C:/Users/HP-USER/Creditra-Frontend/node_modules/@vitest/runner/dist/chunk-hooks.js:1817:17)\n    at file:///C:/Users/HP-USER/Creditra-Frontend/node_modules/vitest/dist/chunks/runBaseTests.9Ij9_de-.js:117:26\n    at withEnv (file:///C:/Users/HP-USER/Creditra-Frontend/node_modules/vitest/dist/chunks/runBaseTests.9Ij9_de-.js:84:3)\n    at run (file:///C:/Users/HP-USER/Creditra-Frontend/node_modules/vitest/dist/chunks/runBaseTests.9Ij9_de-.js:109:2)"],"meta":{}},{"ancestorTitles":["WalletContext — auto-reconnect"],"fullName":"WalletContext — auto-reconnect transitions to \"error\" and resets reconnectTimedOut when reconnect fails","status":"passed","title":"transitions to \"error\" and resets reconnectTimedOut when reconnect fails","duration":27.454799999999523,"failureMessages":[],"meta":{}},{"ancestorTitles":["WalletContext — auto-reconnect"],"fullName":"WalletContext — auto-reconnect dismissReconnectBanner clears reconnectTimedOut without changing status","status":"passed","title":"dismissReconnectBanner clears reconnectTimedOut without changing status","duration":13.561499999999796,"failureMessages":[],"meta":{}},{"ancestorTitles":["WalletContext — auto-reconnect"],"fullName":"WalletContext — auto-reconnect retryReconnect re-runs reconnect with a fresh timeout window","status":"passed","title":"retryReconnect re-runs reconnect with a fresh timeout window","duration":16.77589999999691,"failureMessages":[],"meta":{}},{"ancestorTitles":["WalletContext — auto-reconnect"],"fullName":"WalletContext — auto-reconnect retryReconnect is a no-op when no stored wallet exists","status":"passed","title":"retryReconnect is a no-op when no stored wallet exists","duration":10.973699999998644,"failureMessages":[],"meta":{}},{"ancestorTitles":["WalletContext — auto-reconnect"],"fullName":"WalletContext — auto-reconnect disconnect clears wallet, resets status and reconnectTimedOut","status":"passed","title":"disconnect clears wallet, resets status and reconnectTimedOut","duration":15.949599999999919,"failureMessages":[],"meta":{}},{"ancestorTitles":["WalletContext — auto-reconnect"],"fullName":"WalletContext — auto-reconnect user-initiated connect() uses \"connecting\" state, not \"reconnecting\"","status":"passed","title":"user-initiated connect() uses \"connecting\" state, not \"reconnecting\"","duration":10.94629999999961,"failureMessages":[],"meta":{}},{"ancestorTitles":["WalletContext — auto-reconnect"],"fullName":"WalletContext — auto-reconnect cleans up timeout timer on unmount (no setState-on-unmounted warning)","status":"passed","title":"cleans up timeout timer on unmount (no setState-on-unmounted warning)","duration":11.507799999999406,"failureMessages":[],"meta":{}}],"startTime":1784874262925,"endTime":1784874288347.5078,"status":"failed","message":"","name":"C:/Users/HP-USER/Creditra-Frontend/src/context/WalletContext.test.tsx"},{"assertionResults":[{"ancestorTitles":["AccessibleTooltip"],"fullName":"AccessibleTooltip connects the focusable help trigger to tooltip content","status":"passed","title":"connects the focusable help trigger to tooltip content","duration":272.3193000000001,"failureMessages":[],"meta":{}},{"ancestorTitles":["AccessibleTooltip"],"fullName":"AccessibleTooltip supports inline child content and exposes the gloss via aria-describedby","status":"passed","title":"supports inline child content and exposes the gloss via aria-describedby","duration":194.8063000000002,"failureMessages":[],"meta":{}},{"ancestorTitles":["AccessibleTooltip"],"fullName":"AccessibleTooltip keeps the glossary copy aligned with docs/MICROCOPY.md","status":"passed","title":"keeps the glossary copy aligned with docs/MICROCOPY.md","duration":1.9929000000001906,"failureMessages":[],"meta":{}}],"startTime":1784874449314,"endTime":1784874449783.993,"status":"passed","message":"","name":"C:/Users/HP-USER/Creditra-Frontend/src/components/AccessibleTooltip.test.tsx"},{"assertionResults":[{"ancestorTitles":["calcMaxAffordable"],"fullName":"calcMaxAffordable applies the 36 % debt ratio","status":"passed","title":"applies the 36 % debt ratio","duration":4.4278000000003885,"failureMessages":[],"meta":{}},{"ancestorTitles":["calcMaxAffordable"],"fullName":"calcMaxAffordable subtracts existing obligations","status":"passed","title":"subtracts existing obligations","duration":0.859599999999773,"failureMessages":[],"meta":{}},{"ancestorTitles":["calcMaxAffordable"],"fullName":"calcMaxAffordable clamps to 0 when obligations exceed the cap","status":"passed","title":"clamps to 0 when obligations exceed the cap","duration":1.0611000000008062,"failureMessages":[],"meta":{}},{"ancestorTitles":["calcMaxAffordable"],"fullName":"calcMaxAffordable returns 0 for zero income","status":"passed","title":"returns 0 for zero income","duration":0.6565000000000509,"failureMessages":[],"meta":{}},{"ancestorTitles":["AffordabilityCalc component"],"fullName":"AffordabilityCalc component renders income and obligations inputs","status":"passed","title":"renders income and obligations inputs","duration":151.00690000000031,"failureMessages":[],"meta":{}},{"ancestorTitles":["AffordabilityCalc component"],"fullName":"AffordabilityCalc component does not show a result before income is entered","status":"passed","title":"does not show a result before income is entered","duration":27.558200000000397,"failureMessages":[],"meta":{}},{"ancestorTitles":["AffordabilityCalc component"],"fullName":"AffordabilityCalc component shows the result after income is entered","status":"passed","title":"shows the result after income is entered","duration":403.71000000000004,"failureMessages":[],"meta":{}},{"ancestorTitles":["AffordabilityCalc component"],"fullName":"AffordabilityCalc component computes the correct max affordable amount","status":"passed","title":"computes the correct max affordable amount","duration":115.84720000000016,"failureMessages":[],"meta":{}},{"ancestorTitles":["AffordabilityCalc component"],"fullName":"AffordabilityCalc component shows 0 when obligations exceed the DTI cap","status":"passed","title":"shows 0 when obligations exceed the DTI cap","duration":84.32279999999992,"failureMessages":[],"meta":{}},{"ancestorTitles":["AffordabilityCalc component"],"fullName":"AffordabilityCalc component renders \"Use this amount\" button when onApply is provided","status":"passed","title":"renders \"Use this amount\" button when onApply is provided","duration":121.02279999999973,"failureMessages":[],"meta":{}},{"ancestorTitles":["AffordabilityCalc component"],"fullName":"AffordabilityCalc component does not render \"Use this amount\" button without onApply","status":"passed","title":"does not render \"Use this amount\" button without onApply","duration":37.058100000000195,"failureMessages":[],"meta":{}},{"ancestorTitles":["AffordabilityCalc component"],"fullName":"AffordabilityCalc component calls onApply with the computed max when the button is clicked","status":"passed","title":"calls onApply with the computed max when the button is clicked","duration":177.8036000000002,"failureMessages":[],"meta":{}},{"ancestorTitles":["AffordabilityCalc component"],"fullName":"AffordabilityCalc component has a visible focus ring class on inputs","status":"passed","title":"has a visible focus ring class on inputs","duration":21.450600000000122,"failureMessages":[],"meta":{}},{"ancestorTitles":["AffordabilityCalc component"],"fullName":"AffordabilityCalc component has the tooltip trigger in the document","status":"passed","title":"has the tooltip trigger in the document","duration":97.80270000000019,"failureMessages":[],"meta":{}}],"startTime":1784874410761,"endTime":1784874412007.8027,"status":"passed","message":"","name":"C:/Users/HP-USER/Creditra-Frontend/src/components/AffordabilityCalc.test.tsx"},{"assertionResults":[],"startTime":1784874257566,"endTime":1784874257566,"status":"failed","message":"Transform failed with 1 error:\nC:/Users/HP-USER/Creditra-Frontend/src/components/AmountInput.test.tsx:436:0: ERROR: Unexpected \"}\"","name":"C:/Users/HP-USER/Creditra-Frontend/src/components/AmountInput.test.tsx"},{"assertionResults":[{"ancestorTitles":["AprBreakdown"],"fullName":"AprBreakdown renders the APR on the trigger button","status":"passed","title":"renders the APR on the trigger button","duration":321.4834000000001,"failureMessages":[],"meta":{}},{"ancestorTitles":["AprBreakdown"],"fullName":"AprBreakdown trigger has aria-expanded=false when closed","status":"passed","title":"trigger has aria-expanded=false when closed","duration":129.7378000000008,"failureMessages":[],"meta":{}},{"ancestorTitles":["AprBreakdown"],"fullName":"AprBreakdown panel is not in the DOM when closed","status":"passed","title":"panel is not in the DOM when closed","duration":7.7940000000007785,"failureMessages":[],"meta":{}},{"ancestorTitles":["AprBreakdown"],"fullName":"AprBreakdown opens panel on trigger click","status":"passed","title":"opens panel on trigger click","duration":223.84279999999944,"failureMessages":[],"meta":{}},{"ancestorTitles":["AprBreakdown"],"fullName":"AprBreakdown closes panel when close button is clicked","status":"passed","title":"closes panel when close button is clicked","duration":198.3081000000002,"failureMessages":[],"meta":{}},{"ancestorTitles":["AprBreakdown"],"fullName":"AprBreakdown closes panel on Escape key","status":"passed","title":"closes panel on Escape key","duration":105.72190000000046,"failureMessages":[],"meta":{}},{"ancestorTitles":["AprBreakdown"],"fullName":"AprBreakdown toggles closed when trigger is clicked again","status":"passed","title":"toggles closed when trigger is clicked again","duration":66.24129999999968,"failureMessages":[],"meta":{}},{"ancestorTitles":["AprBreakdown"],"fullName":"AprBreakdown shows all breakdown rows when panel is open","status":"passed","title":"shows all breakdown rows when panel is open","duration":98.71969999999965,"failureMessages":[],"meta":{}},{"ancestorTitles":["AprBreakdown"],"fullName":"AprBreakdown shows origination fee row when fee > 0","status":"passed","title":"shows origination fee row when fee > 0","duration":84.42949999999928,"failureMessages":[],"meta":{}},{"ancestorTitles":["AprBreakdown"],"fullName":"AprBreakdown omits origination fee row when fee is 0","status":"passed","title":"omits origination fee row when fee is 0","duration":110.6805000000004,"failureMessages":[],"meta":{}},{"ancestorTitles":["AprBreakdown"],"fullName":"AprBreakdown total APR row shows the passed apr value","status":"passed","title":"total APR row shows the passed apr value","duration":97.61059999999998,"failureMessages":[],"meta":{}},{"ancestorTitles":["AprBreakdown"],"fullName":"AprBreakdown derives risk premium from apr - baseRate when riskPremium is omitted","status":"passed","title":"derives risk premium from apr - baseRate when riskPremium is omitted","duration":107.54789999999957,"failureMessages":[],"meta":{}},{"ancestorTitles":["AprBreakdown"],"fullName":"AprBreakdown panel has role=\"dialog\" with accessible label","status":"passed","title":"panel has role=\"dialog\" with accessible label","duration":87.02580000000034,"failureMessages":[],"meta":{}},{"ancestorTitles":["AprBreakdown"],"fullName":"AprBreakdown close button has an accessible label","status":"passed","title":"close button has an accessible label","duration":141.5515000000005,"failureMessages":[],"meta":{}},{"ancestorTitles":["AprBreakdown"],"fullName":"AprBreakdown footnote is present","status":"passed","title":"footnote is present","duration":78.26649999999972,"failureMessages":[],"meta":{}}],"startTime":1784874361228,"endTime":1784874363088.2666,"status":"passed","message":"","name":"C:/Users/HP-USER/Creditra-Frontend/src/components/AprBreakdown.test.tsx"},{"assertionResults":[{"ancestorTitles":["ConfirmationStep"],"fullName":"ConfirmationStep toggles the Why this APR drawer with aria-expanded and shows current pricing drivers","status":"failed","title":"toggles the Why this APR drawer with aria-expanded and shows current pricing drivers","duration":80.22109999999975,"failureMessages":["Error: useWallet must be used within WalletProvider\n    at Module.useWallet (C:\\Users\\HP-USER\\Creditra-Frontend\\src\\context\\WalletContext.tsx:540:23)\n    at ConfirmationStep (C:\\Users\\HP-USER\\Creditra-Frontend\\src\\components\\ConfirmationStep.tsx:57:22)\n    at renderWithHooks (C:\\Users\\HP-USER\\Creditra-Frontend\\node_modules\\react-dom\\cjs\\react-dom.development.js:15486:18)\n    at mountIndeterminateComponent (C:\\Users\\HP-USER\\Creditra-Frontend\\node_modules\\react-dom\\cjs\\react-dom.development.js:20103:13)\n    at beginWork (C:\\Users\\HP-USER\\Creditra-Frontend\\node_modules\\react-dom\\cjs\\react-dom.development.js:21626:16)\n    at beginWork$1 (C:\\Users\\HP-USER\\Creditra-Frontend\\node_modules\\react-dom\\cjs\\react-dom.development.js:27465:14)\n    at performUnitOfWork (C:\\Users\\HP-USER\\Creditra-Frontend\\node_modules\\react-dom\\cjs\\react-dom.development.js:26599:12)\n    at workLoopSync (C:\\Users\\HP-USER\\Creditra-Frontend\\node_modules\\react-dom\\cjs\\react-dom.development.js:26505:5)\n    at renderRootSync (C:\\Users\\HP-USER\\Creditra-Frontend\\node_modules\\react-dom\\cjs\\react-dom.development.js:26473:7)\n    at recoverFromConcurrentError (C:\\Users\\HP-USER\\Creditra-Frontend\\node_modules\\react-dom\\cjs\\react-dom.development.js:25889:20)"],"meta":{}}],"startTime":1784874291898,"endTime":1784874291978.2212,"status":"failed","message":"","name":"C:/Users/HP-USER/Creditra-Frontend/src/components/ConfirmationStep.test.tsx"},{"assertionResults":[{"ancestorTitles":["CopyToClipboard"],"fullName":"CopyToClipboard copies the supplied value and shows temporary feedback","status":"passed","title":"copies the supplied value and shows temporary feedback","duration":441.95899999999983,"failureMessages":[],"meta":{}}],"startTime":1784874455173,"endTime":1784874455614.959,"status":"passed","message":"","name":"C:/Users/HP-USER/Creditra-Frontend/src/components/CopyToClipboard.test.tsx"},{"assertionResults":[{"ancestorTitles":["DrawSummaryBar","visibility"],"fullName":"DrawSummaryBar visibility renders nothing when no credit line is selected","status":"passed","title":"renders nothing when no credit line is selected","duration":37.07560000000012,"failureMessages":[],"meta":{}},{"ancestorTitles":["DrawSummaryBar","visibility"],"fullName":"DrawSummaryBar visibility renders nothing on the `select` step even with a line","status":"passed","title":"renders nothing on the `select` step even with a line","duration":3.6761999999998807,"failureMessages":[],"meta":{}},{"ancestorTitles":["DrawSummaryBar","visibility"],"fullName":"DrawSummaryBar visibility renders nothing on the `confirm` step (avoids double sticky bars over ConfirmationStep)","status":"passed","title":"renders nothing on the `confirm` step (avoids double sticky bars over ConfirmationStep)","duration":3.2506000000012136,"failureMessages":[],"meta":{}},{"ancestorTitles":["DrawSummaryBar","visibility"],"fullName":"DrawSummaryBar visibility renders nothing on the terminal `status` step","status":"passed","title":"renders nothing on the terminal `status` step","duration":3.919799999999668,"failureMessages":[],"meta":{}},{"ancestorTitles":["DrawSummaryBar","visibility"],"fullName":"DrawSummaryBar visibility shows the bar on the `amount` step once a line is selected","status":"passed","title":"shows the bar on the `amount` step once a line is selected","duration":80.49829999999929,"failureMessages":[],"meta":{}},{"ancestorTitles":["DrawSummaryBar","visibility"],"fullName":"DrawSummaryBar visibility does not crash when visibility toggles across renders (rules of hooks)","status":"passed","title":"does not crash when visibility toggles across renders (rules of hooks)","duration":20.900799999999435,"failureMessages":[],"meta":{}},{"ancestorTitles":["DrawSummaryBar","rendered figures"],"fullName":"DrawSummaryBar rendered figures shows formatted amount, APR (rounded), and total cost (amount + fee)","status":"passed","title":"shows formatted amount, APR (rounded), and total cost (amount + fee)","duration":53.59650000000147,"failureMessages":[],"meta":{}},{"ancestorTitles":["DrawSummaryBar","rendered figures"],"fullName":"DrawSummaryBar rendered figures renders $0.00 totals and 0% APR gracefully when amount is zero","status":"passed","title":"renders $0.00 totals and 0% APR gracefully when amount is zero","duration":17.156999999999243,"failureMessages":[],"meta":{}},{"ancestorTitles":["DrawSummaryBar","rendered figures"],"fullName":"DrawSummaryBar rendered figures clamps a negative amount prop to $0 instead of producing negative numbers","status":"passed","title":"clamps a negative amount prop to $0 instead of producing negative numbers","duration":19.57170000000042,"failureMessages":[],"meta":{}},{"ancestorTitles":["DrawSummaryBar","accessibility (WCAG 2.1 AA)"],"fullName":"DrawSummaryBar accessibility (WCAG 2.1 AA) exposes a labelled region landmark","status":"passed","title":"exposes a labelled region landmark","duration":239.4375,"failureMessages":[],"meta":{}},{"ancestorTitles":["DrawSummaryBar","accessibility (WCAG 2.1 AA)"],"fullName":"DrawSummaryBar accessibility (WCAG 2.1 AA) uses definition-list semantics with labelled terms for SR navigation","status":"passed","title":"uses definition-list semantics with labelled terms for SR navigation","duration":295.2451000000001,"failureMessages":[],"meta":{}},{"ancestorTitles":["DrawSummaryBar","accessibility (WCAG 2.1 AA)"],"fullName":"DrawSummaryBar accessibility (WCAG 2.1 AA) renders the live region with role=status, aria-live=polite, and atomic updates","status":"passed","title":"renders the live region with role=status, aria-live=polite, and atomic updates","duration":22.022899999999936,"failureMessages":[],"meta":{}},{"ancestorTitles":["DrawSummaryBar","debounced live-region announcement"],"fullName":"DrawSummaryBar debounced live-region announcement does not update the live region text until 400 ms after a settled amount","status":"passed","title":"does not update the live region text until 400 ms after a settled amount","duration":23.97700000000077,"failureMessages":[],"meta":{}},{"ancestorTitles":["DrawSummaryBar","debounced live-region announcement"],"fullName":"DrawSummaryBar debounced live-region announcement coalesces rapid amount edits into one final announcement","status":"passed","title":"coalesces rapid amount edits into one final announcement","duration":39.34109999999964,"failureMessages":[],"meta":{}},{"ancestorTitles":["DrawSummaryBar","responsive / structural"],"fullName":"DrawSummaryBar responsive / structural sets a fixed-position region anchored to the viewport","status":"passed","title":"sets a fixed-position region anchored to the viewport","duration":62.383200000000215,"failureMessages":[],"meta":{}},{"ancestorTitles":["DrawSummaryBar","responsive / structural"],"fullName":"DrawSummaryBar responsive / structural tags the bar with the visible wizard step for styling hooks","status":"passed","title":"tags the bar with the visible wizard step for styling hooks","duration":13.44880000000012,"failureMessages":[],"meta":{}}],"startTime":1784874421936,"endTime":1784874422873.4487,"status":"passed","message":"","name":"C:/Users/HP-USER/Creditra-Frontend/src/components/DrawSummaryBar.test.tsx"},{"assertionResults":[{"ancestorTitles":["ErrorBoundary"],"fullName":"ErrorBoundary renders children when no error","status":"passed","title":"renders children when no error","duration":53.86740000000009,"failureMessages":[],"meta":{}},{"ancestorTitles":["ErrorBoundary"],"fullName":"ErrorBoundary renders error page when error occurs","status":"passed","title":"renders error page when error occurs","duration":197.08890000000065,"failureMessages":[],"meta":{}},{"ancestorTitles":["ErrorBoundary"],"fullName":"ErrorBoundary has recovery actions","status":"passed","title":"has recovery actions","duration":569.4892,"failureMessages":[],"meta":{}}],"startTime":1784874428993,"endTime":1784874429813.4893,"status":"passed","message":"","name":"C:/Users/HP-USER/Creditra-Frontend/src/components/ErrorBoundary.test.tsx"},{"assertionResults":[{"ancestorTitles":["HighContrastToggle"],"fullName":"HighContrastToggle renders a switch button","status":"passed","title":"renders a switch button","duration":396.6934999999994,"failureMessages":[],"meta":{}},{"ancestorTitles":["HighContrastToggle"],"fullName":"HighContrastToggle aria-checked is false when mode is normal","status":"passed","title":"aria-checked is false when mode is normal","duration":154.66240000000107,"failureMessages":[],"meta":{}},{"ancestorTitles":["HighContrastToggle"],"fullName":"HighContrastToggle aria-checked is true when mode is high","status":"passed","title":"aria-checked is true when mode is high","duration":58.827400000000125,"failureMessages":[],"meta":{}},{"ancestorTitles":["HighContrastToggle"],"fullName":"HighContrastToggle clicking the switch toggles the mode from normal to high","status":"passed","title":"clicking the switch toggles the mode from normal to high","duration":338.77629999999954,"failureMessages":[],"meta":{}},{"ancestorTitles":["HighContrastToggle"],"fullName":"HighContrastToggle passes axe audit in normal-contrast mode","status":"passed","title":"passes axe audit in normal-contrast mode","duration":475.5431000000008,"failureMessages":[],"meta":{}},{"ancestorTitles":["HighContrastToggle"],"fullName":"HighContrastToggle passes axe audit in high-contrast mode","status":"passed","title":"passes axe audit in high-contrast mode","duration":188.32690000000002,"failureMessages":[],"meta":{}},{"ancestorTitles":["HighContrastToggle"],"fullName":"HighContrastToggle renders compact variant without label group","status":"passed","title":"renders compact variant without label group","duration":66.1130000000012,"failureMessages":[],"meta":{}}],"startTime":1784874392501,"endTime":1784874394181.113,"status":"passed","message":"","name":"C:/Users/HP-USER/Creditra-Frontend/src/components/HighContrastToggle.test.tsx"},{"assertionResults":[{"ancestorTitles":["InlineTermTooltip"],"fullName":"InlineTermTooltip renders the term and associates it with the definition via aria-describedby","status":"passed","title":"renders the term and associates it with the definition via aria-describedby","duration":345.4849999999997,"failureMessages":[],"meta":{}},{"ancestorTitles":["InlineTermTooltip"],"fullName":"InlineTermTooltip can receive keyboard focus","status":"passed","title":"can receive keyboard focus","duration":179.33870000000024,"failureMessages":[],"meta":{}}],"startTime":1784874443325,"endTime":1784874443850.3386,"status":"passed","message":"","name":"C:/Users/HP-USER/Creditra-Frontend/src/components/InlineTermTooltip.test.tsx"},{"assertionResults":[{"ancestorTitles":["NetworkMismatchBanner"],"fullName":"NetworkMismatchBanner announces the mismatch and triggers a switch request","status":"passed","title":"announces the mismatch and triggers a switch request","duration":649.1951999999983,"failureMessages":[],"meta":{}},{"ancestorTitles":["NetworkMismatchBanner"],"fullName":"NetworkMismatchBanner renders nothing when the network already matches","status":"passed","title":"renders nothing when the network already matches","duration":13.64890000000014,"failureMessages":[],"meta":{}},{"ancestorTitles":["NetworkMismatchBanner"],"fullName":"NetworkMismatchBanner renders nothing when currentNetwork is null","status":"passed","title":"renders nothing when currentNetwork is null","duration":10.053799999999683,"failureMessages":[],"meta":{}},{"ancestorTitles":["NetworkMismatchBanner"],"fullName":"NetworkMismatchBanner disables the button and shows switching label while the request is in-flight","status":"passed","title":"disables the button and shows switching label while the request is in-flight","duration":186.3202999999994,"failureMessages":[],"meta":{}},{"ancestorTitles":["NetworkMismatchBanner"],"fullName":"NetworkMismatchBanner announces success after a successful switch","status":"passed","title":"announces success after a successful switch","duration":166.3222999999998,"failureMessages":[],"meta":{}},{"ancestorTitles":["NetworkMismatchBanner"],"fullName":"NetworkMismatchBanner announces failure after a failed switch","status":"passed","title":"announces failure after a failed switch","duration":106.01360000000022,"failureMessages":[],"meta":{}},{"ancestorTitles":["NetworkMismatchBanner"],"fullName":"NetworkMismatchBanner shows provider-specific copy for freighter","status":"passed","title":"shows provider-specific copy for freighter","duration":66.98500000000058,"failureMessages":[],"meta":{}},{"ancestorTitles":["NetworkMismatchBanner"],"fullName":"NetworkMismatchBanner shows provider-specific copy for albedo","status":"passed","title":"shows provider-specific copy for albedo","duration":74.4473999999991,"failureMessages":[],"meta":{}},{"ancestorTitles":["NetworkMismatchBanner"],"fullName":"NetworkMismatchBanner shows provider-specific copy for xbull","status":"passed","title":"shows provider-specific copy for xbull","duration":69.9408999999996,"failureMessages":[],"meta":{}},{"ancestorTitles":["NetworkMismatchBanner"],"fullName":"NetworkMismatchBanner shows provider-specific copy for rabet","status":"passed","title":"shows provider-specific copy for rabet","duration":74.2510000000002,"failureMessages":[],"meta":{}},{"ancestorTitles":["NetworkMismatchBanner"],"fullName":"NetworkMismatchBanner links the button to the description via aria-describedby","status":"passed","title":"links the button to the description via aria-describedby","duration":74.34419999999955,"failureMessages":[],"meta":{}}],"startTime":1784874402536,"endTime":1784874404028.3442,"status":"passed","message":"","name":"C:/Users/HP-USER/Creditra-Frontend/src/components/NetworkMismatchBanner.test.tsx"},{"assertionResults":[{"ancestorTitles":["NetworkStatus"],"fullName":"NetworkStatus renders online indicator with accessible label","status":"passed","title":"renders online indicator with accessible label","duration":85.45120000000043,"failureMessages":[],"meta":{}},{"ancestorTitles":["NetworkStatus"],"fullName":"NetworkStatus renders offline indicator with accessible label","status":"passed","title":"renders offline indicator with accessible label","duration":43.6233000000002,"failureMessages":[],"meta":{}},{"ancestorTitles":["NetworkStatus"],"fullName":"NetworkStatus does not announce on initial mount","status":"passed","title":"does not announce on initial mount","duration":15.851300000000265,"failureMessages":[],"meta":{}},{"ancestorTitles":["NetworkStatus"],"fullName":"NetworkStatus announces assertively when going offline","status":"passed","title":"announces assertively when going offline","duration":232.8051999999998,"failureMessages":[],"meta":{}},{"ancestorTitles":["NetworkStatus"],"fullName":"NetworkStatus announces politely when connection is restored","status":"passed","title":"announces politely when connection is restored","duration":108.89400000000023,"failureMessages":[],"meta":{}},{"ancestorTitles":["NetworkStatus"],"fullName":"NetworkStatus applies theme-aware online/offline modifier classes","status":"passed","title":"applies theme-aware online/offline modifier classes","duration":13.846700000000055,"failureMessages":[],"meta":{}}],"startTime":1784874442446,"endTime":1784874442946.8467,"status":"passed","message":"","name":"C:/Users/HP-USER/Creditra-Frontend/src/components/NetworkStatus.test.tsx"},{"assertionResults":[{"ancestorTitles":["NextSteps Component"],"fullName":"NextSteps Component renders the loading skeleton initially","status":"passed","title":"renders the loading skeleton initially","duration":92.99349999999959,"failureMessages":[],"meta":{}},{"ancestorTitles":["NextSteps Component"],"fullName":"NextSteps Component surfaces KYC todo and other steps as locked when KYC is not started and no accounts are linked","status":"passed","title":"surfaces KYC todo and other steps as locked when KYC is not started and no accounts are linked","duration":497.7510999999995,"failureMessages":[],"meta":{}},{"ancestorTitles":["NextSteps Component"],"fullName":"NextSteps Component shows KYC under review status","status":"passed","title":"shows KYC under review status","duration":77.28379999999925,"failureMessages":[],"meta":{}},{"ancestorTitles":["NextSteps Component"],"fullName":"NextSteps Component shows KYC rejected status as a retry action","status":"passed","title":"shows KYC rejected status as a retry action","duration":157.59729999999945,"failureMessages":[],"meta":{}},{"ancestorTitles":["NextSteps Component"],"fullName":"NextSteps Component unlocks Link Account step when KYC is approved, and shows it as todo","status":"passed","title":"unlocks Link Account step when KYC is approved, and shows it as todo","duration":323.6096000000007,"failureMessages":[],"meta":{}},{"ancestorTitles":["NextSteps Component"],"fullName":"NextSteps Component unlocks Draw Credit step when KYC is approved and account is linked","status":"passed","title":"unlocks Draw Credit step when KYC is approved and account is linked","duration":238.20229999999992,"failureMessages":[],"meta":{}},{"ancestorTitles":["NextSteps Component"],"fullName":"NextSteps Component shows all completed state when credit is drawn","status":"passed","title":"shows all completed state when credit is drawn","duration":180.51209999999992,"failureMessages":[],"meta":{}},{"ancestorTitles":["NextSteps Component"],"fullName":"NextSteps Component simulates clicking the KYC trigger button in the DOM when starting verification","status":"passed","title":"simulates clicking the KYC trigger button in the DOM when starting verification","duration":179.39820000000054,"failureMessages":[],"meta":{}}],"startTime":1784874368721,"endTime":1784874370469.3982,"status":"passed","message":"","name":"C:/Users/HP-USER/Creditra-Frontend/src/components/NextSteps.test.tsx"},{"assertionResults":[{"ancestorTitles":["OnboardingFlow"],"fullName":"OnboardingFlow returns null when isOpen is false","status":"passed","title":"returns null when isOpen is false","duration":31.29430000000002,"failureMessages":[],"meta":{}},{"ancestorTitles":["OnboardingFlow"],"fullName":"OnboardingFlow renders the first step by default","status":"passed","title":"renders the first step by default","duration":64.33460000000014,"failureMessages":[],"meta":{}},{"ancestorTitles":["OnboardingFlow"],"fullName":"OnboardingFlow navigates to the next step on Next click","status":"passed","title":"navigates to the next step on Next click","duration":243.67589999999927,"failureMessages":[],"meta":{}},{"ancestorTitles":["OnboardingFlow"],"fullName":"OnboardingFlow navigates back on Back click","status":"passed","title":"navigates back on Back click","duration":229.79229999999916,"failureMessages":[],"meta":{}},{"ancestorTitles":["OnboardingFlow"],"fullName":"OnboardingFlow back button is disabled on the first step","status":"passed","title":"back button is disabled on the first step","duration":71.3121000000001,"failureMessages":[],"meta":{}},{"ancestorTitles":["OnboardingFlow"],"fullName":"OnboardingFlow calls onComplete and persists localStorage on the last step","status":"passed","title":"calls onComplete and persists localStorage on the last step","duration":264.3127000000004,"failureMessages":[],"meta":{}},{"ancestorTitles":["OnboardingFlow"],"fullName":"OnboardingFlow calls onSkip and persists localStorage when skip is clicked","status":"passed","title":"calls onSkip and persists localStorage when skip is clicked","duration":152.09410000000025,"failureMessages":[],"meta":{}},{"ancestorTitles":["OnboardingFlow"],"fullName":"OnboardingFlow renders step indicators for each step","status":"passed","title":"renders step indicators for each step","duration":110.29529999999977,"failureMessages":[],"meta":{}},{"ancestorTitles":["OnboardingFlow"],"fullName":"OnboardingFlow shows Get Started label on the last step","status":"passed","title":"shows Get Started label on the last step","duration":266.7015000000001,"failureMessages":[],"meta":{}},{"ancestorTitles":["OnboardingFlow","reduced-motion"],"fullName":"OnboardingFlow reduced-motion renders all steps and supports navigation when reduced motion is active","status":"passed","title":"renders all steps and supports navigation when reduced motion is active","duration":291.0041000000001,"failureMessages":[],"meta":{}},{"ancestorTitles":["OnboardingFlow","reduced-motion"],"fullName":"OnboardingFlow reduced-motion supports skip when reduced motion is active","status":"passed","title":"supports skip when reduced motion is active","duration":63.66150000000016,"failureMessages":[],"meta":{}}],"startTime":1784874279635,"endTime":1784874281424.6616,"status":"passed","message":"","name":"C:/Users/HP-USER/Creditra-Frontend/src/components/OnboardingFlow.test.tsx"},{"assertionResults":[{"ancestorTitles":["glossed credit terms"],"fullName":"glossed credit terms exposes the first utilization gloss in PreviewSection via keyboard and aria-describedby","status":"failed","title":"exposes the first utilization gloss in PreviewSection via keyboard and aria-describedby","duration":182.2402000000002,"failureMessages":["TestingLibraryElementError: Unable to find a label with the text of: More information\n\nIgnored nodes: comments, script, style\n\u001b[36m<body>\u001b[39m\n  \u001b[36m<div>\u001b[39m\n    \u001b[36m<div\u001b[39m\n      \u001b[33mclass\u001b[39m=\u001b[32m\"space-y-6\"\u001b[39m\n    \u001b[36m>\u001b[39m\n      \u001b[36m<header>\u001b[39m\n        \u001b[36m<p\u001b[39m\n          \u001b[33mclass\u001b[39m=\u001b[32m\"text-xs font-semibold uppercase text-muted\"\u001b[39m\n        \u001b[36m>\u001b[39m\n          \u001b[0mStep 3\u001b[0m\n        \u001b[36m</p>\u001b[39m\n        \u001b[36m<h2\u001b[39m\n          \u001b[33mclass\u001b[39m=\u001b[32m\"mt-1 text-lg font-semibold text-foreground\"\u001b[39m\n        \u001b[36m>\u001b[39m\n          \u001b[0mPreview draw\u001b[0m\n        \u001b[36m</h2>\u001b[39m\n        \u001b[36m<p\u001b[39m\n          \u001b[33mclass\u001b[39m=\u001b[32m\"mt-1 text-sm text-muted\"\u001b[39m\n        \u001b[36m>\u001b[39m\n          \u001b[0mReview estimated costs and projected balance before confirming.\u001b[0m\n        \u001b[36m</p>\u001b[39m\n      \u001b[36m</header>\u001b[39m\n      \u001b[36m<div\u001b[39m\n        \u001b[33mclass\u001b[39m=\u001b[32m\"grid gap-3 sm:grid-cols-2\"\u001b[39m\n      \u001b[36m>\u001b[39m\n        \u001b[36m<div\u001b[39m\n          \u001b[33mclass\u001b[39m=\u001b[32m\"rounded-lg border border-blue-500/30 bg-blue-500/10 p-4 shadow-lg shadow-blue-500/5\"\u001b[39m\n        \u001b[36m>\u001b[39m\n          \u001b[36m<div\u001b[39m\n            \u001b[33mclass\u001b[39m=\u001b[32m\"flex items-start justify-between\"\u001b[39m\n          \u001b[36m>\u001b[39m\n            \u001b[36m<div>\u001b[39m\n              \u001b[36m<p\u001b[39m\n                \u001b[33mclass\u001b[39m=\u001b[32m\"text-xs text-muted font-medium mb-2\"\u001b[39m\n              \u001b[36m>\u001b[39m\n                \u001b[0mDraw Amount\u001b[0m\n              \u001b[36m</p>\u001b[39m\n              \u001b[36m<p\u001b[39m\n                \u001b[33mclass\u001b[39m=\u001b[32m\"text-2xl font-bold text-blue-400\"\u001b[39m\n              \u001b[36m>\u001b[39m\n                \u001b[0m$1,000.00\u001b[0m\n              \u001b[36m</p>\u001b[39m\n            \u001b[36m</div>\u001b[39m\n            \u001b[36m<svg\u001b[39m\n              \u001b[33maria-hidden\u001b[39m=\u001b[32m\"true\"\u001b[39m\n              \u001b[33mclass\u001b[39m=\u001b[32m\"lucide lucide-dollar-sign w-5 h-5 text-blue-500 shrink-0\"\u001b[39m\n              \u001b[33mfill\u001b[39m=\u001b[32m\"none\"\u001b[39m\n              \u001b[33mheight\u001b[39m=\u001b[32m\"24\"\u001b[39m\n              \u001b[33mstroke\u001b[39m=\u001b[32m\"currentColor\"\u001b[39m\n              \u001b[33mstroke-linecap\u001b[39m=\u001b[32m\"round\"\u001b[39m\n              \u001b[33mstroke-linejoin\u001b[39m=\u001b[32m\"round\"\u001b[39m\n              \u001b[33mstroke-width\u001b[39m=\u001b[32m\"2\"\u001b[39m\n              \u001b[33mviewBox\u001b[39m=\u001b[32m\"0 0 24 24\"\u001b[39m\n              \u001b[33mwidth\u001b[39m=\u001b[32m\"24\"\u001b[39m\n              \u001b[33mxmlns\u001b[39m=\u001b[32m\"http://www.w3.org/2000/svg\"\u001b[39m\n            \u001b[36m>\u001b[39m\n              \u001b[36m<line\u001b[39m\n                \u001b[33mx1\u001b[39m=\u001b[32m\"12\"\u001b[39m\n                \u001b[33mx2\u001b[39m=\u001b[32m\"12\"\u001b[39m\n                \u001b[33my1\u001b[39m=\u001b[32m\"2\"\u001b[39m\n                \u001b[33my2\u001b[39m=\u001b[32m\"22\"\u001b[39m\n              \u001b[36m/>\u001b[39m\n              \u001b[36m<path\u001b[39m\n                \u001b[33md\u001b[39m=\u001b[32m\"M17 5H9.5a3.5 3.5 0 0 0 0 7h5a3.5 3.5 0 0 1 0 7H6\"\u001b[39m\n              \u001b[36m/>\u001b[39m\n            \u001b[36m</svg>\u001b[39m\n          \u001b[36m</div>\u001b[39m\n        \u001b[36m</div>\u001b[39m\n        \u001b[36m<div\u001b[39m\n          \u001b[33mclass\u001b[39m=\u001b[32m\"rounded-lg border border-green-500/30 bg-green-500/10 p-4 shadow-lg shadow-green-500/5\"\u001b[39m\n        \u001b[36m>\u001b[39m\n          \u001b[36m<div\u001b[39m\n            \u001b[33mclass\u001b[39m=\u001b[32m\"flex items-start justify-between\"\u001b[39m\n          \u001b[36m>\u001b[39m\n            \u001b[36m<div>\u001b[39m\n              \u001b[36m<p\u001b[39m\n                \u001b[33mclass\u001b[39m=\u001b[32m\"text-xs text-muted font-medium mb-2\"\u001b[39m\n              \u001b[36m>\u001b[39m\n                \u001b[0mNew Utilization\u001b[0m\n              \u001b[36m</p>\u001b[39m\n              \u001b[36m<p\u001b[39m\n                \u001b[33mclass\u001b[39m=\u001b[32m\"text-2xl font-bold text-green-400\"\u001b[39m\n              \u001b[36m>\u001b[39m\n                \u001b[0m70\u001b[0m\n                \u001b[0m%\u001b[0m\n              \u001b[36m</p>\u001b[39m\n            \u001b[36m</div>\u001b[39m\n            \u001b[36m<svg\u001b[39m\n              \u001b[33maria-hidden\u001b[39m=\u001b[32m\"true\"\u001b[39m\n              \u001b[33mclass\u001b[39m=\u001b[32m\"lucide lucide-trending-up w-5 h-5 text-green-500 shrink-0\"\u001b[39m\n              \u001b[33mfill\u001b[39m=\u001b[32m\"none\"\u001b[39m\n              \u001b[33mheight\u001b[39m=\u001b[32m\"24\"\u001b[39m\n              \u001b[33mstroke\u001b[39m=\u001b[32m\"currentColor\"\u001b[39m\n              \u001b[33mstroke-linecap\u001b[39m=\u001b[32m\"round\"\u001b[39m\n              \u001b[33mstroke-linejoin\u001b[39m=\u001b[32m\"round\"\u001b[39m\n              \u001b[33mstroke-width\u001b[39m=\u001b[32m\"2\"\u001b[39m\n              \u001b[33mviewBox\u001b[39m=\u001b[32m\"0 0 24 24\"\u001b[39m\n              \u001b[33mwidth\u001b[39m=\u001b[32m\"24\"\u001b[39m\n              \u001b[33mxmlns\u001b[39m=\u001b[32m\"http://www.w3.org/2000/svg\"\u001b[39m\n            \u001b[36m>\u001b[39m\n              \u001b[36m<path\u001b[39m\n                \u001b[33md\u001b[39m=\u001b[32m\"M16 7h6v6\"\u001b[39m\n              \u001b[36m/>\u001b[39m\n              \u001b[36m<path\u001b[39m\n                \u001b[33md\u001b[39m=\u001b[32m\"m22 7-8.5 8.5-5-5L2 17\"\u001b[39m\n              \u001b[36m/>\u001b[39m\n            \u001b[36m</svg>\u001b[39m\n          \u001b[36m</div>\u001b[39m\n        \u001b[36m</div>\u001b[39m\n      \u001b[36m</div>\u001b[39m\n      \u001b[36m<dl\u001b[39m\n        \u001b[33mclass\u001b[39m=\u001b[32m\"grid gap-3 text-sm sm:grid-cols-2\"\u001b[39m\n      \u001b[36m>\u001b[39m\n        \u001b[36m<div\u001b[39m\n          \u001b[33mclass\u001b[39m=\u001b[32m\"rounded-lg border border-border bg-background/60 p-3\"\u001b[39m\n        \u001b[36m>\u001b[39m\n          \u001b[36m<dt\u001b[39m\n            \u001b[33mclass\u001b[39m=\u001b[32m\"text-muted\"\u001b[39m\n          \u001b[36m>\u001b[39m\n            \u001b[0mEstimated fee\u001b[0m\n          \u001b[36m</dt>\u001b[39m\n          \u001b[36m<dd\u001b[39m\n            \u001b[33mclass\u001b[39m=\u001b[32m\"mt-1 font-semibold text-foreground\"\u001b[39m\n          \u001b[36m>\u001b[39m\n            \u001b[0m$10.00\u001b[0m\n          \u001b[36m</dd>\u001b[39m\n        \u001b[36m</div>\u001b[39m\n        \u001b[36m<div\u001b[39m\n          \u001b[33mclass\u001b[39m=\u001b[32m\"rounded-lg border border-border bg-background/60 p-3\"\u001b[39m\n        \u001b[36m>\u001b[39m\n          \u001b[36m<dt\u001b[39m\n            \u001b[33mclass\u001b[39m=\u001b[32m\"text-muted\"\u001b[39m\n          \u001b[36m>\u001b[39m\n            \u001b[0mEstimated monthly interest\u001b[0m\n          \u001b[36m</dt>\u001b[39m\n          \u001b[36m<dd\u001b[39m\n            \u001b[33mclass\u001b[39m=\u001b[32m\"mt-1 font-semibold text-foreground\"\u001b[39m\n          \u001b[36m>\u001b[39m\n            \u001b[0m$10.42\u001b[0m\n          \u001b[36m</dd>\u001b[39m\n        \u001b[36m</div>\u001b[39m\n        \u001b[36m<div\u001b[39m\n          \u001b[33mclass\u001b[39m=\u001b[32m\"rounded-lg border border-border bg-background/60 p-3\"\u001b[39m\n        \u001b[36m>\u001b[39m\n          \u001b[36m<dt\u001b[39m\n            \u001b[33mclass\u001b[39m=\u001b[32m\"text-muted\"\u001b[39m\n          \u001b[36m>\u001b[39m\n            \u001b[0mNew balance\u001b[0m\n          \u001b[36m</dt>\u001b[39m\n          \u001b[36m<dd\u001b[39m\n            \u001b[33mclass\u001b[39m=\u001b[32m\"mt-1 font-semibold text-foreground\"\u001b[39m\n          \u001b[36m>\u001b[39m\n            \u001b[0m$7,010.00\u001b[0m\n          \u001b[36m</dd>\u001b[39m\n        \u001b[36m</div>\u001b[39m\n        \u001b[36m<div\u001b[39m\n          \u001b[33mclass\u001b[39m=\u001b[32m\"rounded-lg border border-border bg-background/60 p-3\"\u001b[39m\n        \u001b[36m>\u001b[39m\n          \u001b[36m<dt\u001b[39m\n            \u001b[33mclass\u001b[39m=\u001b[32m\"text-muted\"\u001b[39m\n          \u001b[36m>\u001b[39m\n            \u001b[0mAvailable after draw\u001b[0m\n          \u001b[36m</dt>\u001b[39m\n          \u001b[36m<dd\u001b[39m\n            \u001b[33mclass\u001b[39m=\u001b[32m\"mt-1 font-semibold text-foreground\"\u001b[39m\n          \u001b[36m>\u001b[39m\n            \u001b[0m$2,990.00\u001b[0m\n          \u001b[36m</dd>\u001b[39m\n        \u001b[36m</div>\u001b[39m\n      \u001b[36m</dl>\u001b[39m\n      \u001b[36m<div\u001b[39m\n        \u001b[33mclass\u001b[39m=\u001b[32m\"space-y-2\"\u001b[39m\n      \u001b[36m>\u001b[39m\n        \u001b[36m<div\u001b[39m\n          \u001b[33mclass\u001b[39m=\u001b[32m\"flex justify-between text-sm\"\u001b[39m\n        \u001b[36m>\u001b[39m\n          \u001b[36m<span\u001b[39m\n            \u001b[33mclass\u001b[39m=\u001b[32m\"text-muted\"\u001b[39m\n          \u001b[36m>\u001b[39m\n            \u001b[0mCurrent utilization\u001b[0m\n          \u001b[36m</span>\u001b[39m\n          \u001b[36m<span\u001b[39m\n            \u001b[33mclass\u001b[39m=\u001b[32m\"font-semibold text-foreground\"\u001b[39m\n          \u001b[36m>\u001b[39m\n            \u001b[0m60\u001b[0m\n            \u001b[0m%\u001b[0m\n          \u001b[36m</span>\u001b[39m\n        \u001b[36m</div>\u001b[39m\n        \u001b[36m<div\u001b[39m\n          \u001b[33mclass\u001b[39m=\u001b[32m\"w-full bg-border rounded-full h-2.5\"\u001b[39m\n        \u001b[36m>\u001b[39m\n          \u001b[36m<div\u001b[39m\n            \u001b[33mclass\u001b[39m=\u001b[32m\"bg-blue-500 h-2.5 rounded-full\"\u001b[39m\n            \u001b[33mstyle\u001b[39m=\u001b[32m\"width: 60%;\"\u001b[39m\n          \u001b[36m/>\u001b[39m\n        \u001b[36m</div>\u001b[39m\n      \u001b[36m</div>\u001b[39m\n      \u001b[36m<div\u001b[39m\n        \u001b[33mclass\u001b[39m=\u001b[32m\"space-y-2\"\u001b[39m\n      \u001b[36m>\u001b[39m\n        \u001b[36m<div\u001b[39m\n          \u001b[33mclass\u001b[39m=\u001b[32m\"flex justify-between text-sm\"\u001b[39m\n        \u001b[36m>\u001b[39m\n          \u001b[36m<span\u001b[39m\n            \u001b[33mclass\u001b[39m=\u001b[32m\"text-muted\"\u001b[39m\n          \u001b[36m>\u001b[39m\n            \u001b[0mAfter draw\u001b[0m\n          \u001b[36m</span>\u001b[39m\n          \u001b[36m<span\u001b[39m\n            \u001b[33mclass\u001b[39m=\u001b[32m\"font-semibold text-foreground\"\u001b[39m\n          \u001b[36m>\u001b[39m\n            \u001b[0m70\u001b[0m\n            \u001b[0m%\u001b[0m\n          \u001b[36m</span>\u001b[39m\n        \u001b[36m</div>\u001b[39m\n        \u001b[36m<div\u001b[39m\n          \u001b[33mclass\u001b[39m=\u001b[32m\"w-full bg-border rounded-full h-2.5\"\u001b[39m\n        \u001b[36m>\u001b[39m\n          \u001b[36m<div\u001b[39m\n            \u001b[33mclass\u001b[39m=\u001b[32m\"h-2.5 rounded-full transition-all bg-blue-500\"\u001b[39m\n            \u001b[33mstyle\u001b[39m=\u001b[32m\"width: 70%;\"\u001b[39m\n          \u001b[36m/>\u001b[39m\n        \u001b[36m</div>\u001b[39m\n      \u001b[36m</div>\u001b[39m\n    \u001b[36m</div>\u001b[39m\n  \u001b[36m</div>\u001b[39m\n\u001b[36m</body>\u001b[39m\n    at Object.getElementError (C:\\Users\\HP-USER\\Creditra-Frontend\\node_modules\\@testing-library\\dom\\dist\\config.js:37:19)\n    at getAllByLabelText (C:\\Users\\HP-USER\\Creditra-Frontend\\node_modules\\@testing-library\\dom\\dist\\queries\\label-text.js:111:38)\n    at C:\\Users\\HP-USER\\Creditra-Frontend\\node_modules\\@testing-library\\dom\\dist\\query-helpers.js:52:17\n    at C:\\Users\\HP-USER\\Creditra-Frontend\\node_modules\\@testing-library\\dom\\dist\\query-helpers.js:95:19\n    at C:\\Users\\HP-USER\\Creditra-Frontend\\src\\components\\PreviewSection.test.tsx:23:28\n    at file:///C:/Users/HP-USER/Creditra-Frontend/node_modules/@vitest/runner/dist/chunk-hooks.js:155:11\n    at file:///C:/Users/HP-USER/Creditra-Frontend/node_modules/@vitest/runner/dist/chunk-hooks.js:752:26\n    at file:///C:/Users/HP-USER/Creditra-Frontend/node_modules/@vitest/runner/dist/chunk-hooks.js:1897:20\n    at new Promise (<anonymous>)\n    at runWithTimeout (file:///C:/Users/HP-USER/Creditra-Frontend/node_modules/@vitest/runner/dist/chunk-hooks.js:1863:10)"],"meta":{}},{"ancestorTitles":["glossed credit terms"],"fullName":"glossed credit terms wraps the first utilization and term occurrences in ConfirmationStep without repeating them","status":"failed","title":"wraps the first utilization and term occurrences in ConfirmationStep without repeating them","duration":52.17420000000038,"failureMessages":["Error: useWallet must be used within WalletProvider\n    at Module.useWallet (C:\\Users\\HP-USER\\Creditra-Frontend\\src\\context\\WalletContext.tsx:540:23)\n    at ConfirmationStep (C:\\Users\\HP-USER\\Creditra-Frontend\\src\\components\\ConfirmationStep.tsx:57:22)\n    at renderWithHooks (C:\\Users\\HP-USER\\Creditra-Frontend\\node_modules\\react-dom\\cjs\\react-dom.development.js:15486:18)\n    at mountIndeterminateComponent (C:\\Users\\HP-USER\\Creditra-Frontend\\node_modules\\react-dom\\cjs\\react-dom.development.js:20103:13)\n    at beginWork (C:\\Users\\HP-USER\\Creditra-Frontend\\node_modules\\react-dom\\cjs\\react-dom.development.js:21626:16)\n    at beginWork$1 (C:\\Users\\HP-USER\\Creditra-Frontend\\node_modules\\react-dom\\cjs\\react-dom.development.js:27465:14)\n    at performUnitOfWork (C:\\Users\\HP-USER\\Creditra-Frontend\\node_modules\\react-dom\\cjs\\react-dom.development.js:26599:12)\n    at workLoopSync (C:\\Users\\HP-USER\\Creditra-Frontend\\node_modules\\react-dom\\cjs\\react-dom.development.js:26505:5)\n    at renderRootSync (C:\\Users\\HP-USER\\Creditra-Frontend\\node_modules\\react-dom\\cjs\\react-dom.development.js:26473:7)\n    at recoverFromConcurrentError (C:\\Users\\HP-USER\\Creditra-Frontend\\node_modules\\react-dom\\cjs\\react-dom.development.js:25889:20)"],"meta":{}},{"ancestorTitles":["glossed credit terms"],"fullName":"glossed credit terms keeps glossary copy aligned with docs/MICROCOPY.md","status":"passed","title":"keeps glossary copy aligned with docs/MICROCOPY.md","duration":2.3880999999992127,"failureMessages":[],"meta":{}}],"startTime":1784874286288,"endTime":1784874286525.3882,"status":"failed","message":"","name":"C:/Users/HP-USER/Creditra-Frontend/src/components/PreviewSection.test.tsx"},{"assertionResults":[{"ancestorTitles":["RecentTransactionsRail"],"fullName":"RecentTransactionsRail renders with correct ARIA landmark and label","status":"passed","title":"renders with correct ARIA landmark and label","duration":280.28679999999986,"failureMessages":[],"meta":{}},{"ancestorTitles":["RecentTransactionsRail"],"fullName":"RecentTransactionsRail renders skeleton placeholders when loading","status":"passed","title":"renders skeleton placeholders when loading","duration":25.48199999999997,"failureMessages":[],"meta":{}},{"ancestorTitles":["RecentTransactionsRail"],"fullName":"RecentTransactionsRail applies the recent-transactions-rail class to the root","status":"passed","title":"applies the recent-transactions-rail class to the root","duration":20.036200000000463,"failureMessages":[],"meta":{}},{"ancestorTitles":["RecentTransactionsRail"],"fullName":"RecentTransactionsRail shows empty state when there are no transactions","status":"passed","title":"shows empty state when there are no transactions","duration":29.29370000000017,"failureMessages":[],"meta":{}},{"ancestorTitles":["RecentTransactionsRail"],"fullName":"RecentTransactionsRail renders transaction items","status":"passed","title":"renders transaction items","duration":148.5536000000002,"failureMessages":[],"meta":{}},{"ancestorTitles":["RecentTransactionsRail"],"fullName":"RecentTransactionsRail shows line name and relative time for each transaction","status":"passed","title":"shows line name and relative time for each transaction","duration":40.82009999999991,"failureMessages":[],"meta":{}},{"ancestorTitles":["RecentTransactionsRail"],"fullName":"RecentTransactionsRail prefixes draw amounts with a minus sign","status":"passed","title":"prefixes draw amounts with a minus sign","duration":13.17200000000048,"failureMessages":[],"meta":{}},{"ancestorTitles":["RecentTransactionsRail"],"fullName":"RecentTransactionsRail prefixes repay amounts with a plus sign","status":"passed","title":"prefixes repay amounts with a plus sign","duration":12.6854000000003,"failureMessages":[],"meta":{}},{"ancestorTitles":["RecentTransactionsRail"],"fullName":"RecentTransactionsRail renders a link to the full transaction history when transactions exist","status":"passed","title":"renders a link to the full transaction history when transactions exist","duration":166.52550000000065,"failureMessages":[],"meta":{}},{"ancestorTitles":["RecentTransactionsRail"],"fullName":"RecentTransactionsRail has aria-hidden on the activity icon","status":"passed","title":"has aria-hidden on the activity icon","duration":26.649199999999837,"failureMessages":[],"meta":{}}],"startTime":1784874428595,"endTime":1784874429359.6492,"status":"passed","message":"","name":"C:/Users/HP-USER/Creditra-Frontend/src/components/RecentTransactionsRail.test.tsx"},{"assertionResults":[{"ancestorTitles":["RiskGauge"],"fullName":"RiskGauge renders an SVG element with role=\"img\"","status":"passed","title":"renders an SVG element with role=\"img\"","duration":357.34670000000006,"failureMessages":[],"meta":{}},{"ancestorTitles":["RiskGauge"],"fullName":"RiskGauge SVG has aria-labelledby pointing at a <title> with the score description","status":"passed","title":"SVG has aria-labelledby pointing at a <title> with the score description","duration":124.51179999999931,"failureMessages":[],"meta":{}},{"ancestorTitles":["RiskGauge"],"fullName":"RiskGauge renders a polite sr-only paragraph with the same description","status":"passed","title":"renders a polite sr-only paragraph with the same description","duration":22.869000000000597,"failureMessages":[],"meta":{}},{"ancestorTitles":["RiskGauge"],"fullName":"RiskGauge clamps score below 0 to 0","status":"passed","title":"clamps score below 0 to 0","duration":114.34009999999944,"failureMessages":[],"meta":{}},{"ancestorTitles":["RiskGauge"],"fullName":"RiskGauge clamps score above 100 to 100","status":"passed","title":"clamps score above 100 to 100","duration":21.47319999999945,"failureMessages":[],"meta":{}},{"ancestorTitles":["RiskGauge"],"fullName":"RiskGauge fill arc carries data-score equal to the normalised score","status":"passed","title":"fill arc carries data-score equal to the normalised score","duration":18.029199999999946,"failureMessages":[],"meta":{}},{"ancestorTitles":["RiskGauge"],"fullName":"RiskGauge animation key changes when score prop changes (re-mounts fill arc)","status":"passed","title":"animation key changes when score prop changes (re-mounts fill arc)","duration":29.80330000000049,"failureMessages":[],"meta":{}},{"ancestorTitles":["RiskGauge","reduced-motion: false (default / animation on)"],"fullName":"RiskGauge reduced-motion: false (default / animation on) fill starts at circumference dashoffset so animation sweeps from empty","status":"passed","title":"fill starts at circumference dashoffset so animation sweeps from empty","duration":18.715300000000752,"failureMessages":[],"meta":{}},{"ancestorTitles":["RiskGauge","reduced-motion: false (default / animation on)"],"fullName":"RiskGauge reduced-motion: false (default / animation on) data-reduced-motion attribute is \"false\"","status":"passed","title":"data-reduced-motion attribute is \"false\"","duration":13.476400000000467,"failureMessages":[],"meta":{}},{"ancestorTitles":["RiskGauge","reduced-motion: true (no animation)"],"fullName":"RiskGauge reduced-motion: true (no animation) fill starts at final dashoffset — no flash-of-empty-arc","status":"passed","title":"fill starts at final dashoffset — no flash-of-empty-arc","duration":16.35319999999956,"failureMessages":[],"meta":{}},{"ancestorTitles":["RiskGauge","reduced-motion: true (no animation)"],"fullName":"RiskGauge reduced-motion: true (no animation) data-reduced-motion attribute is \"true\"","status":"passed","title":"data-reduced-motion attribute is \"true\"","duration":10.381199999999808,"failureMessages":[],"meta":{}},{"ancestorTitles":["RiskGauge"],"fullName":"RiskGauge renders the trend label and arrow in the meta row","status":"passed","title":"renders the trend label and arrow in the meta row","duration":18.050900000000183,"failureMessages":[],"meta":{}},{"ancestorTitles":["RiskGauge"],"fullName":"RiskGauge renders the formatted lastUpdated date in the meta row","status":"passed","title":"renders the formatted lastUpdated date in the meta row","duration":20.021200000000135,"failureMessages":[],"meta":{}},{"ancestorTitles":["RiskGauge"],"fullName":"RiskGauge uses semantic token colour vars, not hardcoded hex","status":"passed","title":"uses semantic token colour vars, not hardcoded hex","duration":42.24719999999979,"failureMessages":[],"meta":{}},{"ancestorTitles":["RiskGauge","focus ring — SVG root"],"fullName":"RiskGauge focus ring — SVG root SVG has tabIndex=0, making it keyboard-reachable","status":"passed","title":"SVG has tabIndex=0, making it keyboard-reachable","duration":68.02280000000064,"failureMessages":[],"meta":{}},{"ancestorTitles":["RiskGauge","focus ring — SVG root"],"fullName":"RiskGauge focus ring — SVG root SVG carries the .risk-gauge-svg class (focus ring applied via CSS)","status":"passed","title":"SVG carries the .risk-gauge-svg class (focus ring applied via CSS)","duration":73.59339999999975,"failureMessages":[],"meta":{}},{"ancestorTitles":["RiskGauge","focus ring — SVG root"],"fullName":"RiskGauge focus ring — SVG root pressing Enter on the focused SVG fires onSectorActivate with the active sector","status":"passed","title":"pressing Enter on the focused SVG fires onSectorActivate with the active sector","duration":58.32309999999961,"failureMessages":[],"meta":{}},{"ancestorTitles":["RiskGauge","focus ring — SVG root"],"fullName":"RiskGauge focus ring — SVG root pressing Space on the focused SVG fires onSectorActivate with the active sector","status":"passed","title":"pressing Space on the focused SVG fires onSectorActivate with the active sector","duration":63.52210000000014,"failureMessages":[],"meta":{}},{"ancestorTitles":["RiskGauge","focus ring — SVG root"],"fullName":"RiskGauge focus ring — SVG root pressing an unrelated key on the SVG does NOT fire onSectorActivate","status":"passed","title":"pressing an unrelated key on the SVG does NOT fire onSectorActivate","duration":57.907500000000255,"failureMessages":[],"meta":{}},{"ancestorTitles":["RiskGauge","focus ring — SVG root"],"fullName":"RiskGauge focus ring — SVG root active sector is reflected in data-active-sector attribute on SVG","status":"passed","title":"active sector is reflected in data-active-sector attribute on SVG","duration":177.85329999999976,"failureMessages":[],"meta":{}},{"ancestorTitles":["RiskGauge","focus ring — SVG root"],"fullName":"RiskGauge focus ring — SVG root onSectorActivate is not required — keyboard event does not throw","status":"passed","title":"onSectorActivate is not required — keyboard event does not throw","duration":52.04950000000008,"failureMessages":[],"meta":{}},{"ancestorTitles":["RiskGauge","focus ring — interactive sectors"],"fullName":"RiskGauge focus ring — interactive sectors renders three sector <g> elements with role=\"button\" by default","status":"passed","title":"renders three sector <g> elements with role=\"button\" by default","duration":102.8818999999994,"failureMessages":[],"meta":{}},{"ancestorTitles":["RiskGauge","focus ring — interactive sectors"],"fullName":"RiskGauge focus ring — interactive sectors each sector <g> has tabIndex=0 (keyboard reachable)","status":"passed","title":"each sector <g> has tabIndex=0 (keyboard reachable)","duration":72.02919999999995,"failureMessages":[],"meta":{}},{"ancestorTitles":["RiskGauge","focus ring — interactive sectors"],"fullName":"RiskGauge focus ring — interactive sectors each sector has a data-sector attribute identifying the band","status":"passed","title":"each sector has a data-sector attribute identifying the band","duration":7.23529999999937,"failureMessages":[],"meta":{}},{"ancestorTitles":["RiskGauge","focus ring — interactive sectors"],"fullName":"RiskGauge focus ring — interactive sectors each sector <g> has aria-labelledby pointing at a <title> with the range","status":"passed","title":"each sector <g> has aria-labelledby pointing at a <title> with the range","duration":14.565799999999399,"failureMessages":[],"meta":{}},{"ancestorTitles":["RiskGauge","focus ring — interactive sectors"],"fullName":"RiskGauge focus ring — interactive sectors active sector has aria-pressed=\"true\"; inactive sectors have \"false\"","status":"passed","title":"active sector has aria-pressed=\"true\"; inactive sectors have \"false\"","duration":10.20219999999972,"failureMessages":[],"meta":{}},{"ancestorTitles":["RiskGauge","focus ring — interactive sectors"],"fullName":"RiskGauge focus ring — interactive sectors pressing Enter on a sector fires onSectorActivate with that sector id","status":"passed","title":"pressing Enter on a sector fires onSectorActivate with that sector id","duration":11.78060000000005,"failureMessages":[],"meta":{}},{"ancestorTitles":["RiskGauge","focus ring — interactive sectors"],"fullName":"RiskGauge focus ring — interactive sectors pressing Space on a sector fires onSectorActivate with that sector id","status":"passed","title":"pressing Space on a sector fires onSectorActivate with that sector id","duration":14.930699999999888,"failureMessages":[],"meta":{}},{"ancestorTitles":["RiskGauge","focus ring — interactive sectors"],"fullName":"RiskGauge focus ring — interactive sectors clicking a sector fires onSectorActivate with that sector id","status":"passed","title":"clicking a sector fires onSectorActivate with that sector id","duration":13.961899999999332,"failureMessages":[],"meta":{}},{"ancestorTitles":["RiskGauge","focus ring — interactive sectors"],"fullName":"RiskGauge focus ring — interactive sectors unrelated keydown on a sector does NOT fire onSectorActivate","status":"passed","title":"unrelated keydown on a sector does NOT fire onSectorActivate","duration":10.571500000000015,"failureMessages":[],"meta":{}},{"ancestorTitles":["RiskGauge","focus ring — interactive sectors"],"fullName":"RiskGauge focus ring — interactive sectors sectors are NOT rendered when showSectors=false","status":"passed","title":"sectors are NOT rendered when showSectors=false","duration":7.7161000000005515,"failureMessages":[],"meta":{}},{"ancestorTitles":["RiskGauge","focus ring — interactive sectors"],"fullName":"RiskGauge focus ring — interactive sectors sectors are rendered by default (showSectors defaults to true)","status":"passed","title":"sectors are rendered by default (showSectors defaults to true)","duration":82.11660000000029,"failureMessages":[],"meta":{}},{"ancestorTitles":["RiskGauge","focus ring — interactive sectors"],"fullName":"RiskGauge focus ring — interactive sectors each sector contains a focus-rect element for the per-sector ring","status":"passed","title":"each sector contains a focus-rect element for the per-sector ring","duration":10.827000000000226,"failureMessages":[],"meta":{}},{"ancestorTitles":["RiskGauge","focus ring — interactive sectors"],"fullName":"RiskGauge focus ring — interactive sectors each sector arc has class risk-gauge-sector-arc","status":"passed","title":"each sector arc has class risk-gauge-sector-arc","duration":10.172099999999773,"failureMessages":[],"meta":{}},{"ancestorTitles":["RiskGauge","focus ring — interactive sectors"],"fullName":"RiskGauge focus ring — interactive sectors onSectorActivate is optional — sector click/keydown does not throw","status":"passed","title":"onSectorActivate is optional — sector click/keydown does not throw","duration":12.574800000000323,"failureMessages":[],"meta":{}},{"ancestorTitles":["RiskGauge","focus ring — boundary / edge cases"],"fullName":"RiskGauge focus ring — boundary / edge cases score=0 → active sector is \"low\"","status":"passed","title":"score=0 → active sector is \"low\"","duration":11.447100000000319,"failureMessages":[],"meta":{}},{"ancestorTitles":["RiskGauge","focus ring — boundary / edge cases"],"fullName":"RiskGauge focus ring — boundary / edge cases score=50 → active sector is \"medium\" (boundary inclusive)","status":"passed","title":"score=50 → active sector is \"medium\" (boundary inclusive)","duration":7.945099999999911,"failureMessages":[],"meta":{}},{"ancestorTitles":["RiskGauge","focus ring — boundary / edge cases"],"fullName":"RiskGauge focus ring — boundary / edge cases score=70 → active sector is \"high\" (boundary inclusive)","status":"passed","title":"score=70 → active sector is \"high\" (boundary inclusive)","duration":9.265199999999822,"failureMessa
[...]
storTitles":["RepayPage"],"fullName":"RepayPage has quick percentage buttons","status":"passed","title":"has quick percentage buttons","duration":795.8194999999996,"failureMessages":[],"meta":{}},{"ancestorTitles":["RepayPage"],"fullName":"RepayPage Review Repayment button is disabled with no amount","status":"passed","title":"Review Repayment button is disabled with no amount","duration":264.3689999999997,"failureMessages":[],"meta":{}},{"ancestorTitles":["RepayPage"],"fullName":"RepayPage has I need help button","status":"passed","title":"has I need help button","duration":385.2547999999997,"failureMessages":[],"meta":{}},{"ancestorTitles":["RepayPage"],"fullName":"RepayPage has Cancel button","status":"passed","title":"has Cancel button","duration":286.7467999999999,"failureMessages":[],"meta":{}},{"ancestorTitles":["RepayPage"],"fullName":"RepayPage renders Smart Pay button when a credit line is selected","status":"passed","title":"renders Smart Pay button when a credit line is selected","duration":772.0614999999998,"failureMessages":[],"meta":{}},{"ancestorTitles":["RepayPage"],"fullName":"RepayPage Smart Pay button has correct aria-label with suggested amount","status":"passed","title":"Smart Pay button has correct aria-label with suggested amount","duration":458.6795000000002,"failureMessages":[],"meta":{}},{"ancestorTitles":["RepayPage"],"fullName":"RepayPage clicking Smart Pay fills the amount input with the suggested value","status":"passed","title":"clicking Smart Pay fills the amount input with the suggested value","duration":760.5087999999996,"failureMessages":[],"meta":{}},{"ancestorTitles":["RepayPage"],"fullName":"RepayPage Smart Pay enables Review Repayment when clicked","status":"passed","title":"Smart Pay enables Review Repayment when clicked","duration":411.4423000000006,"failureMessages":[],"meta":{}}],"startTime":1784874311607,"endTime":1784874317188.4424,"status":"passed","message":"","name":"C:/Users/HP-USER/Creditra-Frontend/src/pages/__tests__/RepayPage.test.tsx"},{"assertionResults":[{"ancestorTitles":["linkedAccounts service","fetchLinkedAccounts"],"fullName":"linkedAccounts service fetchLinkedAccounts should fetch and return linked accounts","status":"passed","title":"should fetch and return linked accounts","duration":11.803400000000693,"failureMessages":[],"meta":{}},{"ancestorTitles":["linkedAccounts service","fetchLinkedAccounts"],"fullName":"linkedAccounts service fetchLinkedAccounts should filter out disconnected accounts","status":"passed","title":"should filter out disconnected accounts","duration":3.7075000000004366,"failureMessages":[],"meta":{}},{"ancestorTitles":["linkedAccounts service","fetchLinkedAccounts"],"fullName":"linkedAccounts service fetchLinkedAccounts should handle fetch errors","status":"passed","title":"should handle fetch errors","duration":4.347899999999754,"failureMessages":[],"meta":{}},{"ancestorTitles":["linkedAccounts service","initiateLinkAccount"],"fullName":"linkedAccounts service initiateLinkAccount should initiate OAuth flow for new provider","status":"passed","title":"should initiate OAuth flow for new provider","duration":7.219999999999345,"failureMessages":[],"meta":{}},{"ancestorTitles":["linkedAccounts service","initiateLinkAccount"],"fullName":"linkedAccounts service initiateLinkAccount should reject if provider is already linked","status":"passed","title":"should reject if provider is already linked","duration":3.158499999999549,"failureMessages":[],"meta":{}},{"ancestorTitles":["linkedAccounts service","initiateLinkAccount"],"fullName":"linkedAccounts service initiateLinkAccount should include redirect URL in OAuth URL","status":"passed","title":"should include redirect URL in OAuth URL","duration":1.3672999999998865,"failureMessages":[],"meta":{}},{"ancestorTitles":["linkedAccounts service","completeOAuthLink"],"fullName":"linkedAccounts service completeOAuthLink should complete OAuth flow and create linked account","status":"passed","title":"should complete OAuth flow and create linked account","duration":5.027499999999236,"failureMessages":[],"meta":{}},{"ancestorTitles":["linkedAccounts service","completeOAuthLink"],"fullName":"linkedAccounts service completeOAuthLink should reject with invalid state","status":"passed","title":"should reject with invalid state","duration":1.5204000000003361,"failureMessages":[],"meta":{}},{"ancestorTitles":["linkedAccounts service","completeOAuthLink"],"fullName":"linkedAccounts service completeOAuthLink should reject with expired state","status":"passed","title":"should reject with expired state","duration":1.734599999999773,"failureMessages":[],"meta":{}},{"ancestorTitles":["linkedAccounts service","completeOAuthLink"],"fullName":"linkedAccounts service completeOAuthLink should reject with mismatched provider","status":"passed","title":"should reject with mismatched provider","duration":1.6130999999995765,"failureMessages":[],"meta":{}},{"ancestorTitles":["linkedAccounts service","disconnectAccount"],"fullName":"linkedAccounts service disconnectAccount should disconnect an existing account","status":"passed","title":"should disconnect an existing account","duration":5.7775000000001455,"failureMessages":[],"meta":{}},{"ancestorTitles":["linkedAccounts service","disconnectAccount"],"fullName":"linkedAccounts service disconnectAccount should throw error if account not found","status":"passed","title":"should throw error if account not found","duration":3.2941000000000713,"failureMessages":[],"meta":{}},{"ancestorTitles":["linkedAccounts service","reconnectAccount"],"fullName":"linkedAccounts service reconnectAccount should initiate reconnection for existing account","status":"failed","title":"should initiate reconnection for existing account","duration":5016.3259,"failureMessages":["Error: STACK_TRACE_ERROR\n    at task (file:///C:/Users/HP-USER/Creditra-Frontend/node_modules/@vitest/runner/dist/chunk-hooks.js:638:27)\n    at Object.<anonymous> (file:///C:/Users/HP-USER/Creditra-Frontend/node_modules/@vitest/runner/dist/chunk-hooks.js:662:16)\n    at Object.<anonymous> (file:///C:/Users/HP-USER/Creditra-Frontend/node_modules/@vitest/runner/dist/chunk-hooks.js:458:28)\n    at Module.chain (file:///C:/Users/HP-USER/Creditra-Frontend/node_modules/@vitest/runner/dist/chunk-hooks.js:369:14)\n    at C:\\Users\\HP-USER\\Creditra-Frontend\\src\\services\\__tests__\\linkedAccounts.test.ts:293:5\n    at file:///C:/Users/HP-USER/Creditra-Frontend/node_modules/@vitest/runner/dist/chunk-hooks.js:734:40\n    at runWithSuite (file:///C:/Users/HP-USER/Creditra-Frontend/node_modules/@vitest/runner/dist/chunk-hooks.js:1849:8)\n    at Object.collect (file:///C:/Users/HP-USER/Creditra-Frontend/node_modules/@vitest/runner/dist/chunk-hooks.js:734:10)\n    at Object.collect (file:///C:/Users/HP-USER/Creditra-Frontend/node_modules/@vitest/runner/dist/chunk-hooks.js:738:54)\n    at processTicksAndRejections (node:internal/process/task_queues:104:5)\n    at Object.collect (file:///C:/Users/HP-USER/Creditra-Frontend/node_modules/@vitest/runner/dist/chunk-hooks.js:738:46)\n    at collectTests (file:///C:/Users/HP-USER/Creditra-Frontend/node_modules/@vitest/runner/dist/chunk-hooks.js:1179:25)\n    at startTests (file:///C:/Users/HP-USER/Creditra-Frontend/node_modules/@vitest/runner/dist/chunk-hooks.js:1817:17)\n    at file:///C:/Users/HP-USER/Creditra-Frontend/node_modules/vitest/dist/chunks/runBaseTests.9Ij9_de-.js:117:26\n    at withEnv (file:///C:/Users/HP-USER/Creditra-Frontend/node_modules/vitest/dist/chunks/runBaseTests.9Ij9_de-.js:84:3)"],"meta":{}},{"ancestorTitles":["linkedAccounts service","reconnectAccount"],"fullName":"linkedAccounts service reconnectAccount should throw error if account not found","status":"passed","title":"should throw error if account not found","duration":1.5279000000009546,"failureMessages":[],"meta":{}},{"ancestorTitles":["linkedAccounts service","verifyAccount"],"fullName":"linkedAccounts service verifyAccount should verify and update account timestamp","status":"failed","title":"should verify and update account timestamp","duration":4.52809999999954,"failureMessages":["AssertionError: expected '2026-07-24T06:24:27.977Z' not to be '2026-07-24T06:24:27.977Z' // Object.is equality\n    at C:\\Users\\HP-USER\\Creditra-Frontend\\src\\services\\__tests__\\linkedAccounts.test.ts:346:39\n    at file:///C:/Users/HP-USER/Creditra-Frontend/node_modules/@vitest/runner/dist/chunk-hooks.js:752:20"],"meta":{}},{"ancestorTitles":["linkedAccounts service","verifyAccount"],"fullName":"linkedAccounts service verifyAccount should handle verification failure","status":"passed","title":"should handle verification failure","duration":1.5959000000002561,"failureMessages":[],"meta":{}},{"ancestorTitles":["linkedAccounts service","verifyAccount"],"fullName":"linkedAccounts service verifyAccount should throw error if account not found","status":"passed","title":"should throw error if account not found","duration":1.2094000000015512,"failureMessages":[],"meta":{}},{"ancestorTitles":["linkedAccounts service","PROVIDER_INFO"],"fullName":"linkedAccounts service PROVIDER_INFO should have info for all supported providers","status":"passed","title":"should have info for all supported providers","duration":1.7408999999988737,"failureMessages":[],"meta":{}}],"startTime":1784874261907,"endTime":1784874266986.741,"status":"failed","message":"","name":"C:/Users/HP-USER/Creditra-Frontend/src/services/__tests__/linkedAccounts.test.ts"},{"assertionResults":[{"ancestorTitles":["computePayoffProjection"],"fullName":"computePayoffProjection returns zero months saved when repayAmount is 0","status":"passed","title":"returns zero months saved when repayAmount is 0","duration":5.077099999999518,"failureMessages":[],"meta":{}},{"ancestorTitles":["computePayoffProjection"],"fullName":"computePayoffProjection shows reduced months when a repayment is made","status":"passed","title":"shows reduced months when a repayment is made","duration":1.126800000000003,"failureMessages":[],"meta":{}},{"ancestorTitles":["computePayoffProjection"],"fullName":"computePayoffProjection marks isFullPayoff when repayAmount >= debt","status":"passed","title":"marks isFullPayoff when repayAmount >= debt","duration":0.5722999999998137,"failureMessages":[],"meta":{}},{"ancestorTitles":["computePayoffProjection"],"fullName":"computePayoffProjection caps at zero for negative repayAmount","status":"passed","title":"caps at zero for negative repayAmount","duration":0.4974000000001979,"failureMessages":[],"meta":{}},{"ancestorTitles":["computePayoffProjection"],"fullName":"computePayoffProjection caps repayAmount at debt value (cannot overpay beyond debt)","status":"passed","title":"caps repayAmount at debt value (cannot overpay beyond debt)","duration":0.6509000000005472,"failureMessages":[],"meta":{}},{"ancestorTitles":["computePayoffProjection"],"fullName":"computePayoffProjection returns utilization percentages correctly","status":"passed","title":"returns utilization percentages correctly","duration":0.6013000000002648,"failureMessages":[],"meta":{}},{"ancestorTitles":["computePayoffProjection"],"fullName":"computePayoffProjection returns zero utilization when limit is 0","status":"passed","title":"returns zero utilization when limit is 0","duration":0.44799999999941065,"failureMessages":[],"meta":{}},{"ancestorTitles":["computePayoffProjection"],"fullName":"computePayoffProjection handles zero APR correctly","status":"passed","title":"handles zero APR correctly","duration":0.6750000000001819,"failureMessages":[],"meta":{}},{"ancestorTitles":["computePayoffProjection"],"fullName":"computePayoffProjection handles very small debt","status":"passed","title":"handles very small debt","duration":0.5703000000003158,"failureMessages":[],"meta":{}},{"ancestorTitles":["computePayoffProjection"],"fullName":"computePayoffProjection handles zero debt","status":"passed","title":"handles zero debt","duration":0.7520999999997002,"failureMessages":[],"meta":{}},{"ancestorTitles":["computePayoffProjection"],"fullName":"computePayoffProjection does not return negative monthsSaved when debt cannot be paid","status":"passed","title":"does not return negative monthsSaved when debt cannot be paid","duration":0.7048000000004322,"failureMessages":[],"meta":{}},{"ancestorTitles":["computeDefaultMonthlyPayment"],"fullName":"computeDefaultMonthlyPayment uses nextPaymentAmount when provided","status":"passed","title":"uses nextPaymentAmount when provided","duration":0.47229999999944994,"failureMessages":[],"meta":{}},{"ancestorTitles":["computeDefaultMonthlyPayment"],"fullName":"computeDefaultMonthlyPayment falls back to fraction-based when no nextPaymentAmount","status":"passed","title":"falls back to fraction-based when no nextPaymentAmount","duration":0.342000000000553,"failureMessages":[],"meta":{}},{"ancestorTitles":["computeDefaultMonthlyPayment"],"fullName":"computeDefaultMonthlyPayment returns 0 for zero debt","status":"passed","title":"returns 0 for zero debt","duration":0.3404000000000451,"failureMessages":[],"meta":{}},{"ancestorTitles":["computeDefaultMonthlyPayment"],"fullName":"computeDefaultMonthlyPayment returns 0 for zero debt with nextPaymentAmount","status":"passed","title":"returns 0 for zero debt with nextPaymentAmount","duration":0.3214000000007218,"failureMessages":[],"meta":{}},{"ancestorTitles":["formatMonths"],"fullName":"formatMonths formats 0 as \"Paid off\"","status":"passed","title":"formats 0 as \"Paid off\"","duration":0.3671999999996842,"failureMessages":[],"meta":{}},{"ancestorTitles":["formatMonths"],"fullName":"formatMonths formats months-only values","status":"passed","title":"formats months-only values","duration":0.30499999999938154,"failureMessages":[],"meta":{}},{"ancestorTitles":["formatMonths"],"fullName":"formatMonths formats exact years","status":"passed","title":"formats exact years","duration":0.3585000000002765,"failureMessages":[],"meta":{}},{"ancestorTitles":["formatMonths"],"fullName":"formatMonths formats years and months","status":"passed","title":"formats years and months","duration":0.3317000000006374,"failureMessages":[],"meta":{}},{"ancestorTitles":["formatMonths"],"fullName":"formatMonths returns \"10+ years\" for 360+ months","status":"passed","title":"returns \"10+ years\" for 360+ months","duration":0.4206000000003769,"failureMessages":[],"meta":{}},{"ancestorTitles":["formatPayoffDate"],"fullName":"formatPayoffDate returns \"Now\" for full payoff or 0 months","status":"passed","title":"returns \"Now\" for full payoff or 0 months","duration":0.6134000000001834,"failureMessages":[],"meta":{}},{"ancestorTitles":["formatPayoffDate"],"fullName":"formatPayoffDate returns future date string","status":"passed","title":"returns future date string","duration":50.49210000000039,"failureMessages":[],"meta":{}},{"ancestorTitles":["formatPayoffDate"],"fullName":"formatPayoffDate returns \"10+ years\" for 360+ months","status":"passed","title":"returns \"10+ years\" for 360+ months","duration":0.3541000000004715,"failureMessages":[],"meta":{}}],"startTime":1784874468947,"endTime":1784874469015.4922,"status":"passed","message":"","name":"C:/Users/HP-USER/Creditra-Frontend/src/utils/__tests__/payoffProjection.test.ts"},{"assertionResults":[{"ancestorTitles":["suggestRepayAmount"],"fullName":"suggestRepayAmount returns 0 when totalDue is 0","status":"passed","title":"returns 0 when totalDue is 0","duration":4.054900000000089,"failureMessages":[],"meta":{}},{"ancestorTitles":["suggestRepayAmount"],"fullName":"suggestRepayAmount returns 0 when walletBalance is 0","status":"passed","title":"returns 0 when walletBalance is 0","duration":0.5734000000002197,"failureMessages":[],"meta":{}},{"ancestorTitles":["suggestRepayAmount"],"fullName":"suggestRepayAmount returns 0 when totalDue is 0 and walletBalance is 0","status":"passed","title":"returns 0 when totalDue is 0 and walletBalance is 0","duration":0.41200000000026193,"failureMessages":[],"meta":{}},{"ancestorTitles":["suggestRepayAmount"],"fullName":"suggestRepayAmount suggests enough to bring utilization to 50% when above 50%","status":"passed","title":"suggests enough to bring utilization to 50% when above 50%","duration":0.4942000000000917,"failureMessages":[],"meta":{}},{"ancestorTitles":["suggestRepayAmount"],"fullName":"suggestRepayAmount does not exceed wallet balance minus reserve","status":"passed","title":"does not exceed wallet balance minus reserve","duration":0.5695999999998094,"failureMessages":[],"meta":{}},{"ancestorTitles":["suggestRepayAmount"],"fullName":"suggestRepayAmount never exceeds totalDue","status":"passed","title":"never exceeds totalDue","duration":0.4904999999998836,"failureMessages":[],"meta":{}},{"ancestorTitles":["suggestRepayAmount"],"fullName":"suggestRepayAmount never exceeds walletBalance minus reserve","status":"passed","title":"never exceeds walletBalance minus reserve","duration":0.4600000000000364,"failureMessages":[],"meta":{}},{"ancestorTitles":["suggestRepayAmount"],"fullName":"suggestRepayAmount returns at least 1 when there is debt and wallet balance","status":"passed","title":"returns at least 1 when there is debt and wallet balance","duration":0.5093000000006214,"failureMessages":[],"meta":{}},{"ancestorTitles":["suggestRepayAmount"],"fullName":"suggestRepayAmount uses nextPaymentAmount when utilization is at or below 50%","status":"passed","title":"uses nextPaymentAmount when utilization is at or below 50%","duration":0.5160999999998239,"failureMessages":[],"meta":{}},{"ancestorTitles":["suggestRepayAmount"],"fullName":"suggestRepayAmount returns monthly interest as floor when no nextPaymentAmount and utilization <= 50%","status":"passed","title":"returns monthly interest as floor when no nextPaymentAmount and utilization <= 50%","duration":0.4942000000000917,"failureMessages":[],"meta":{}},{"ancestorTitles":["suggestRepayAmount"],"fullName":"suggestRepayAmount handles high APR correctly","status":"passed","title":"handles high APR correctly","duration":0.5974999999998545,"failureMessages":[],"meta":{}},{"ancestorTitles":["suggestRepayAmount"],"fullName":"suggestRepayAmount returns suggested amount as a number with max 2 decimal places","status":"passed","title":"returns suggested amount as a number with max 2 decimal places","duration":0.3251000000000204,"failureMessages":[],"meta":{}},{"ancestorTitles":["suggestRepayAmount"],"fullName":"suggestRepayAmount prefers target-util amount over nextPaymentAmount when utilization > 50%","status":"passed","title":"prefers target-util amount over nextPaymentAmount when utilization > 50%","duration":0.3143000000000029,"failureMessages":[],"meta":{}},{"ancestorTitles":["suggestRepayAmount"],"fullName":"suggestRepayAmount rounds the result to 2 decimal places","status":"passed","title":"rounds the result to 2 decimal places","duration":0.41640000000006694,"failureMessages":[],"meta":{}}],"startTime":1784874484289,"endTime":1784874484300.4165,"status":"passed","message":"","name":"C:/Users/HP-USER/Creditra-Frontend/src/utils/__tests__/suggestRepay.test.ts"},{"assertionResults":[{"ancestorTitles":["ExportAccountSettings Component Suite"],"fullName":"ExportAccountSettings Component Suite should render headers and download interaction buttons correctly","status":"passed","title":"should render headers and download interaction buttons correctly","duration":63.200700000000325,"failureMessages":[],"meta":{}},{"ancestorTitles":["ExportAccountSettings Component Suite"],"fullName":"ExportAccountSettings Component Suite should trigger JSON formatting flow download pipeline cleanly when clicked","status":"passed","title":"should trigger JSON formatting flow download pipeline cleanly when clicked","duration":58.22099999999955,"failureMessages":[],"meta":{}}],"startTime":1784874466840,"endTime":1784874466961.221,"status":"passed","message":"","name":"C:/Users/HP-USER/Creditra-Frontend/src/pages/settings/__tests__/Export.test.tsx"}]}