{"numTotalTestSuites":267,"numPassedTestSuites":267,"numFailedTestSuites":0,"numPendingTestSuites":0,"numTotalTests":958,"numPassedTests":958,"numFailedTests":0,"numPendingTests":0,"numTodoTests":0,"snapshot":{"added":0,"failure":false,"filesAdded":0,"filesRemoved":0,"filesRemovedList":[],"filesUnmatched":0,"filesUpdated":0,"matched":5,"total":5,"unchecked":0,"uncheckedKeysByFile":[],"unmatched":0,"updated":0,"didUpdate":false},"startTime":1784971911557,"success":true,"testResults":[{"assertionResults":[{"ancestorTitles":["credit lines route"],"fullName":"credit lines route renders the Credit Lines page and marks the nav link active","status":"passed","title":"renders the Credit Lines page and marks the nav link active","duration":4020.6306000000022,"failureMessages":[],"meta":{}},{"ancestorTitles":["credit lines route"],"fullName":"credit lines route still renders NotFound for unknown routes","status":"passed","title":"still renders NotFound for unknown routes","duration":152.77350000000297,"failureMessages":[],"meta":{}}],"startTime":1784972208000,"endTime":1784972212173.7734,"status":"passed","message":"","name":"C:/Users/HP-USER/Creditra-Frontend/src/App.credit-lines-route.test.tsx"},{"assertionResults":[{"ancestorTitles":["App Navigation Header"],"fullName":"App Navigation Header renders header with navigation links","status":"passed","title":"renders header with navigation links","duration":866.3070000000007,"failureMessages":[],"meta":{}},{"ancestorTitles":["App Navigation Header"],"fullName":"App Navigation Header renders all four navigation links with correct text","status":"passed","title":"renders all four navigation links with correct text","duration":2582.9668999999994,"failureMessages":[],"meta":{}},{"ancestorTitles":["App Navigation Header"],"fullName":"App Navigation Header applies header-nav-link class to all navigation links","status":"passed","title":"applies header-nav-link class to all navigation links","duration":1318.4724000000024,"failureMessages":[],"meta":{}},{"ancestorTitles":["App Navigation Header"],"fullName":"App Navigation Header renders navigation links with proper href attributes","status":"passed","title":"renders navigation links with proper href attributes","duration":2264.7060999999994,"failureMessages":[],"meta":{}},{"ancestorTitles":["App Navigation Header"],"fullName":"App Navigation Header renders logo link with correct href","status":"passed","title":"renders logo link with correct href","duration":228.9841000000015,"failureMessages":[],"meta":{}},{"ancestorTitles":["App Navigation Header"],"fullName":"App Navigation Header renders WalletButton in the header","status":"passed","title":"renders WalletButton in the header","duration":227.88609999999971,"failureMessages":[],"meta":{}},{"ancestorTitles":["App Navigation Header"],"fullName":"App Navigation Header renders network status indicator in the header","status":"passed","title":"renders network status indicator in the header","duration":211.4242000000013,"failureMessages":[],"meta":{}},{"ancestorTitles":["App Navigation Header"],"fullName":"App Navigation Header renders the Settings shortcut help trigger","status":"passed","title":"renders the Settings shortcut help trigger","duration":774.9701999999997,"failureMessages":[],"meta":{}},{"ancestorTitles":["App Navigation Header"],"fullName":"App Navigation Header has proper semantic structure with header and main elements","status":"passed","title":"has proper semantic structure with header and main elements","duration":383.70140000000174,"failureMessages":[],"meta":{}},{"ancestorTitles":["App Navigation Active State (requires integration test)"],"fullName":"App Navigation Active State (requires integration test) should have aria-current attribute support implemented","status":"passed","title":"should have aria-current attribute support implemented","duration":1067.890000000003,"failureMessages":[],"meta":{}},{"ancestorTitles":["App Styling and Accessibility"],"fullName":"App Styling and Accessibility renders with proper accessibility attributes","status":"passed","title":"renders with proper accessibility attributes","duration":177.8058000000019,"failureMessages":[],"meta":{}},{"ancestorTitles":["App Styling and Accessibility"],"fullName":"App Styling and Accessibility applies correct CSS classes for navigation styling","status":"passed","title":"applies correct CSS classes for navigation styling","duration":981.7885000000024,"failureMessages":[],"meta":{}},{"ancestorTitles":["App Styling and Accessibility"],"fullName":"App Styling and Accessibility renders with error boundary wrapper","status":"passed","title":"renders with error boundary wrapper","duration":144.55669999999736,"failureMessages":[],"meta":{}},{"ancestorTitles":["App Styling and Accessibility"],"fullName":"App Styling and Accessibility renders with wallet provider context","status":"passed","title":"renders with wallet provider context","duration":122.22009999999864,"failureMessages":[],"meta":{}},{"ancestorTitles":["App Styling and Accessibility"],"fullName":"App Styling and Accessibility opens shortcut help when ? is pressed outside inputs","status":"passed","title":"opens shortcut help when ? is pressed outside inputs","duration":307.1323999999986,"failureMessages":[],"meta":{}},{"ancestorTitles":["App Styling and Accessibility"],"fullName":"App Styling and Accessibility ignores ? when focus is inside an input","status":"passed","title":"ignores ? when focus is inside an input","duration":94.85619999999835,"failureMessages":[],"meta":{}}],"startTime":1784972039152,"endTime":1784972050910.8562,"status":"passed","message":"","name":"C:/Users/HP-USER/Creditra-Frontend/src/App.test.tsx"},{"assertionResults":[{"ancestorTitles":["ContrastContext"],"fullName":"ContrastContext defaults to normal mode with no stored value","status":"passed","title":"defaults to normal mode with no stored value","duration":83.9344000000001,"failureMessages":[],"meta":{}},{"ancestorTitles":["ContrastContext"],"fullName":"ContrastContext applies [data-contrast=\"high\"] after toggling on","status":"passed","title":"applies [data-contrast=\"high\"] after toggling on","duration":510.1938000000009,"failureMessages":[],"meta":{}},{"ancestorTitles":["ContrastContext"],"fullName":"ContrastContext removes [data-contrast] attribute when toggling back to normal","status":"passed","title":"removes [data-contrast] attribute when toggling back to normal","duration":276.65800000000127,"failureMessages":[],"meta":{}},{"ancestorTitles":["ContrastContext"],"fullName":"ContrastContext setContrastMode(\"high\") applies attribute and updates state","status":"passed","title":"setContrastMode(\"high\") applies attribute and updates state","duration":210.31700000000092,"failureMessages":[],"meta":{}},{"ancestorTitles":["ContrastContext"],"fullName":"ContrastContext setContrastMode(\"normal\") removes attribute","status":"passed","title":"setContrastMode(\"normal\") removes attribute","duration":169.98470000000088,"failureMessages":[],"meta":{}},{"ancestorTitles":["ContrastContext"],"fullName":"ContrastContext persists mode to localStorage when toggled","status":"passed","title":"persists mode to localStorage when toggled","duration":141.47330000000147,"failureMessages":[],"meta":{}},{"ancestorTitles":["ContrastContext"],"fullName":"ContrastContext reads persisted high mode from localStorage on mount","status":"passed","title":"reads persisted high mode from localStorage on mount","duration":4.9078000000008615,"failureMessages":[],"meta":{}},{"ancestorTitles":["ContrastContext"],"fullName":"ContrastContext falls back to normal when stored value is invalid","status":"passed","title":"falls back to normal when stored value is invalid","duration":4.577100000000428,"failureMessages":[],"meta":{}},{"ancestorTitles":["ContrastContext"],"fullName":"ContrastContext throws when useContrast is used outside a provider","status":"passed","title":"throws when useContrast is used outside a provider","duration":73.69470000000001,"failureMessages":[],"meta":{}}],"startTime":1784972320284,"endTime":1784972321760.6946,"status":"passed","message":"","name":"C:/Users/HP-USER/Creditra-Frontend/src/context/ContrastContext.test.tsx"},{"assertionResults":[{"ancestorTitles":["WalletContext — auto-reconnect gating with remember flag"],"fullName":"WalletContext — auto-reconnect gating with remember flag does NOT auto-reconnect when remembered flag is false","status":"passed","title":"does NOT auto-reconnect when remembered flag is false","duration":99.31600000000071,"failureMessages":[],"meta":{}},{"ancestorTitles":["WalletContext — auto-reconnect gating with remember flag"],"fullName":"WalletContext — auto-reconnect gating with remember flag auto-reconnects when both wallet_info AND remembered are present","status":"passed","title":"auto-reconnects when both wallet_info AND remembered are present","duration":33.21010000000024,"failureMessages":[],"meta":{}},{"ancestorTitles":["WalletContext — auto-reconnect gating with remember flag"],"fullName":"WalletContext — auto-reconnect gating with remember flag surfaces isRemembered=true after auto-reconnect","status":"passed","title":"surfaces isRemembered=true after auto-reconnect","duration":18.826500000001033,"failureMessages":[],"meta":{}},{"ancestorTitles":["WalletContext — opt-in connect"],"fullName":"WalletContext — opt-in connect defaults to NOT remembering when options.remember is omitted","status":"passed","title":"defaults to NOT remembering when options.remember is omitted","duration":74.47990000000027,"failureMessages":[],"meta":{}},{"ancestorTitles":["WalletContext — opt-in connect"],"fullName":"WalletContext — opt-in connect passes remember=true through to setWalletRemembered","status":"passed","title":"passes remember=true through to setWalletRemembered","duration":25.795399999999063,"failureMessages":[],"meta":{}},{"ancestorTitles":["WalletContext — opt-in connect"],"fullName":"WalletContext — opt-in connect treats remember=false explicitly as opting out","status":"passed","title":"treats remember=false explicitly as opting out","duration":29.93919999999889,"failureMessages":[],"meta":{}},{"ancestorTitles":["WalletContext — opt-in connect"],"fullName":"WalletContext — opt-in connect does not write persisted remember state on connection failure","status":"passed","title":"does not write persisted remember state on connection failure","duration":32.030799999998635,"failureMessages":[],"meta":{}},{"ancestorTitles":["WalletContext — forgetRememberedChoice"],"fullName":"WalletContext — forgetRememberedChoice clears the remember flag without changing connection status","status":"passed","title":"clears the remember flag without changing connection status","duration":28.32140000000072,"failureMessages":[],"meta":{}},{"ancestorTitles":["WalletContext — forgetRememberedChoice"],"fullName":"WalletContext — forgetRememberedChoice forgetRememberedChoice on a fresh provider is safe (no stored wallet)","status":"passed","title":"forgetRememberedChoice on a fresh provider is safe (no stored wallet)","duration":16.351399999999558,"failureMessages":[],"meta":{}},{"ancestorTitles":["WalletContext — disconnect clears remember state"],"fullName":"WalletContext — disconnect clears remember state clears the remember flag via disconnect","status":"passed","title":"clears the remember flag via disconnect","duration":23.614799999999377,"failureMessages":[],"meta":{}},{"ancestorTitles":["WalletContext — auto-reconnect"],"fullName":"WalletContext — auto-reconnect stays disconnected when no wallet is stored","status":"passed","title":"stays disconnected when no wallet is stored","duration":14.112100000000282,"failureMessages":[],"meta":{}},{"ancestorTitles":["WalletContext — auto-reconnect"],"fullName":"WalletContext — auto-reconnect transitions to \"reconnecting\" immediately when a stored wallet is found","status":"passed","title":"transitions to \"reconnecting\" immediately when a stored wallet is found","duration":13.032400000000052,"failureMessages":[],"meta":{}},{"ancestorTitles":["WalletContext — auto-reconnect"],"fullName":"WalletContext — auto-reconnect transitions to \"connected\" when reconnect succeeds within the timeout","status":"passed","title":"transitions to \"connected\" when reconnect succeeds within the timeout","duration":18.157900000000154,"failureMessages":[],"meta":{}},{"ancestorTitles":["WalletContext — auto-reconnect"],"fullName":"WalletContext — auto-reconnect sets reconnectTimedOut=true when timeout fires before reconnect resolves","status":"passed","title":"sets reconnectTimedOut=true when timeout fires before reconnect resolves","duration":18.756900000000314,"failureMessages":[],"meta":{}},{"ancestorTitles":["WalletContext — auto-reconnect"],"fullName":"WalletContext — auto-reconnect resets reconnectTimedOut to false when reconnect eventually succeeds","status":"passed","title":"resets reconnectTimedOut to false when reconnect eventually succeeds","duration":23.805500000000393,"failureMessages":[],"meta":{}},{"ancestorTitles":["WalletContext — auto-reconnect"],"fullName":"WalletContext — auto-reconnect transitions to \"error\" and resets reconnectTimedOut when reconnect fails","status":"passed","title":"transitions to \"error\" and resets reconnectTimedOut when reconnect fails","duration":22.862700000001496,"failureMessages":[],"meta":{}},{"ancestorTitles":["WalletContext — auto-reconnect"],"fullName":"WalletContext — auto-reconnect dismissReconnectBanner clears reconnectTimedOut without changing status","status":"passed","title":"dismissReconnectBanner clears reconnectTimedOut without changing status","duration":21.41359999999986,"failureMessages":[],"meta":{}},{"ancestorTitles":["WalletContext — auto-reconnect"],"fullName":"WalletContext — auto-reconnect retryReconnect re-runs reconnect with a fresh timeout window","status":"passed","title":"retryReconnect re-runs reconnect with a fresh timeout window","duration":24.987700000001496,"failureMessages":[],"meta":{}},{"ancestorTitles":["WalletContext — auto-reconnect"],"fullName":"WalletContext — auto-reconnect retryReconnect is a no-op when no stored wallet exists","status":"passed","title":"retryReconnect is a no-op when no stored wallet exists","duration":15.95889999999963,"failureMessages":[],"meta":{}},{"ancestorTitles":["WalletContext — auto-reconnect"],"fullName":"WalletContext — auto-reconnect disconnect clears wallet, resets status and reconnectTimedOut","status":"passed","title":"disconnect clears wallet, resets status and reconnectTimedOut","duration":27.829799999999523,"failureMessages":[],"meta":{}},{"ancestorTitles":["WalletContext — auto-reconnect"],"fullName":"WalletContext — auto-reconnect user-initiated connect() uses \"connecting\" state, not \"reconnecting\"","status":"passed","title":"user-initiated connect() uses \"connecting\" state, not \"reconnecting\"","duration":9.06670000000122,"failureMessages":[],"meta":{}},{"ancestorTitles":["WalletContext — auto-reconnect"],"fullName":"WalletContext — auto-reconnect cleans up timeout timer on unmount (no setState-on-unmounted warning)","status":"passed","title":"cleans up timeout timer on unmount (no setState-on-unmounted warning)","duration":12.215299999999843,"failureMessages":[],"meta":{}}],"startTime":1784972310525,"endTime":1784972311131.2153,"status":"passed","message":"","name":"C:/Users/HP-USER/Creditra-Frontend/src/context/WalletContext.test.tsx"},{"assertionResults":[{"ancestorTitles":["AccessibleTooltip"],"fullName":"AccessibleTooltip connects the focusable help trigger to tooltip content","status":"passed","title":"connects the focusable help trigger to tooltip content","duration":584.4968000000008,"failureMessages":[],"meta":{}},{"ancestorTitles":["AccessibleTooltip"],"fullName":"AccessibleTooltip supports inline child content and exposes the gloss via aria-describedby","status":"passed","title":"supports inline child content and exposes the gloss via aria-describedby","duration":318.7533000000003,"failureMessages":[],"meta":{}},{"ancestorTitles":["AccessibleTooltip"],"fullName":"AccessibleTooltip keeps the glossary copy aligned with docs/MICROCOPY.md","status":"passed","title":"keeps the glossary copy aligned with docs/MICROCOPY.md","duration":2.2591000000011263,"failureMessages":[],"meta":{}}],"startTime":1784972469502,"endTime":1784972470407.259,"status":"passed","message":"","name":"C:/Users/HP-USER/Creditra-Frontend/src/components/AccessibleTooltip.test.tsx"},{"assertionResults":[{"ancestorTitles":["calcMaxAffordable"],"fullName":"calcMaxAffordable applies the 36 % debt ratio","status":"passed","title":"applies the 36 % debt ratio","duration":3.527900000000045,"failureMessages":[],"meta":{}},{"ancestorTitles":["calcMaxAffordable"],"fullName":"calcMaxAffordable subtracts existing obligations","status":"passed","title":"subtracts existing obligations","duration":0.6706999999996697,"failureMessages":[],"meta":{}},{"ancestorTitles":["calcMaxAffordable"],"fullName":"calcMaxAffordable clamps to 0 when obligations exceed the cap","status":"passed","title":"clamps to 0 when obligations exceed the cap","duration":0.8097999999999956,"failureMessages":[],"meta":{}},{"ancestorTitles":["calcMaxAffordable"],"fullName":"calcMaxAffordable returns 0 for zero income","status":"passed","title":"returns 0 for zero income","duration":0.5069999999996071,"failureMessages":[],"meta":{}},{"ancestorTitles":["AffordabilityCalc component"],"fullName":"AffordabilityCalc component renders income and obligations inputs","status":"passed","title":"renders income and obligations inputs","duration":210.25740000000133,"failureMessages":[],"meta":{}},{"ancestorTitles":["AffordabilityCalc component"],"fullName":"AffordabilityCalc component does not show a result before income is entered","status":"passed","title":"does not show a result before income is entered","duration":30.748199999999997,"failureMessages":[],"meta":{}},{"ancestorTitles":["AffordabilityCalc component"],"fullName":"AffordabilityCalc component shows the result after income is entered","status":"passed","title":"shows the result after income is entered","duration":499.39810000000034,"failureMessages":[],"meta":{}},{"ancestorTitles":["AffordabilityCalc component"],"fullName":"AffordabilityCalc component computes the correct max affordable amount","status":"passed","title":"computes the correct max affordable amount","duration":123.82550000000083,"failureMessages":[],"meta":{}},{"ancestorTitles":["AffordabilityCalc component"],"fullName":"AffordabilityCalc component shows 0 when obligations exceed the DTI cap","status":"passed","title":"shows 0 when obligations exceed the DTI cap","duration":135.95560000000114,"failureMessages":[],"meta":{}},{"ancestorTitles":["AffordabilityCalc component"],"fullName":"AffordabilityCalc component renders \"Use this amount\" button when onApply is provided","status":"passed","title":"renders \"Use this amount\" button when onApply is provided","duration":147.8814000000002,"failureMessages":[],"meta":{}},{"ancestorTitles":["AffordabilityCalc component"],"fullName":"AffordabilityCalc component does not render \"Use this amount\" button without onApply","status":"passed","title":"does not render \"Use this amount\" button without onApply","duration":68.94360000000052,"failureMessages":[],"meta":{}},{"ancestorTitles":["AffordabilityCalc component"],"fullName":"AffordabilityCalc component calls onApply with the computed max when the button is clicked","status":"passed","title":"calls onApply with the computed max when the button is clicked","duration":171.14310000000114,"failureMessages":[],"meta":{}},{"ancestorTitles":["AffordabilityCalc component"],"fullName":"AffordabilityCalc component has a visible focus ring class on inputs","status":"passed","title":"has a visible focus ring class on inputs","duration":28.014400000000023,"failureMessages":[],"meta":{}},{"ancestorTitles":["AffordabilityCalc component"],"fullName":"AffordabilityCalc component has the tooltip trigger in the document","status":"passed","title":"has the tooltip trigger in the document","duration":80.14919999999984,"failureMessages":[],"meta":{}}],"startTime":1784972331329,"endTime":1784972332832.1492,"status":"passed","message":"","name":"C:/Users/HP-USER/Creditra-Frontend/src/components/AffordabilityCalc.test.tsx"},{"assertionResults":[{"ancestorTitles":["AmountInput"],"fullName":"AmountInput connects inline validation messaging to the input with aria-describedby including helper text","status":"passed","title":"connects inline validation messaging to the input with aria-describedby including helper text","duration":334.72400000000016,"failureMessages":[],"meta":{}},{"ancestorTitles":["AmountInput"],"fullName":"AmountInput adds error message ID to aria-describedby when amount exceeds availability","status":"passed","title":"adds error message ID to aria-describedby when amount exceeds availability","duration":140.755799999999,"failureMessages":[],"meta":{}},{"ancestorTitles":["AmountInput"],"fullName":"AmountInput shows an inline error and keeps continue disabled when the amount exceeds availability","status":"passed","title":"shows an inline error and keeps continue disabled when the amount exceeds availability","duration":1044.2312000000002,"failureMessages":[],"meta":{}},{"ancestorTitles":["AmountInput"],"fullName":"AmountInput displays validation error with danger type when amount is below minimum","status":"passed","title":"displays validation error with danger type when amount is below minimum","duration":483.77520000000004,"failureMessages":[],"meta":{}},{"ancestorTitles":["AmountInput"],"fullName":"AmountInput renders Max button with accessible label","status":"passed","title":"renders Max button with accessible label","duration":464.6262999999999,"failureMessages":[],"meta":{}},{"ancestorTitles":["AmountInput"],"fullName":"AmountInput sets amount to maximum available when Max button is clicked","status":"passed","title":"sets amount to maximum available when Max button is clicked","duration":435.4313000000002,"failureMessages":[],"meta":{}},{"ancestorTitles":["AmountInput"],"fullName":"AmountInput shows success message when valid amount is entered","status":"passed","title":"shows success message when valid amount is entered","duration":395.22429999999804,"failureMessages":[],"meta":{}},{"ancestorTitles":["AmountInput"],"fullName":"AmountInput enables continue button only when amount is valid","status":"passed","title":"enables continue button only when amount is valid","duration":298.2088999999978,"failureMessages":[],"meta":{}},{"ancestorTitles":["AmountInput"],"fullName":"AmountInput sanitizes pasted currency strings (strips $, commas, whitespace)","status":"passed","title":"sanitizes pasted currency strings (strips $, commas, whitespace)","duration":89.1333999999988,"failureMessages":[],"meta":{}},{"ancestorTitles":["AmountInput"],"fullName":"AmountInput rejects non-numeric pasted text and announces the error","status":"passed","title":"rejects non-numeric pasted text and announces the error","duration":87.46870000000126,"failureMessages":[],"meta":{}},{"ancestorTitles":["AmountInput"],"fullName":"AmountInput renders decrease stepper button with accessible label","status":"passed","title":"renders decrease stepper button with accessible label","duration":280.0058999999965,"failureMessages":[],"meta":{}},{"ancestorTitles":["AmountInput"],"fullName":"AmountInput renders increase stepper button with accessible label","status":"passed","title":"renders increase stepper button with accessible label","duration":335.85989999999947,"failureMessages":[],"meta":{}},{"ancestorTitles":["AmountInput"],"fullName":"AmountInput increments amount by step when increase button is clicked","status":"passed","title":"increments amount by step when increase button is clicked","duration":274.27319999999963,"failureMessages":[],"meta":{}},{"ancestorTitles":["AmountInput"],"fullName":"AmountInput decrements amount by step when decrease button is clicked","status":"passed","title":"decrements amount by step when decrease button is clicked","duration":521.6589999999997,"failureMessages":[],"meta":{}},{"ancestorTitles":["AmountInput"],"fullName":"AmountInput disables decrease button when amount is 0","status":"passed","title":"disables decrease button when amount is 0","duration":296.9144000000015,"failureMessages":[],"meta":{}},{"ancestorTitles":["AmountInput"],"fullName":"AmountInput disables increase button when amount equals available credit","status":"passed","title":"disables increase button when amount equals available credit","duration":272.27509999999893,"failureMessages":[],"meta":{}},{"ancestorTitles":["AmountInput"],"fullName":"AmountInput does not increment amount beyond available credit","status":"passed","title":"does not increment amount beyond available credit","duration":337.34249999999884,"failureMessages":[],"meta":{}},{"ancestorTitles":["AmountInput"],"fullName":"AmountInput does not decrement amount below 0","status":"passed","title":"does not decrement amount below 0","duration":426.8845000000001,"failureMessages":[],"meta":{}},{"ancestorTitles":["AmountInput"],"fullName":"AmountInput responds to ArrowUp key to increment amount","status":"passed","title":"responds to ArrowUp key to increment amount","duration":66.44300000000294,"failureMessages":[],"meta":{}},{"ancestorTitles":["AmountInput"],"fullName":"AmountInput responds to ArrowDown key to decrement amount","status":"passed","title":"responds to ArrowDown key to decrement amount","duration":50.626000000000204,"failureMessages":[],"meta":{}},{"ancestorTitles":["AmountInput"],"fullName":"AmountInput sets input step attribute","status":"passed","title":"sets input step attribute","duration":38.066900000001624,"failureMessages":[],"meta":{}},{"ancestorTitles":["AmountInput"],"fullName":"AmountInput sets input to invalid state with proper styling when error occurs","status":"passed","title":"sets input to invalid state with proper styling when error occurs","duration":45.660400000000664,"failureMessages":[],"meta":{}}],"startTime":1784972024427,"endTime":1784972031148.6604,"status":"passed","message":"","name":"C:/Users/HP-USER/Creditra-Frontend/src/components/AmountInput.test.tsx"},{"assertionResults":[{"ancestorTitles":["AprBreakdown"],"fullName":"AprBreakdown renders the APR on the trigger button","status":"passed","title":"renders the APR on the trigger button","duration":492.9446000000007,"failureMessages":[],"meta":{}},{"ancestorTitles":["AprBreakdown"],"fullName":"AprBreakdown trigger has aria-expanded=false when closed","status":"passed","title":"trigger has aria-expanded=false when closed","duration":166.8762999999999,"failureMessages":[],"meta":{}},{"ancestorTitles":["AprBreakdown"],"fullName":"AprBreakdown panel is not in the DOM when closed","status":"passed","title":"panel is not in the DOM when closed","duration":13.356399999998757,"failureMessages":[],"meta":{}},{"ancestorTitles":["AprBreakdown"],"fullName":"AprBreakdown opens panel on trigger click","status":"passed","title":"opens panel on trigger click","duration":474.78000000000065,"failureMessages":[],"meta":{}},{"ancestorTitles":["AprBreakdown"],"fullName":"AprBreakdown closes panel when close button is clicked","status":"passed","title":"closes panel when close button is clicked","duration":353.0540000000001,"failureMessages":[],"meta":{}},{"ancestorTitles":["AprBreakdown"],"fullName":"AprBreakdown closes panel on Escape key","status":"passed","title":"closes panel on Escape key","duration":201.35579999999936,"failureMessages":[],"meta":{}},{"ancestorTitles":["AprBreakdown"],"fullName":"AprBreakdown toggles closed when trigger is clicked again","status":"passed","title":"toggles closed when trigger is clicked again","duration":178.78840000000127,"failureMessages":[],"meta":{}},{"ancestorTitles":["AprBreakdown"],"fullName":"AprBreakdown shows all breakdown rows when panel is open","status":"passed","title":"shows all breakdown rows when panel is open","duration":167.1944999999996,"failureMessages":[],"meta":{}},{"ancestorTitles":["AprBreakdown"],"fullName":"AprBreakdown shows origination fee row when fee > 0","status":"passed","title":"shows origination fee row when fee > 0","duration":119.92499999999927,"failureMessages":[],"meta":{}},{"ancestorTitles":["AprBreakdown"],"fullName":"AprBreakdown omits origination fee row when fee is 0","status":"passed","title":"omits origination fee row when fee is 0","duration":123.01280000000042,"failureMessages":[],"meta":{}},{"ancestorTitles":["AprBreakdown"],"fullName":"AprBreakdown total APR row shows the passed apr value","status":"passed","title":"total APR row shows the passed apr value","duration":135.7601999999988,"failureMessages":[],"meta":{}},{"ancestorTitles":["AprBreakdown"],"fullName":"AprBreakdown derives risk premium from apr - baseRate when riskPremium is omitted","status":"passed","title":"derives risk premium from apr - baseRate when riskPremium is omitted","duration":170.07450000000063,"failureMessages":[],"meta":{}},{"ancestorTitles":["AprBreakdown"],"fullName":"AprBreakdown panel has role=\"dialog\" with accessible label","status":"passed","title":"panel has role=\"dialog\" with accessible label","duration":196.66790000000037,"failureMessages":[],"meta":{}},{"ancestorTitles":["AprBreakdown"],"fullName":"AprBreakdown close button has an accessible label","status":"passed","title":"close button has an accessible label","duration":232.89840000000004,"failureMessages":[],"meta":{}},{"ancestorTitles":["AprBreakdown"],"fullName":"AprBreakdown footnote is present","status":"passed","title":"footnote is present","duration":109.75980000000163,"failureMessages":[],"meta":{}}],"startTime":1784972245636,"endTime":1784972248773.7598,"status":"passed","message":"","name":"C:/Users/HP-USER/Creditra-Frontend/src/components/AprBreakdown.test.tsx"},{"assertionResults":[{"ancestorTitles":["ConfirmationStep"],"fullName":"ConfirmationStep toggles the Why this APR drawer with aria-expanded and shows current pricing drivers","status":"passed","title":"toggles the Why this APR drawer with aria-expanded and shows current pricing drivers","duration":1852.8568000000014,"failureMessages":[],"meta":{}}],"startTime":1784972364298,"endTime":1784972366150.8567,"status":"passed","message":"","name":"C:/Users/HP-USER/Creditra-Frontend/src/components/ConfirmationStep.test.tsx"},{"assertionResults":[{"ancestorTitles":["CopyToClipboard"],"fullName":"CopyToClipboard copies the supplied value and shows temporary feedback","status":"passed","title":"copies the supplied value and shows temporary feedback","duration":767.5651999999991,"failureMessages":[],"meta":{}}],"startTime":1784972488806,"endTime":1784972489573.5652,"status":"passed","message":"","name":"C:/Users/HP-USER/Creditra-Frontend/src/components/CopyToClipboard.test.tsx"},{"assertionResults":[{"ancestorTitles":["DrawSummaryBar","visibility"],"fullName":"DrawSummaryBar visibility renders nothing when no credit line is selected","status":"passed","title":"renders nothing when no credit line is selected","duration":56.476299999998446,"failureMessages":[],"meta":{}},{"ancestorTitles":["DrawSummaryBar","visibility"],"fullName":"DrawSummaryBar visibility renders nothing on the `select` step even with a line","status":"passed","title":"renders nothing on the `select` step even with a line","duration":10.162700000000768,"failureMessages":[],"meta":{}},{"ancestorTitles":["DrawSummaryBar","visibility"],"fullName":"DrawSummaryBar visibility renders nothing on the `confirm` step (avoids double sticky bars over ConfirmationStep)","status":"passed","title":"renders nothing on the `confirm` step (avoids double sticky bars over ConfirmationStep)","duration":6.602999999999156,"failureMessages":[],"meta":{}},{"ancestorTitles":["DrawSummaryBar","visibility"],"fullName":"DrawSummaryBar visibility renders nothing on the terminal `status` step","status":"passed","title":"renders nothing on the terminal `status` step","duration":8.371800000000803,"failureMessages":[],"meta":{}},{"ancestorTitles":["DrawSummaryBar","visibility"],"fullName":"DrawSummaryBar visibility shows the bar on the `amount` step once a line is selected","status":"passed","title":"shows the bar on the `amount` step once a line is selected","duration":168.76770000000033,"failureMessages":[],"meta":{}},{"ancestorTitles":["DrawSummaryBar","visibility"],"fullName":"DrawSummaryBar visibility does not crash when visibility toggles across renders (rules of hooks)","status":"passed","title":"does not crash when visibility toggles across renders (rules of hooks)","duration":33.69430000000102,"failureMessages":[],"meta":{}},{"ancestorTitles":["DrawSummaryBar","rendered figures"],"fullName":"DrawSummaryBar rendered figures shows formatted amount, APR (rounded), and total cost (amount + fee)","status":"passed","title":"shows formatted amount, APR (rounded), and total cost (amount + fee)","duration":68.6206000000002,"failureMessages":[],"meta":{}},{"ancestorTitles":["DrawSummaryBar","rendered figures"],"fullName":"DrawSummaryBar rendered figures renders $0.00 totals and 0% APR gracefully when amount is zero","status":"passed","title":"renders $0.00 totals and 0% APR gracefully when amount is zero","duration":35.16679999999906,"failureMessages":[],"meta":{}},{"ancestorTitles":["DrawSummaryBar","rendered figures"],"fullName":"DrawSummaryBar rendered figures clamps a negative amount prop to $0 instead of producing negative numbers","status":"passed","title":"clamps a negative amount prop to $0 instead of producing negative numbers","duration":17.90139999999883,"failureMessages":[],"meta":{}},{"ancestorTitles":["DrawSummaryBar","accessibility (WCAG 2.1 AA)"],"fullName":"DrawSummaryBar accessibility (WCAG 2.1 AA) exposes a labelled region landmark","status":"passed","title":"exposes a labelled region landmark","duration":473.4764000000014,"failureMessages":[],"meta":{}},{"ancestorTitles":["DrawSummaryBar","accessibility (WCAG 2.1 AA)"],"fullName":"DrawSummaryBar accessibility (WCAG 2.1 AA) uses definition-list semantics with labelled terms for SR navigation","status":"passed","title":"uses definition-list semantics with labelled terms for SR navigation","duration":441.8240000000005,"failureMessages":[],"meta":{}},{"ancestorTitles":["DrawSummaryBar","accessibility (WCAG 2.1 AA)"],"fullName":"DrawSummaryBar accessibility (WCAG 2.1 AA) renders the live region with role=status, aria-live=polite, and atomic updates","status":"passed","title":"renders the live region with role=status, aria-live=polite, and atomic updates","duration":16.464600000001155,"failureMessages":[],"meta":{}},{"ancestorTitles":["DrawSummaryBar","debounced live-region announcement"],"fullName":"DrawSummaryBar debounced live-region announcement does not update the live region text until 400 ms after a settled amount","status":"passed","title":"does not update the live region text until 400 ms after a settled amount","duration":32.612999999999374,"failureMessages":[],"meta":{}},{"ancestorTitles":["DrawSummaryBar","debounced live-region announcement"],"fullName":"DrawSummaryBar debounced live-region announcement coalesces rapid amount edits into one final announcement","status":"passed","title":"coalesces rapid amount edits into one final announcement","duration":55.92829999999958,"failureMessages":[],"meta":{}},{"ancestorTitles":["DrawSummaryBar","responsive / structural"],"fullName":"DrawSummaryBar responsive / structural sets a fixed-position region anchored to the viewport","status":"passed","title":"sets a fixed-position region anchored to the viewport","duration":84.77910000000156,"failureMessages":[],"meta":{}},{"ancestorTitles":["DrawSummaryBar","responsive / structural"],"fullName":"DrawSummaryBar responsive / structural tags the bar with the visible wizard step for styling hooks","status":"passed","title":"tags the bar with the visible wizard step for styling hooks","duration":16.252700000000914,"failureMessages":[],"meta":{}}],"startTime":1784972380180,"endTime":1784972381709.2527,"status":"passed","message":"","name":"C:/Users/HP-USER/Creditra-Frontend/src/components/DrawSummaryBar.test.tsx"},{"assertionResults":[{"ancestorTitles":["ErrorBoundary"],"fullName":"ErrorBoundary renders children when no error","status":"passed","title":"renders children when no error","duration":115.54920000000129,"failureMessages":[],"meta":{}},{"ancestorTitles":["ErrorBoundary"],"fullName":"ErrorBoundary renders error page when error occurs","status":"passed","title":"renders error page when error occurs","duration":232.4339999999993,"failureMessages":[],"meta":{}},{"ancestorTitles":["ErrorBoundary"],"fullName":"ErrorBoundary has recovery actions","status":"passed","title":"has recovery actions","duration":1073.0715,"failureMessages":[],"meta":{}}],"startTime":1784972420761,"endTime":1784972422183.0715,"status":"passed","message":"","name":"C:/Users/HP-USER/Creditra-Frontend/src/components/ErrorBoundary.test.tsx"},{"assertionResults":[{"ancestorTitles":["HighContrastToggle"],"fullName":"HighContrastToggle renders a switch button","status":"passed","title":"renders a switch button","duration":456.71069999999963,"failureMessages":[],"meta":{}},{"ancestorTitles":["HighContrastToggle"],"fullName":"HighContrastToggle aria-checked is false when mode is normal","status":"passed","title":"aria-checked is false when mode is normal","duration":119.0552000000007,"failureMessages":[],"meta":{}},{"ancestorTitles":["HighContrastToggle"],"fullName":"HighContrastToggle aria-checked is true when mode is high","status":"passed","title":"aria-checked is true when mode is high","duration":97.57020000000011,"failureMessages":[],"meta":{}},{"ancestorTitles":["HighContrastToggle"],"fullName":"HighContrastToggle clicking the switch toggles the mode from normal to high","status":"passed","title":"clicking the switch toggles the mode from normal to high","duration":365.28360000000066,"failureMessages":[],"meta":{}},{"ancestorTitles":["HighContrastToggle"],"fullName":"HighContrastToggle passes axe audit in normal-contrast mode","status":"passed","title":"passes axe audit in normal-contrast mode","duration":438.21279999999933,"failureMessages":[],"meta":{}},{"ancestorTitles":["HighContrastToggle"],"fullName":"HighContrastToggle passes axe audit in high-contrast mode","status":"passed","title":"passes axe audit in high-contrast mode","duration":253.57610000000022,"failureMessages":[],"meta":{}},{"ancestorTitles":["HighContrastToggle"],"fullName":"HighContrastToggle renders compact variant without label group","status":"passed","title":"renders compact variant without label group","duration":164.05429999999978,"failureMessages":[],"meta":{}}],"startTime":1784972270881,"endTime":1784972272777.0542,"status":"passed","message":"","name":"C:/Users/HP-USER/Creditra-Frontend/src/components/HighContrastToggle.test.tsx"},{"assertionResults":[{"ancestorTitles":["InlineTermTooltip"],"fullName":"InlineTermTooltip renders the term and associates it with the definition via aria-describedby","status":"passed","title":"renders the term and associates it with the definition via aria-describedby","duration":733.4482000000007,"failureMessages":[],"meta":{}},{"ancestorTitles":["InlineTermTooltip"],"fullName":"InlineTermTooltip can receive keyboard focus","status":"passed","title":"can receive keyboard focus","duration":256.946100000001,"failureMessages":[],"meta":{}}],"startTime":1784972462017,"endTime":1784972463007.946,"status":"passed","message":"","name":"C:/Users/HP-USER/Creditra-Frontend/src/components/InlineTermTooltip.test.tsx"},{"assertionResults":[{"ancestorTitles":["NetworkMismatchBanner"],"fullName":"NetworkMismatchBanner announces the mismatch and triggers a switch request","status":"passed","title":"announces the mismatch and triggers a switch request","duration":537.3963000000003,"failureMessages":[],"meta":{}},{"ancestorTitles":["NetworkMismatchBanner"],"fullName":"NetworkMismatchBanner renders nothing when the network already matches","status":"passed","title":"renders nothing when the network already matches","duration":5.031600000000253,"failureMessages":[],"meta":{}},{"ancestorTitles":["NetworkMismatchBanner"],"fullName":"NetworkMismatchBanner renders nothing when currentNetwork is null","status":"passed","title":"renders nothing when currentNetwork is null","duration":4.977399999999761,"failureMessages":[],"meta":{}},{"ancestorTitles":["NetworkMismatchBanner"],"fullName":"NetworkMismatchBanner disables the button and shows switching label while the request is in-flight","status":"passed","title":"disables the button and shows switching label while the request is in-flight","duration":245.71119999999974,"failureMessages":[],"meta":{}},{"ancestorTitles":["NetworkMismatchBanner"],"fullName":"NetworkMismatchBanner announces success after a successful switch","status":"passed","title":"announces success after a successful switch","duration":176.77690000000075,"failureMessages":[],"meta":{}},{"ancestorTitles":["NetworkMismatchBanner"],"fullName":"NetworkMismatchBanner announces failure after a failed switch","status":"passed","title":"announces failure after a failed switch","duration":119.0671999999995,"failureMessages":[],"meta":{}},{"ancestorTitles":["NetworkMismatchBanner"],"fullName":"NetworkMismatchBanner shows provider-specific copy for freighter","status":"passed","title":"shows provider-specific copy for freighter","duration":90.47340000000077,"failureMessages":[],"meta":{}},{"ancestorTitles":["NetworkMismatchBanner"],"fullName":"NetworkMismatchBanner shows provider-specific copy for albedo","status":"passed","title":"shows provider-specific copy for albedo","duration":74.93369999999959,"failureMessages":[],"meta":{}},{"ancestorTitles":["NetworkMismatchBanner"],"fullName":"NetworkMismatchBanner shows provider-specific copy for xbull","status":"passed","title":"shows provider-specific copy for xbull","duration":74.51479999999901,"failureMessages":[],"meta":{}},{"ancestorTitles":["NetworkMismatchBanner"],"fullName":"NetworkMismatchBanner shows provider-specific copy for rabet","status":"passed","title":"shows provider-specific copy for rabet","duration":54.26050000000032,"failureMessages":[],"meta":{}},{"ancestorTitles":["NetworkMismatchBanner"],"fullName":"NetworkMismatchBanner links the button to the description via aria-describedby","status":"passed","title":"links the button to the description via aria-describedby","duration":101.02280000000064,"failureMessages":[],"meta":{}}],"startTime":1784972330385,"endTime":1784972331871.0227,"status":"passed","message":"","name":"C:/Users/HP-USER/Creditra-Frontend/src/components/NetworkMismatchBanner.test.tsx"},{"assertionResults":[{"ancestorTitles":["NetworkStatus"],"fullName":"NetworkStatus renders online indicator with accessible label","status":"passed","title":"renders online indicator with accessible label","duration":169.6925999999985,"failureMessages":[],"meta":{}},{"ancestorTitles":["NetworkStatus"],"fullName":"NetworkStatus renders offline indicator with accessible label","status":"passed","title":"renders offline indicator with accessible label","duration":36.2487000000001,"failureMessages":[],"meta":{}},{"ancestorTitles":["NetworkStatus"],"fullName":"NetworkStatus does not announce on initial mount","status":"passed","title":"does not announce on initial mount","duration":26.361899999999878,"failureMessages":[],"meta":{}},{"ancestorTitles":["NetworkStatus"],"fullName":"NetworkStatus announces assertively when going offline","status":"passed","title":"announces assertively when going offline","duration":430.96659999999974,"failureMessages":[],"meta":{}},{"ancestorTitles":["NetworkStatus"],"fullName":"NetworkStatus announces politely when connection is restored","status":"passed","title":"announces politely when connection is restored","duration":121.17629999999917,"failureMessages":[],"meta":{}},{"ancestorTitles":["NetworkStatus"],"fullName":"NetworkStatus applies theme-aware online/offline modifier classes","status":"passed","title":"applies theme-aware online/offline modifier classes","duration":52.35829999999987,"failureMessages":[],"meta":{}}],"startTime":1784972474873,"endTime":1784972475710.3584,"status":"passed","message":"","name":"C:/Users/HP-USER/Creditra-Frontend/src/components/NetworkStatus.test.tsx"},{"assertionResults":[{"ancestorTitles":["NextSteps Component"],"fullName":"NextSteps Component renders the loading skeleton initially","status":"passed","title":"renders the loading skeleton initially","duration":101.31550000000061,"failureMessages":[],"meta":{}},{"ancestorTitles":["NextSteps Component"],"fullName":"NextSteps Component surfaces KYC todo and other steps as locked when KYC is not started and no accounts are linked","status":"passed","title":"surfaces KYC todo and other steps as locked when KYC is not started and no accounts are linked","duration":641.3004000000001,"failureMessages":[],"meta":{}},{"ancestorTitles":["NextSteps Component"],"fullName":"NextSteps Component shows KYC under review status","status":"passed","title":"shows KYC under review status","duration":128.2566999999999,"failureMessages":[],"meta":{}},{"ancestorTitles":["NextSteps Component"],"fullName":"NextSteps Component shows KYC rejected status as a retry action","status":"passed","title":"shows KYC rejected status as a retry action","duration":243.42669999999998,"failureMessages":[],"meta":{}},{"ancestorTitles":["NextSteps Component"],"fullName":"NextSteps Component unlocks Link Account step when KYC is approved, and shows it as todo","status":"passed","title":"unlocks Link Account step when KYC is approved, and shows it as todo","duration":363.7309000000005,"failureMessages":[],"meta":{}},{"ancestorTitles":["NextSteps Component"],"fullName":"NextSteps Component unlocks Draw Credit step when KYC is approved and account is linked","status":"passed","title":"unlocks Draw Credit step when KYC is approved and account is linked","duration":293.97910000000047,"failureMessages":[],"meta":{}},{"ancestorTitles":["NextSteps Component"],"fullName":"NextSteps Component shows all completed state when credit is drawn","status":"passed","title":"shows all completed state when credit is drawn","duration":137.54479999999967,"failureMessages":[],"meta":{}},{"ancestorTitles":["NextSteps Component"],"fullName":"NextSteps Component simulates clicking the KYC trigger button in the DOM when starting verification","status":"passed","title":"simulates clicking the KYC trigger button in the DOM when starting verification","duration":246.0056000000004,"failureMessages":[],"meta":{}}],"startTime":1784972292498,"endTime":1784972294655.0056,"status":"passed","message":"","name":"C:/Users/HP-USER/Creditra-Frontend/src/components/NextSteps.test.tsx"},{"assertionResults":[{"ancestorTitles":["OnboardingFlow"],"fullName":"OnboardingFlow returns null when isOpen is false","status":"passed","title":"returns null when isOpen is false","duration":65.52559999999903,"failureMessages":[],"meta":{}},{"ancestorTitles":["OnboardingFlow"],"fullName":"OnboardingFlow renders the first step by default","status":"passed","title":"renders the first step by default","duration":151.21969999999965,"failureMessages":[],"meta":{}},{"ancestorTitles":["OnboardingFlow"],"fullName":"OnboardingFlow navigates to the next step on Next click","status":"passed","title":"navigates to the next step on Next click","duration":774.4706999999999,"failureMessages":[],"meta":{}},{"ancestorTitles":["OnboardingFlow"],"fullName":"OnboardingFlow navigates back on Back click","status":"passed","title":"navigates back on Back click","duration":602.8781999999992,"failureMessages":[],"meta":{}},{"ancestorTitles":["OnboardingFlow"],"fullName":"OnboardingFlow back button is disabled on the first step","status":"passed","title":"back button is disabled on the first step","duration":245.34930000000168,"failureMessages":[],"meta":{}},{"ancestorTitles":["OnboardingFlow"],"fullName":"OnboardingFlow calls onComplete and persists localStorage on the last step","status":"passed","title":"calls onComplete and persists localStorage on the last step","duration":634.4709000000003,"failureMessages":[],"meta":{}},{"ancestorTitles":["OnboardingFlow"],"fullName":"OnboardingFlow calls onSkip and persists localStorage when skip is clicked","status":"passed","title":"calls onSkip and persists localStorage when skip is clicked","duration":228.95900000000074,"failureMessages":[],"meta":{}},{"ancestorTitles":["OnboardingFlow"],"fullName":"OnboardingFlow renders step indicators for each step","status":"passed","title":"renders step indicators for each step","duration":219.84259999999995,"failureMessages":[],"meta":{}},{"ancestorTitles":["OnboardingFlow"],"fullName":"OnboardingFlow shows Get Started label on the last step","status":"passed","title":"shows Get Started label on the last step","duration":509.0707999999995,"failureMessages":[],"meta":{}},{"ancestorTitles":["OnboardingFlow","reduced-motion"],"fullName":"OnboardingFlow reduced-motion renders all steps and supports navigation when reduced motion is active","status":"passed","title":"renders all steps and supports navigation when reduced motion is active","duration":788.970400000002,"failureMessages":[],"meta":{}},{"ancestorTitles":["OnboardingFlow","reduced-motion"],"fullName":"OnboardingFlow reduced-motion supports skip when reduced motion is active","status":"passed","title":"supports skip when reduced motion is active","duration":158.11449999999968,"failureMessages":[],"meta":{}}],"startTime":1784972126512,"endTime":1784972130891.1145,"status":"passed","message":"","name":"C:/Users/HP-USER/Creditra-Frontend/src/components/OnboardingFlow.test.tsx"},{"assertionResults":[{"ancestorTitles":["glossed credit terms"],"fullName":"glossed credit terms exposes the first utilization gloss in PreviewSection via keyboard and aria-describedby","status":"passed","title":"exposes the first utilization gloss in PreviewSection via keyboard and aria-describedby","duration":773.5174999999999,"failureMessages":[],"meta":{}},{"ancestorTitles":["glossed credit terms"],"fullName":"glossed credit terms wraps the first utilization and term occurrences in ConfirmationStep without repeating them","status":"passed","title":"wraps the first utilization and term occurrences in ConfirmationStep without repeating them","duration":147.52930000000015,"failureMessages":[],"meta":{}},{"ancestorTitles":["glossed credit terms"],"fullName":"glossed credit terms keeps glossary copy aligned with docs/MICROCOPY.md","status":"passed","title":"keeps glossary copy aligned with docs/MICROCOPY.md","duration":1.958200000000943,"failureMessages":[],"meta":{}}],"startTime":1784972230647,"endTime":1784972231570.9583,"status":"passed","message":"","name":"C:/Users/HP-USER/Creditra-Frontend/src/components/PreviewSection.test.tsx"},{"assertionResults":[{"ancestorTitles":["RecentTransactionsRail"],"fullName":"RecentTransactionsRail renders with correct ARIA landmark and label","status":"passed","title":"renders with correct ARIA landmark and label","duration":475.0666000000001,"failureMessages":[],"meta":{}},{"ancestorTitles":["RecentTransactionsRail"],"fullName":"RecentTransactionsRail renders skeleton placeholders when loading","status":"passed","title":"renders skeleton placeholders when loading","duration":52.386099999999715,"failureMessages":[],"meta":{}},{"ancestorTitles":["RecentTransactionsRail"],"fullName":"RecentTransactionsRail applies the recent-transactions-rail class to the root","status":"passed","title":"applies the recent-transactions-rail class to the root","duration":26.23949999999968,"failureMessages":[],"meta":{}},{"ancestorTitles":["RecentTransactionsRail"],"fullName":"RecentTransactionsRail shows empty state when there are no transactions","status":"passed","title":"shows empty state when there are no transactions","duration":19.36609999999928,"failureMessages":[],"meta":{}},{"ancestorTitles":["RecentTransactionsRail"],"fullName":"RecentTransactionsRail renders transaction items","status":"passed","title":"renders transaction items","duration":264.4823000000015,"failureMessages":[],"meta":{}},{"ancestorTitles":["RecentTransactionsRail"],"fullName":"RecentTransactionsRail shows line name and relative time for each transaction","status":"passed","title":"shows line name and relative time for each transaction","duration":107.08640000000014,"failureMessages":[],"meta":{}},{"ancestorTitles":["RecentTransactionsRail"],"fullName":"RecentTransactionsRail prefixes draw amounts with a minus sign","status":"passed","title":"prefixes draw amounts with a minus sign","duration":23.65849999999955,"failureMessages":[],"meta":{}},{"ancestorTitles":["RecentTransactionsRail"],"fullName":"RecentTransactionsRail prefixes repay amounts with a plus sign","status":"passed","title":"prefixes repay amounts with a plus sign","duration":24.447900000001027,"failureMessages":[],"meta":{}},{"ancestorTitles":["RecentTransactionsRail"],"fullName":"RecentTransactionsRail renders a link to the full transaction history when transactions exist","status":"passed","title":"renders a link to the full transaction history when transactions exist","duration":304.8985999999986,"failureMessages":[],"meta":{}},{"ancestorTitles":["RecentTransactionsRail"],"fullName":"RecentTransactionsRail has aria-hidden on the activity icon","status":"passed","title":"has aria-hidden on the activity icon","duration":16.194899999998597,"failureMessages":[],"meta":{}}],"startTime":1784972394110,"endTime":1784972395425.1948,"status":"passed","message":"","name":"C:/Users/HP-USER/Creditra-Frontend/src/components/RecentTransactionsRail.test.tsx"},{"assertionResults":[{"ancestorTitles":["RiskGauge"],"fullName":"RiskGauge renders an SVG element with role=\"img\"","status":"passed","title":"renders an SVG element with role=\"img\"","duration":448.4225999999999,"failureMessages":[],"meta":{}},{"ancestorTitles":["RiskGauge"],"fullName":"RiskGauge SVG has aria-labelledby pointing at a <title> with the score description","status":"passed","title":"SVG has aria-labelledby pointing at a <title> with the score description","duration":120.61689999999908,"failureMessages":[],"meta":{}},{"ancestorTitles":["RiskGauge"],"fullName":"RiskGauge renders a polite sr-only paragraph with the same description","status":"passed","title":"renders a polite sr-only paragraph with the same description","duration":28.729999999999563,"failureMessages":[],"meta":{}},{"ancestorTitles":["RiskGauge"],"fullName":"RiskGauge clamps score below 0 to 0","status":"passed","title":"clamps score below 0 to 0","duration":110.15950000000157,"failureMessages":[],"meta":{}},{"ancestorTitles":["RiskGauge"],"fullName":"RiskGauge clamps score above 100 to 100","status":"passed","title":"clamps score above 100 to 100","duration":26.865200000000186,"failureMessages":[],"meta":{}},{"ancestorTitles":["RiskGauge"],"fullName":"RiskGauge fill arc carries data-score equal to the normalised score","status":"passed","title":"fill arc carries data-score equal to the normalised score","duration":18.954400000000533,"failureMessages":[],"meta":{}},{"ancestorTitles":["RiskGauge"],"fullName":"RiskGauge animation key changes when score prop changes (re-mounts fill arc)","status":"passed","title":"animation key changes when score prop changes (re-mounts fill arc)","duration":38.84569999999985,"failureMessages":[],"meta":{}},{"ancestorTitles":["RiskGauge","reduced-motion: false (default / animation on)"],"fullName":"RiskGauge reduced-motion: false (default / animation on) fill starts at circumference dashoffset so animation sweeps from empty","status":"passed","title":"fill starts at circumference dashoffset so animation sweeps from empty","duration":40.19180000000051,"failureMessages":[],"meta":{}},{"ancestorTitles":["RiskGauge","reduced-motion: false (default / animation on)"],"fullName":"RiskGauge reduced-motion: false (default / animation on) data-reduced-motion attribute is \"false\"","status":"passed","title":"data-reduced-motion attribute is \"false\"","duration":16.861300000000483,"failureMessages":[],"meta":{}},{"ancestorTitles":["RiskGauge","reduced-motion: true (no animation)"],"fullName":"RiskGauge reduced-motion: true (no animation) fill starts at final dashoffset — no flash-of-empty-arc","status":"passed","title":"fill starts at final dashoffset — no flash-of-empty-arc","duration":26.055599999999686,"failureMessages":[],"meta":{}},{"ancestorTitles":["RiskGauge","reduced-motion: true (no animation)"],"fullName":"RiskGauge reduced-motion: true (no animation) data-reduced-motion attribute is \"true\"","status":"passed","title":"data-reduced-motion attribute is \"true\"","duration":26.19290000000001,"failureMessages":[],"meta":{}},{"ancestorTitles":["RiskGauge"],"fullName":"RiskGauge renders the trend label and arrow in the meta row","status":"passed","title":"renders the trend label and arrow in the meta row","duration":20.215299999999843,"failureMessages":[],"meta":{}},{"ancestorTitles":["RiskGauge"],"fullName":"RiskGauge renders the formatted lastUpdated date in the meta row","status":"passed","title":"renders the formatted lastUpdated date in the meta row","duration":20.29280000000108,"failureMessages":[],"meta":{}},{"ancestorTitles":["RiskGauge"],"fullName":"RiskGauge uses semantic token colour vars, not hardcoded hex","status":"passed","title":"uses semantic token colour vars, not hardcoded hex","duration":60.1239000000005,"failureMessages":[],"meta":{}},{"ancestorTitles":["RiskGauge","focus ring — SVG root"],"fullName":"RiskGauge focus ring — SVG root SVG has tabIndex=0, making it keyboard-reachable","status":"passed","title":"SVG has tabIndex=0, making it keyboard-reachable","duration":128.86110000000008,"failureMessages":[],"meta":{}},{"ancestorTitles":["RiskGauge","focus ring — SVG root"],"fullName":"RiskGauge focus ring — SVG root SVG carries the .risk-gauge-svg class (focus ring applied via CSS)","status":"passed","title":"SVG carries the .risk-gauge-svg class (focus ring applied via CSS)","duration":79.26070000000072,"failureMessages":[],"meta":{}},{"ancestorTitles":["RiskGauge","focus ring — SVG root"],"fullName":"RiskGauge focus ring — SVG root pressing Enter on the focused SVG fires onSectorActivate with the active sector","status":"passed","title":"pressing Enter on the focused SVG fires onSectorActivate with the active sector","duration":116.82229999999981,"failureMessages":[],"meta":{}},{"ancestorTitles":["RiskGauge","focus ring — SVG root"],"fullName":"RiskGauge focus ring — SVG root pressing Space on the focused SVG fires onSectorActivate with the active sector","status":"passed","title":"pressing Space on the focused SVG fires onSectorActivate with the active sector","duration":101.85150000000067,"failureMessages":[],"meta":{}},{"ancestorTitles":["RiskGauge","focus ring — SVG root"],"fullName":"RiskGauge focus ring — SVG root pressing an unrelated key on the SVG does NOT fire onSectorActivate","status":"passed","title":"pressing an unrelated key on the SVG does NOT fire onSectorActivate","duration":57.41389999999956,"failureMessages":[],"meta":{}},{"ancestorTitles":["RiskGauge","focus ring — SVG root"],"fullName":"RiskGauge focus ring — SVG root active sector is reflected in data-active-sector attribute on SVG","status":"passed","title":"active sector is reflected in data-active-sector attribute on SVG","duration":219.8758999999991,"failureMessages":[],"meta":{}},{"ancestorTitles":["RiskGauge","focus ring — SVG root"],"fullName":"RiskGauge focus ring — SVG root onSectorActivate is not required — keyboard event does not throw","status":"passed","title":"onSectorActivate is not required — keyboard event does not throw","duration":66.04720000000088,"failureMessages":[],"meta":{}},{"ancestorTitles":["RiskGauge","focus ring — interactive sectors"],"fullName":"RiskGauge focus ring — interactive sectors renders three sector <g> elements with role=\"button\" by default","status":"passed","title":"renders three sector <g> elements with role=\"button\" by default","duration":100.09550000000127,"failureMessages":[],"meta":{}},{"ancestorTitles":["RiskGauge","focus ring — interactive sectors"],"fullName":"RiskGauge focus ring — interactive sectors each sector <g> has tabIndex=0 (keyboard reachable)","status":"passed","title":"each sector <g> has tabIndex=0 (keyboard reachable)","duration":97.54659999999967,"failureMessages":[],"meta":{}},{"ancestorTitles":["RiskGauge","focus ring — interactive sectors"],"fullName":"RiskGauge focus ring — interactive sectors each sector has a data-sector attribute identifying the band","status":"passed","title":"each sector has a data-sector attribute identifying the band","duration":16.000699999998687,"failureMessages":[],"meta":{}},{"ancestorTitles":["RiskGauge","focus ring — interactive sectors"],"fullName":"RiskGauge focus ring — interactive sectors each sector <g> has aria-labelledby pointing at a <title> with the range","status":"passed","title":"each sector <g> has aria-labelledby pointing at a <title> with the range","duration":16.053499999999985,"failureMessages":[],"meta":{}},{"ancestorTitles":["RiskGauge","focus ring — interactive sectors"],"fullName":"RiskGauge focus ring — interactive sectors active sector has aria-pressed=\"true\"; inactive sectors have \"false\"","status":"passed","title":"active sector has aria-pressed=\"true\"; inactive sectors have \"false\"","duration":16.393300000001545,"failureMessages":[],"meta":{}},{"ancestorTitles":["RiskGauge","focus ring — interactive sectors"],"fullName":"RiskGauge focus ring — interactive sectors pressing Enter on a sector fires onSectorActivate with that sector id","status":"passed","title":"pressing Enter on a sector fires onSectorActivate with that sector id","duration":18.26090000000113,"failureMessages":[],"meta":{}},{"ancestorTitles":["RiskGauge","focus ring — interactive sectors"],"fullName":"RiskGauge focus ring — interactive sectors pressing Space on a sector fires onSectorActivate with that sector id","status":"passed","title":"pressing Space on a sector fires onSectorActivate with that sector id","duration":17.64849999999933,"failureMessages":[],"meta":{}},{"ancestorTitles":["RiskGauge","focus ring — interactive sectors"],"fullName":"RiskGauge focus ring — interactive sectors clicking a sector fires onSectorActivate with that sector id","status":"passed","title":"clicking a sector fires onSectorActivate with that sector id","duration":15.29320000000007,"failureMessages":[],"meta":{}},{"ancestorTitles":["RiskGauge","focus ring — interactive sectors"],"fullName":"RiskGauge focus ring — interactive sectors unrelated keydown on a sector does NOT fire onSectorActivate","status":"passed","title":"unrelated keydown on a sector does NOT fire onSectorActivate","duration":16.80500000000029,"failureMessages":[],"meta":{}},{"ancestorTitles":["RiskGauge","focus ring — interactive sectors"],"fullName":"RiskGauge focus ring — interactive sectors sectors are NOT rendered when showSectors=false","status":"passed","title":"sectors are NOT rendered when showSectors=false","duration":13.266399999998612,"failureMessages":[],"meta":{}},{"ancestorTitles":["RiskGauge","focus ring — interactive sectors"],"fullName":"RiskGauge focus ring — interactive sectors sectors are rendered by default (showSectors defaults to true)","status":"passed","title":"sectors are rendered by default (showSectors defaults to true)","duration":145.85260000000017,"failureMessages":[],"meta":{}},{"ancestorTitles":["RiskGauge","focus ring — interactive sectors"],"fullName":"RiskGauge focus ring — interactive sectors each sector contains a focus-rect element for the per-sector ring","status":"passed","title":"each sector contains a focus-rect element for the per-sector ring","duration":19.771699999999328,"failureMessages":[],"meta":{}},{"ancestorTitles":["RiskGauge","focus ring — interactive sectors"],"fullName":"RiskGauge focus ring — interactive sectors each sector arc has class risk-gauge-sector-arc","status":"passed","title":"each sector arc has class risk-gauge-sector-arc","duration":13.23779999999897,"failureMessages":[],"meta":{}},{"ancestorTitles":["RiskGauge","focus ring — interactive sectors"],"fullName":"RiskGauge focus ring — interactive sectors onSectorActivate is optional — sector click/keydown does not throw","status":"passed","title":"onSectorActivate is optional — sector click/keydown does not throw","duration":13.59190000000126,"failureMessages":[],"meta":{}},{"ancestorTitles":["RiskGauge","focus ring — boundary / edge cases"],"fullName":"RiskGauge focus ring — boundary / edge cases score=0 → active sector is \"low\"","status":"passed","title":"score=0 → active sector is \"low\"","duration":10.37960000000021,"failureMessages":[],"meta":{}},{"ancestorTitles":["RiskGauge","focus ring — boundary / edge cases"],"fullName":"RiskGauge focus ring — boundary / edge cases score=50 → active sector is \"medium\" (boundary inclusive)","status":"passed","title":"score=50 → active sector is \"medium\" (boundary inclusive)","duration":8.756199999999808,"failureMessages":[],"meta":{}},{"ancestorTitles":["RiskGauge","focus ring — boundary / edge cases"],"fullName":"RiskGauge focus ring — boundary / edge cases score=70 → active sector is \"high\" (boundary inclusive)","status":"passed","title":"score=70 → active sector is \"high\" (boundary inclusive)","duration":10.862199999999575,"failureMessages":[],"meta":{}},{"ancestorTitles":["RiskGauge","focus ring — boundary / edge cases"],"fullName":"RiskGauge focus ring — boundary / edge cases score=100 → active sector is \"high\"","status":"passed","title":"score=100 → active sector is \"high\"","duration":9.449000000000524,"failureMessages":[],"meta":{}},{"ancestorTitles":["RiskGauge","focus ring — boundary / edge cases"],"fullName":"RiskGauge focus ring — boundary / edge cases clamped-to-0 score maps to \"low\" sector","status":"passed","title":"clamped-to-0 score maps to \"low\" sector","duration":17.67109999999957,"failureMessages":[],"meta":{}},{"ancestorTitles":["RiskGauge","focus ring — boundary / edge cases"],"fullName":"RiskGauge focus ring — boundary / edge cases clamped-to-100 score maps to \"high\" sector","status":"passed","title":"clamped-to-100 score maps to \"high\" sector","duration":11.808600000000297,"failureMessages":[],"meta":{}},{"ancestorTitles":["RiskGauge","focus ring — boundary / edge cases"],"fullName":"RiskGauge focus ring — boundary / edge cases active sector shows a dot element; inactive sectors do not","status":"passed","title":"active sector shows a dot element; inactive sectors do not","duration":9.94880000000012,"failureMessages":[],"meta":{}},{"ancestorTitles":["RiskGauge","focus ring — boundary / edge cases"],"fullName":"RiskGauge focus ring — boundary / edge cases sector title IDs are unique across all three sectors","status":"passed","title":"sector title IDs are unique across all three sectors","duration":14.239400000000387,"failureMessages":[],"meta":{}},{"ancestorTitles":["RiskGauge","focus ring — boundary / edge cases"],"fullName":"RiskGauge focus ring — boundary / edge cases re-render with new score updates data-active-sector and aria-pressed","status":"passed","title":"re-render with new score updates data-active-sector and aria-pressed","duration":16.777900000000955,"failureMessages":[],"meta":{}}],"startTime":1784972252576,"endTime":1784972254980.7778,"status":"passed","message":"","name":"C:/Users/HP-USER/Creditra-Frontend/src/components/RiskGauge.test.tsx"},{"assertionResults":[{"ancestorTitles":["RouteAnnouncer"],"fullName":"RouteAnnouncer sets title, meta description, and polite announcement for '/landing'","status":"passed","title":"sets title, meta description, and polite announcement for '/landing'","duration":387.35289999999986,"failureMessages":[],"meta":{}},{"ancestorTitles":["RouteAnnouncer"],"fullName":"RouteAnnouncer sets title, meta description, and polite announcement for '/'","status":"passed","title":"sets title, meta description, and polite announcement for '/'","duration":91.72600000000057,"failureMessages":[],"meta":{}},{"ancestorTitles":["RouteAnnouncer"],"fullName":"RouteAnnouncer sets title, meta description, and polite announcement for '/credit-lines'","status":"passed","title":"sets title, meta description, and polite announcement for '/credit-lines'","duration":85.09869999999955,"failureMessages":[],"meta":{}},{"ancestorTitles":["RouteAnnouncer"],"fullName":"RouteAnnouncer sets title, meta description, and polite announcement for '/draw-credit'","status":"passed","title":"sets title, meta description, and polite announcement for '/draw-credit'","duration":56.77459999999974,"failureMessages":[],"meta":{}},{"ancestorTitles":["RouteAnnouncer"],"fullName":"RouteAnnouncer sets title, meta description, and polite announcement for '/draw-credit/success'","status":"passed","title":"sets title, meta description, and polite announcement for '/draw-credit/success'","duration":51.58230000000003,"failureMessages":[],"meta":{}},{"ancestorTitles":["RouteAnnouncer"],"fullName":"RouteAnnouncer sets title, meta description, and polite announcement for '/open-credit'","status":"passed","title":"sets title, meta description, and polite announcement for '/open-credit'","duration":60.04880000000048,"failureMessages":[],"meta":{}},{"ancestorTitles":["RouteAnnouncer"],"fullName":"RouteAnnouncer sets title, meta description, and polite announcement for '/transactions'","status":"passed","title":"sets title, meta description, and polite announcement for '/transactions'","duration":66.78700000000026,"failureMessages":[],"meta":{}},{"ancestorTitles":["RouteAnnouncer"],"fullName":"RouteAnnouncer sets title, meta description, and polite announcement for '/help'","status":"passed","title":"sets title, meta description, and polite announcement for '/help'","duration":58.8152999999993,"failureMessages":[],"meta":{}},{"ancestorTitles":["RouteAnnouncer"],"fullName":"RouteAnnouncer sets title, meta description, and polite announcement for '/dutch-auctions'","status":"passed","title":"sets title, meta description, and polite announcement for '/dutch-auctions'","duration":70.45899999999892,"failureMessages":[],"meta":{}},{"ancestorTitles":["RouteAnnouncer"],"fullName":"RouteAnnouncer uses Not Found metadata for unknown routes","status":"passed","title":"uses Not Found metadata for unknown routes","duration":70.31490000000122,"failureMessages":[],"meta":{}},{"ancestorTitles":["RouteAnnouncer"],"fullName":"RouteAnnouncer announces client-side route changes politely","status":"passed","title":"announces client-side route changes politely","duration":244.82250000000022,"failureMessages":[],"meta":{}},{"ancestorTitles":["RouteAnnouncer"],"fullName":"RouteAnnouncer keeps configured route titles and descriptions unique","status":"passed","title":"keeps configured route titles and descriptions unique","duration":1.091999999998734,"failureMessages":[],"meta":{}}],"startTime":1784972321817,"endTime":1784972323064.092,"status":"passed","message":"","name":"C:/Users/HP-USER/Creditra-Frontend/src/components/RouteAnnouncer.test.tsx"},{"assertionResults":[{"ancestorTitles":["SessionTimeoutBanner — visibility"],"fullName":"SessionTimeoutBanner — visibility is hidden when sessionTimeoutWarning is false","status":"passed","title":"is hidden when sessionTimeoutWarning is false","duration":129.60059999999976,"failureMessages":[],"meta":{}},{"ancestorTitles":["SessionTimeoutBanner — visibility"],"fullName":"SessionTimeoutBanner — visibility appears when sessionTimeoutWarning becomes true","status":"passed","title":"appears when sessionTimeoutWarning becomes true","duration":89.54439999999886,"failureMessages":[],"meta":{}},{"ancestorTitles":["SessionTimeoutBanner — visibility"],"fullName":"SessionTimeoutBanner — visibility hides when status becomes disconnected","status":"passed","title":"hides when status becomes disconnected","duration":38.67840000000069,"failureMessages":[],"meta":{}},{"ancestorTitles":["SessionTimeoutBanner — countdown"],"fullName":"SessionTimeoutBanner — countdown starts countdown at SESSION_WARN_BEFORE_MS / 1000 seconds","status":"passed","title":"starts countdown at SESSION_WARN_BEFORE_MS / 1000 seconds","duration":47.21689999999944,"failureMessages":[],"meta":{}},{"ancestorTitles":["SessionTimeoutBanner — countdown"],"fullName":"SessionTimeoutBanner — countdown decrements the countdown each second","status":"passed","title":"decrements the countdown each second","duration":31.82259999999951,"failureMessages":[],"meta":{}},{"ancestorTitles":["SessionTimeoutBanner — polite live region"],"fullName":"SessionTimeoutBanner — polite live region live region announces remaining time at ~10 s intervals","status":"passed","title":"live region announces remaining time at ~10 s intervals","duration":40.64480000000003,"failureMessages":[],"meta":{}},{"ancestorTitles":["SessionTimeoutBanner — interactions"],"fullName":"SessionTimeoutBanner — interactions \"Stay connected\" calls stayConnected()","status":"passed","title":"\"Stay connected\" calls stayConnected()","duration":65.00900000000001,"failureMessages":[],"meta":{}},{"ancestorTitles":["SessionTimeoutBanner — interactions"],"fullName":"SessionTimeoutBanner — interactions dismiss button hides the banner without calling stayConnected()","status":"passed","title":"dismiss button hides the banner without calling stayConnected()","duration":29.003499999998894,"failureMessages":[],"meta":{}},{"ancestorTitles":["SessionTimeoutBanner — interactions"],"fullName":"SessionTimeoutBanner — interactions dismissed state resets when a new sessionTimeoutWarning window opens","status":"passed","title":"dismissed state resets when a new sessionTimeoutWarning window opens","duration":37.866799999999785,"failureMessages":[],"meta":{}},{"ancestorTitles":["WalletContext — session timeout timers"],"fullName":"WalletContext — session timeout timers sets sessionTimeoutWarning at (sessionTimeoutMs - 60 000) ms","status":"passed","title":"sets sessionTimeoutWarning at (sessionTimeoutMs - 60 000) ms","duration":31.391099999998914,"failureMessages":[],"meta":{}},{"ancestorTitles":["WalletContext — session timeout timers"],"fullName":"WalletContext — session timeout timers auto-disconnects at sessionTimeoutMs","status":"passed","title":"auto-disconnects at sessionTimeoutMs","duration":15.208699999999226,"failureMessages":[],"meta":{}},{"ancestorTitles":["WalletContext — session timeout timers"],"fullName":"WalletContext — session timeout timers stayConnected resets warning and restarts the full session timer","status":"passed","title":"stayConnected resets warning and restarts the full session timer","duration":22.826100000000224,"failureMessages":[],"meta":{}},{"ancestorTitles":["WalletContext — session timeout timers"],"fullName":"WalletContext — session timeout timers stayConnected transitions to error when connectWallet rejects","status":"passed","title":"stayConnected transitions to error when connectWallet rejects","duration":30.47099999999955,"failureMessages":[],"meta":{}},{"ancestorTitles":["WalletContext — session timeout timers"],"fullName":"WalletContext — session timeout timers disconnect clears sessionTimeoutWarning","status":"passed","title":"disconnect clears sessionTimeoutWarning","duration":30.430599999999686,"failureMessages":[],"meta":{}}],"startTime":1784972398638,"endTime":1784972399281.4307,"status":"passed","message":"","name":"C:/Users/HP-USER/Creditra-Frontend/src/components/SessionTimeoutBanner.test.tsx"},{"assertionResults":[{"ancestorTitles":["ShortcutHelpOverlay"],"fullName":"ShortcutHelpOverlay renders nothing when isOpen is false","status":"passed","title":"renders nothing when isOpen is false","duration":49.19540000000052,"failureMessages":[],"meta":{}},{"ancestorTitles":["ShortcutHelpOverlay"],"fullName":"ShortcutHelpOverlay renders all shortcut groups","status":"passed","title":"renders all shortcut groups","duration":930.8564999999999,"failureMessages":[],"meta":{}},{"ancestorTitles":["ShortcutHelpOverlay"],"fullName":"ShortcutHelpOverlay renders the settings link pointing to /help#shortcuts","status":"passed","title":"renders the settings link pointing to /help#shortcuts","duration":290.2616999999991,"failureMessages":[],"meta":{}},{"ancestorTitles":["ShortcutHelpOverlay"],"fullName":"ShortcutHelpOverlay has role=\"dialog\" with aria-modal and accessible name","status":"passed","title":"has role=\"dialog\" with aria-modal and accessible name","duration":91.35069999999905,"failureMessages":[],"meta":{}},{"ancestorTitles":["ShortcutHelpOverlay"],"fullName":"ShortcutHelpOverlay close button has a descriptive aria-label","status":"passed","title":"close button has a descriptive aria-label","duration":141.8703999999998,"failureMessages":[],"meta":{}},{"ancestorTitles":["ShortcutHelpOverlay"],"fullName":"ShortcutHelpOverlay moves focus to the close button on open","status":"passed","title":"moves focus to the close button on open","duration":153.29989999999998,"failureMessages":[],"meta":{}},{"ancestorTitles":["ShortcutHelpOverlay"],"fullName":"ShortcutHelpOverlay calls onClose when Escape is pressed","status":"passed","title":"calls onClose when Escape is pressed","duration":43.16330000000016,"failureMessages":[],"meta":{}},{"ancestorTitles":["ShortcutHelpOverlay"],"fullName":"ShortcutHelpOverlay calls onClose when the close button is clicked","status":"passed","title":"calls onClose when the close button is clicked","duration":159.27269999999953,"failureMessages":[],"meta":{}},{"ancestorTitles":["ShortcutHelpOverlay"],"fullName":"ShortcutHelpOverlay calls onClose when the backdrop is clicked","status":"passed","title":"calls onClose when the backdrop is clicked","duration":32.96879999999874,"failureMessages":[],"meta":{}},{"ancestorTitles":["ShortcutHelpOverlay"],"fullName":"ShortcutHelpOverlay calls onClose when the settings link is clicked","status":"passed","title":"calls onClose when the settings link is clicked","duration":262.6222999999991,"failureMessages":[],"meta":{}}],"startTime":1784972281889,"endTime":1784972284046.6223,"status":"passed","message":"","name":"C:/Users/HP-USER/Creditra-Frontend/src/components/ShortcutHelpOverlay.test.tsx"},{"assertionResults":[{"ancestorTitles":["Skeleton"],"fullName":"Skeleton renders correctly with given custom styles","status":"passed","title":"renders correctly with given custom styles","duration":79.31830000000082,"failureMessages":[],"meta":{}},{"ancestorTitles":["Skeleton"],"fullName":"Skeleton spreads addition HTML attributes properly","status":"passed","title":"spreads addition HTML attributes properly","duration":42.23269999999866,"failureMessages":[],"meta":{}}],"startTime":1784972585400,"endTime":1784972585522.2327,"status":"passed","message":"","name":"C:/Users/HP-USER/Creditra-Frontend/src/components/Skeleton.test.tsx"},{"assertionResults":[{"ancestorTitles":["Sparkline"],"fullName":"Sparkline renders SVG and a screen-reader table","status":"passed","title":"renders SVG and a screen-reader table","duration":411.6365999999998,"failureMessages":[],"meta":{}},{"ancestorTitles":["Sparkline"],"fullName":"Sparkline renders nothing when data is empty","status":"passed","title":"renders nothing when data is empty","duration":5.052200000000084,"failureMessages":[],"meta":{}}],"startTime":1784972547682,"endTime":1784972548099.0522,"status":"passed","message":"","name":"C:/Users/HP-USER/Creditra-Frontend/src/components/Sparkline.test.tsx"},{"assertionResults":[{"ancestorTitles":["StatusBadge"],"fullName":"StatusBadge announces the credit line status and renders a non-color cue","status":"passed","title":"announces the credit line status and renders a non-color cue","duration":269.3162999999986,"failureMessages":[],"meta":{}},{"ancestor
[...]
Last updated:\" prefix","status":"passed","title":"renders tooltip content with \"Last updated:\" prefix","duration":153.57899999999972,"failureMessages":[],"meta":{}},{"ancestorTitles":["CreditLines page"],"fullName":"CreditLines page displays APR, Risk Score, and Opened date for each card","status":"passed","title":"displays APR, Risk Score, and Opened date for each card","duration":252.75400000000081,"failureMessages":[],"meta":{}}],"startTime":1784972240404,"endTime":1784972243363.754,"status":"passed","message":"","name":"C:/Users/HP-USER/Creditra-Frontend/src/pages/__tests__/CreditLines.test.tsx"},{"assertionResults":[{"ancestorTitles":["RepayPage"],"fullName":"RepayPage renders credit line selection when no line is preselected","status":"passed","title":"renders credit line selection when no line is preselected","duration":348.33850000000166,"failureMessages":[],"meta":{}},{"ancestorTitles":["RepayPage"],"fullName":"RepayPage shows available credit lines in selection view","status":"passed","title":"shows available credit lines in selection view","duration":53.00730000000112,"failureMessages":[],"meta":{}},{"ancestorTitles":["RepayPage"],"fullName":"RepayPage navigates to input view when a credit line is selected","status":"passed","title":"navigates to input view when a credit line is selected","duration":1279.822400000001,"failureMessages":[],"meta":{}},{"ancestorTitles":["RepayPage"],"fullName":"RepayPage preselects a credit line when line param is provided","status":"passed","title":"preselects a credit line when line param is provided","duration":966.3558000000012,"failureMessages":[],"meta":{}},{"ancestorTitles":["RepayPage"],"fullName":"RepayPage shows the PayoffProjection component in input view","status":"passed","title":"shows the PayoffProjection component in input view","duration":598.7852000000021,"failureMessages":[],"meta":{}},{"ancestorTitles":["RepayPage"],"fullName":"RepayPage shows current debt amount","status":"passed","title":"shows current debt amount","duration":520.4534999999996,"failureMessages":[],"meta":{}},{"ancestorTitles":["RepayPage"],"fullName":"RepayPage has quick percentage buttons","status":"passed","title":"has quick percentage buttons","duration":1199.4962000000014,"failureMessages":[],"meta":{}},{"ancestorTitles":["RepayPage"],"fullName":"RepayPage Review Repayment button is disabled with no amount","status":"passed","title":"Review Repayment button is disabled with no amount","duration":621.0462000000007,"failureMessages":[],"meta":{}},{"ancestorTitles":["RepayPage"],"fullName":"RepayPage has I need help button","status":"passed","title":"has I need help button","duration":1581.4952999999987,"failureMessages":[],"meta":{}},{"ancestorTitles":["RepayPage"],"fullName":"RepayPage has Cancel button","status":"passed","title":"has Cancel button","duration":1060.1463000000003,"failureMessages":[],"meta":{}},{"ancestorTitles":["RepayPage"],"fullName":"RepayPage renders Smart Pay button when a credit line is selected","status":"passed","title":"renders Smart Pay button when a credit line is selected","duration":2476.0866000000024,"failureMessages":[],"meta":{}},{"ancestorTitles":["RepayPage"],"fullName":"RepayPage Smart Pay button has correct aria-label with suggested amount","status":"passed","title":"Smart Pay button has correct aria-label with suggested amount","duration":2164.2455000000045,"failureMessages":[],"meta":{}},{"ancestorTitles":["RepayPage"],"fullName":"RepayPage clicking Smart Pay fills the amount input with the suggested value","status":"passed","title":"clicking Smart Pay fills the amount input with the suggested value","duration":2719.448199999999,"failureMessages":[],"meta":{}},{"ancestorTitles":["RepayPage"],"fullName":"RepayPage Smart Pay enables Review Repayment when clicked","status":"passed","title":"Smart Pay enables Review Repayment when clicked","duration":2334.2455999999947,"failureMessages":[],"meta":{}}],"startTime":1784971990598,"endTime":1784972008522.2456,"status":"passed","message":"","name":"C:/Users/HP-USER/Creditra-Frontend/src/pages/__tests__/RepayPage.test.tsx"},{"assertionResults":[{"ancestorTitles":["linkedAccounts service","fetchLinkedAccounts"],"fullName":"linkedAccounts service fetchLinkedAccounts should fetch and return linked accounts","status":"passed","title":"should fetch and return linked accounts","duration":20.108499999998457,"failureMessages":[],"meta":{}},{"ancestorTitles":["linkedAccounts service","fetchLinkedAccounts"],"fullName":"linkedAccounts service fetchLinkedAccounts should filter out disconnected accounts","status":"passed","title":"should filter out disconnected accounts","duration":4.70260000000053,"failureMessages":[],"meta":{}},{"ancestorTitles":["linkedAccounts service","fetchLinkedAccounts"],"fullName":"linkedAccounts service fetchLinkedAccounts should handle fetch errors","status":"passed","title":"should handle fetch errors","duration":6.156199999999444,"failureMessages":[],"meta":{}},{"ancestorTitles":["linkedAccounts service","initiateLinkAccount"],"fullName":"linkedAccounts service initiateLinkAccount should initiate OAuth flow for new provider","status":"passed","title":"should initiate OAuth flow for new provider","duration":13.136499999998705,"failureMessages":[],"meta":{}},{"ancestorTitles":["linkedAccounts service","initiateLinkAccount"],"fullName":"linkedAccounts service initiateLinkAccount should reject if provider is already linked","status":"passed","title":"should reject if provider is already linked","duration":4.42529999999897,"failureMessages":[],"meta":{}},{"ancestorTitles":["linkedAccounts service","initiateLinkAccount"],"fullName":"linkedAccounts service initiateLinkAccount should include redirect URL in OAuth URL","status":"passed","title":"should include redirect URL in OAuth URL","duration":9.22059999999874,"failureMessages":[],"meta":{}},{"ancestorTitles":["linkedAccounts service","completeOAuthLink"],"fullName":"linkedAccounts service completeOAuthLink should complete OAuth flow and create linked account","status":"passed","title":"should complete OAuth flow and create linked account","duration":7.129100000000108,"failureMessages":[],"meta":{}},{"ancestorTitles":["linkedAccounts service","completeOAuthLink"],"fullName":"linkedAccounts service completeOAuthLink should reject with invalid state","status":"passed","title":"should reject with invalid state","duration":3.59059999999954,"failureMessages":[],"meta":{}},{"ancestorTitles":["linkedAccounts service","completeOAuthLink"],"fullName":"linkedAccounts service completeOAuthLink should reject with expired state","status":"passed","title":"should reject with expired state","duration":3.9504999999990105,"failureMessages":[],"meta":{}},{"ancestorTitles":["linkedAccounts service","completeOAuthLink"],"fullName":"linkedAccounts service completeOAuthLink should reject with mismatched provider","status":"passed","title":"should reject with mismatched provider","duration":2.2942999999995664,"failureMessages":[],"meta":{}},{"ancestorTitles":["linkedAccounts service","disconnectAccount"],"fullName":"linkedAccounts service disconnectAccount should disconnect an existing account","status":"passed","title":"should disconnect an existing account","duration":3.7096999999994296,"failureMessages":[],"meta":{}},{"ancestorTitles":["linkedAccounts service","disconnectAccount"],"fullName":"linkedAccounts service disconnectAccount should throw error if account not found","status":"passed","title":"should throw error if account not found","duration":1.9161999999996624,"failureMessages":[],"meta":{}},{"ancestorTitles":["linkedAccounts service","reconnectAccount"],"fullName":"linkedAccounts service reconnectAccount should initiate reconnection for existing account","status":"passed","title":"should initiate reconnection for existing account","duration":6.874200000000201,"failureMessages":[],"meta":{}},{"ancestorTitles":["linkedAccounts service","reconnectAccount"],"fullName":"linkedAccounts service reconnectAccount should throw error if account not found","status":"passed","title":"should throw error if account not found","duration":1.8963000000003376,"failureMessages":[],"meta":{}},{"ancestorTitles":["linkedAccounts service","verifyAccount"],"fullName":"linkedAccounts service verifyAccount should verify and update account timestamp","status":"passed","title":"should verify and update account timestamp","duration":3.764600000000428,"failureMessages":[],"meta":{}},{"ancestorTitles":["linkedAccounts service","verifyAccount"],"fullName":"linkedAccounts service verifyAccount should handle verification failure","status":"passed","title":"should handle verification failure","duration":2.665399999999863,"failureMessages":[],"meta":{}},{"ancestorTitles":["linkedAccounts service","verifyAccount"],"fullName":"linkedAccounts service verifyAccount should throw error if account not found","status":"passed","title":"should throw error if account not found","duration":7.188700000000608,"failureMessages":[],"meta":{}},{"ancestorTitles":["linkedAccounts service","PROVIDER_INFO"],"fullName":"linkedAccounts service PROVIDER_INFO should have info for all supported providers","status":"passed","title":"should have info for all supported providers","duration":2.512700000001132,"failureMessages":[],"meta":{}}],"startTime":1784972536915,"endTime":1784972537022.5127,"status":"passed","message":"","name":"C:/Users/HP-USER/Creditra-Frontend/src/services/__tests__/linkedAccounts.test.ts"},{"assertionResults":[{"ancestorTitles":["computePayoffProjection"],"fullName":"computePayoffProjection returns zero months saved when repayAmount is 0","status":"passed","title":"returns zero months saved when repayAmount is 0","duration":6.32970000000023,"failureMessages":[],"meta":{}},{"ancestorTitles":["computePayoffProjection"],"fullName":"computePayoffProjection shows reduced months when a repayment is made","status":"passed","title":"shows reduced months when a repayment is made","duration":1.3623000000006869,"failureMessages":[],"meta":{}},{"ancestorTitles":["computePayoffProjection"],"fullName":"computePayoffProjection marks isFullPayoff when repayAmount >= debt","status":"passed","title":"marks isFullPayoff when repayAmount >= debt","duration":0.7092999999986205,"failureMessages":[],"meta":{}},{"ancestorTitles":["computePayoffProjection"],"fullName":"computePayoffProjection caps at zero for negative repayAmount","status":"passed","title":"caps at zero for negative repayAmount","duration":0.7411000000010972,"failureMessages":[],"meta":{}},{"ancestorTitles":["computePayoffProjection"],"fullName":"computePayoffProjection caps repayAmount at debt value (cannot overpay beyond debt)","status":"passed","title":"caps repayAmount at debt value (cannot overpay beyond debt)","duration":1.0778000000009342,"failureMessages":[],"meta":{}},{"ancestorTitles":["computePayoffProjection"],"fullName":"computePayoffProjection returns utilization percentages correctly","status":"passed","title":"returns utilization percentages correctly","duration":1.2944000000006781,"failureMessages":[],"meta":{}},{"ancestorTitles":["computePayoffProjection"],"fullName":"computePayoffProjection returns zero utilization when limit is 0","status":"passed","title":"returns zero utilization when limit is 0","duration":1.133800000001429,"failureMessages":[],"meta":{}},{"ancestorTitles":["computePayoffProjection"],"fullName":"computePayoffProjection handles zero APR correctly","status":"passed","title":"handles zero APR correctly","duration":1.0939999999991414,"failureMessages":[],"meta":{}},{"ancestorTitles":["computePayoffProjection"],"fullName":"computePayoffProjection handles very small debt","status":"passed","title":"handles very small debt","duration":2.2543000000005122,"failureMessages":[],"meta":{}},{"ancestorTitles":["computePayoffProjection"],"fullName":"computePayoffProjection handles zero debt","status":"passed","title":"handles zero debt","duration":1.6001999999989494,"failureMessages":[],"meta":{}},{"ancestorTitles":["computePayoffProjection"],"fullName":"computePayoffProjection does not return negative monthsSaved when debt cannot be paid","status":"passed","title":"does not return negative monthsSaved when debt cannot be paid","duration":1.0439000000005763,"failureMessages":[],"meta":{}},{"ancestorTitles":["computeDefaultMonthlyPayment"],"fullName":"computeDefaultMonthlyPayment uses nextPaymentAmount when provided","status":"passed","title":"uses nextPaymentAmount when provided","duration":0.5447999999996682,"failureMessages":[],"meta":{}},{"ancestorTitles":["computeDefaultMonthlyPayment"],"fullName":"computeDefaultMonthlyPayment falls back to fraction-based when no nextPaymentAmount","status":"passed","title":"falls back to fraction-based when no nextPaymentAmount","duration":0.36969999999928405,"failureMessages":[],"meta":{}},{"ancestorTitles":["computeDefaultMonthlyPayment"],"fullName":"computeDefaultMonthlyPayment returns 0 for zero debt","status":"passed","title":"returns 0 for zero debt","duration":0.32030000000122527,"failureMessages":[],"meta":{}},{"ancestorTitles":["computeDefaultMonthlyPayment"],"fullName":"computeDefaultMonthlyPayment returns 0 for zero debt with nextPaymentAmount","status":"passed","title":"returns 0 for zero debt with nextPaymentAmount","duration":0.3085000000010041,"failureMessages":[],"meta":{}},{"ancestorTitles":["formatMonths"],"fullName":"formatMonths formats 0 as \"Paid off\"","status":"passed","title":"formats 0 as \"Paid off\"","duration":0.4996999999984837,"failureMessages":[],"meta":{}},{"ancestorTitles":["formatMonths"],"fullName":"formatMonths formats months-only values","status":"passed","title":"formats months-only values","duration":0.37149999999928696,"failureMessages":[],"meta":{}},{"ancestorTitles":["formatMonths"],"fullName":"formatMonths formats exact years","status":"passed","title":"formats exact years","duration":0.38659999999981665,"failureMessages":[],"meta":{}},{"ancestorTitles":["formatMonths"],"fullName":"formatMonths formats years and months","status":"passed","title":"formats years and months","duration":0.38110000000051514,"failureMessages":[],"meta":{}},{"ancestorTitles":["formatMonths"],"fullName":"formatMonths returns \"10+ years\" for 360+ months","status":"passed","title":"returns \"10+ years\" for 360+ months","duration":0.33920000000034634,"failureMessages":[],"meta":{}},{"ancestorTitles":["formatPayoffDate"],"fullName":"formatPayoffDate returns \"Now\" for full payoff or 0 months","status":"passed","title":"returns \"Now\" for full payoff or 0 months","duration":0.5804000000007363,"failureMessages":[],"meta":{}},{"ancestorTitles":["formatPayoffDate"],"fullName":"formatPayoffDate returns future date string","status":"passed","title":"returns future date string","duration":104.85080000000016,"failureMessages":[],"meta":{}},{"ancestorTitles":["formatPayoffDate"],"fullName":"formatPayoffDate returns \"10+ years\" for 360+ months","status":"passed","title":"returns \"10+ years\" for 360+ months","duration":0.6324000000004162,"failureMessages":[],"meta":{}}],"startTime":1784972575741,"endTime":1784972575875.6323,"status":"passed","message":"","name":"C:/Users/HP-USER/Creditra-Frontend/src/utils/__tests__/payoffProjection.test.ts"},{"assertionResults":[{"ancestorTitles":["suggestRepayAmount"],"fullName":"suggestRepayAmount returns 0 when totalDue is 0","status":"passed","title":"returns 0 when totalDue is 0","duration":5.686999999999898,"failureMessages":[],"meta":{}},{"ancestorTitles":["suggestRepayAmount"],"fullName":"suggestRepayAmount returns 0 when walletBalance is 0","status":"passed","title":"returns 0 when walletBalance is 0","duration":1.292299999999159,"failureMessages":[],"meta":{}},{"ancestorTitles":["suggestRepayAmount"],"fullName":"suggestRepayAmount returns 0 when totalDue is 0 and walletBalance is 0","status":"passed","title":"returns 0 when totalDue is 0 and walletBalance is 0","duration":3.177300000001196,"failureMessages":[],"meta":{}},{"ancestorTitles":["suggestRepayAmount"],"fullName":"suggestRepayAmount suggests enough to bring utilization to 50% when above 50%","status":"passed","title":"suggests enough to bring utilization to 50% when above 50%","duration":0.7857999999996537,"failureMessages":[],"meta":{}},{"ancestorTitles":["suggestRepayAmount"],"fullName":"suggestRepayAmount does not exceed wallet balance minus reserve","status":"passed","title":"does not exceed wallet balance minus reserve","duration":0.8633000000008906,"failureMessages":[],"meta":{}},{"ancestorTitles":["suggestRepayAmount"],"fullName":"suggestRepayAmount never exceeds totalDue","status":"passed","title":"never exceeds totalDue","duration":0.7111999999997352,"failureMessages":[],"meta":{}},{"ancestorTitles":["suggestRepayAmount"],"fullName":"suggestRepayAmount never exceeds walletBalance minus reserve","status":"passed","title":"never exceeds walletBalance minus reserve","duration":0.6028999999998632,"failureMessages":[],"meta":{}},{"ancestorTitles":["suggestRepayAmount"],"fullName":"suggestRepayAmount returns at least 1 when there is debt and wallet balance","status":"passed","title":"returns at least 1 when there is debt and wallet balance","duration":0.706000000000131,"failureMessages":[],"meta":{}},{"ancestorTitles":["suggestRepayAmount"],"fullName":"suggestRepayAmount uses nextPaymentAmount when utilization is at or below 50%","status":"passed","title":"uses nextPaymentAmount when utilization is at or below 50%","duration":0.602999999999156,"failureMessages":[],"meta":{}},{"ancestorTitles":["suggestRepayAmount"],"fullName":"suggestRepayAmount returns monthly interest as floor when no nextPaymentAmount and utilization <= 50%","status":"passed","title":"returns monthly interest as floor when no nextPaymentAmount and utilization <= 50%","duration":0.6984000000011292,"failureMessages":[],"meta":{}},{"ancestorTitles":["suggestRepayAmount"],"fullName":"suggestRepayAmount handles high APR correctly","status":"passed","title":"handles high APR correctly","duration":0.8634000000001834,"failureMessages":[],"meta":{}},{"ancestorTitles":["suggestRepayAmount"],"fullName":"suggestRepayAmount returns suggested amount as a number with max 2 decimal places","status":"passed","title":"returns suggested amount as a number with max 2 decimal places","duration":0.598599999999351,"failureMessages":[],"meta":{}},{"ancestorTitles":["suggestRepayAmount"],"fullName":"suggestRepayAmount prefers target-util amount over nextPaymentAmount when utilization > 50%","status":"passed","title":"prefers target-util amount over nextPaymentAmount when utilization > 50%","duration":0.5563000000001921,"failureMessages":[],"meta":{}},{"ancestorTitles":["suggestRepayAmount"],"fullName":"suggestRepayAmount rounds the result to 2 decimal places","status":"passed","title":"rounds the result to 2 decimal places","duration":0.5789000000004307,"failureMessages":[],"meta":{}}],"startTime":1784972625218,"endTime":1784972625236.5789,"status":"passed","message":"","name":"C:/Users/HP-USER/Creditra-Frontend/src/utils/__tests__/suggestRepay.test.ts"},{"assertionResults":[{"ancestorTitles":["ExportAccountSettings Component Suite"],"fullName":"ExportAccountSettings Component Suite should render headers and download interaction buttons correctly","status":"passed","title":"should render headers and download interaction buttons correctly","duration":139.37970000000132,"failureMessages":[],"meta":{}},{"ancestorTitles":["ExportAccountSettings Component Suite"],"fullName":"ExportAccountSettings Component Suite should trigger JSON formatting flow download pipeline cleanly when clicked","status":"passed","title":"should trigger JSON formatting flow download pipeline cleanly when clicked","duration":139.8155000000006,"failureMessages":[],"meta":{}}],"startTime":1784972562306,"endTime":1784972562585.8154,"status":"passed","message":"","name":"C:/Users/HP-USER/Creditra-Frontend/src/pages/settings/__tests__/Export.test.tsx"}]}